[ 2017-08-24T13:52:37+08:00 ] ::1 /web/index.php/Home/news/index.html
ERR: 模板不存在:./App/Home/View/News/index.html

[ 2017-08-24T13:53:11+08:00 ] ::1 /web/index.php/Home/news/index.html
ERR: 模板不存在:./App/Home/View/News/index.html

[ 2017-08-24T13:53:13+08:00 ] ::1 /web/index.php/Home/news/index.html
ERR: 模板不存在:./App/Home/View/News/index.html

[ 2017-08-24T13:54:46+08:00 ] ::1 /web/index.php/Home/news/index.html
ERR: 模板不存在:./App/Home/View/News/index.html

[ 2017-08-24T13:56:27+08:00 ] ::1 /web/index.php/Home/news/index.html
ERR: 模板不存在:./App/Home/View/News/index.html

[ 2017-08-24T13:58:22+08:00 ] ::1 /web/index.php/Home/News/index.html
ERR: 模板不存在:./App/Home/View/News/index.html

[ 2017-08-24T14:00:09+08:00 ] ::1 /web/index.php/Home/News/index.html
ERR: 模板不存在:./App/Home/View/News/index.html

[ 2017-08-24T14:01:11+08:00 ] ::1 /web/index.php/Home/News/index.html
ERR: 模板不存在:./App/Home/View/News/index.html

[ 2017-08-24T14:08:52+08:00 ] ::1 /web/index.php/Home/News/index.html
ERR: 无法加载控制器:News

[ 2017-08-24T14:08:53+08:00 ] ::1 /web/index.php/Home/News/index.html
ERR: 无法加载控制器:News

[ 2017-08-24T14:09:15+08:00 ] ::1 /web/index.php/Home/News/index.html
ERR: 无法加载控制器:News

[ 2017-08-24T14:09:16+08:00 ] ::1 /web/index.php/Home/News/index.html
ERR: 无法加载控制器:News

[ 2017-08-24T14:09:17+08:00 ] ::1 /web/index.php/Home/News/index.html
ERR: 无法加载控制器:News

[ 2017-08-24T14:09:26+08:00 ] ::1 /web/index.php/Home/Info/index.html
ERR: 模板不存在:./App/Home/View/Info/index.html

[ 2017-08-24T14:10:45+08:00 ] ::1 /web/index.php/Home/Info/index.html
ERR: 模板不存在:./App/Home/View/Info/index.html

[ 2017-08-24T14:10:53+08:00 ] ::1 /web/index.php/Home/Info/index.html
ERR: 模板不存在:./App/Home/View/Info/index.html

[ 2017-08-24T14:11:37+08:00 ] ::1 /web/index.php/Home/Info/index.html
ERR: 模板不存在:./App/Home/View/Info/index.html

[ 2017-08-24T14:11:42+08:00 ] ::1 /web/index.php/Home/Info/index.html
ERR: 模板不存在:./App/Home/View/Info/index.html

[ 2017-08-24T14:12:29+08:00 ] ::1 /web/index.php/Home/windows/Info/index.html
ERR: 无法加载控制器:Windows

[ 2017-08-24T14:12:52+08:00 ] ::1 /web/index.php/Home/windows/Info/index.html
ERR: 无法加载控制器:Windows

[ 2017-08-24T14:12:52+08:00 ] ::1 /web/index.php/Home/windows/Info/index.html
ERR: 无法加载控制器:Windows

[ 2017-08-24T14:12:53+08:00 ] ::1 /web/index.php/Home/windows/Info/index.html
ERR: 无法加载控制器:Windows

[ 2017-08-24T14:13:36+08:00 ] ::1 /web/index.php/Home/windows/Info/index.html
ERR: 无法加载控制器:Windows

[ 2017-08-24T14:13:37+08:00 ] ::1 /web/index.php/Home/windows/Info/index.html
ERR: 无法加载控制器:Windows

[ 2017-08-24T14:13:38+08:00 ] ::1 /web/index.php/Home/windows/Info/index.html
ERR: 无法加载控制器:Windows

[ 2017-08-24T14:14:04+08:00 ] ::1 /web/index.php/Home/windows/Info/index.html
ERR: 无法加载控制器:Windows

[ 2017-08-24T14:14:27+08:00 ] ::1 /web/index.php/Home/Info/index.html
ERR: 无法加载控制器:Info

[ 2017-08-24T17:04:00+08:00 ] ::1 /web/index.php/Home/News/list/id/1.html
ERR: 非法操作:list

