[ 2017-04-12T07:48:18+08:00 ] ::1 /htdocs/index.php/Manage/Login/check_code.html?code=bela
INFO: [ app_begin ] --START--
INFO: Run Behavior\ReadHtmlCacheBehavior [ RunTime:0.001000s ]
INFO: [ app_begin ] --END-- [ RunTime:0.002000s ]

[ 2017-04-12T07:48:26+08:00 ] ::1 /htdocs/index.php/Manage/Index/menu.html
INFO: [ app_begin ] --START--
INFO: Run Behavior\ReadHtmlCacheBehavior [ RunTime:0.000000s ]
INFO: [ app_begin ] --END-- [ RunTime:0.000000s ]
SQL: SELECT * FROM db_privilege [ RunTime:0.0190s ]
INFO: [ view_parse ] --START--
INFO: [ template_filter ] --START--
INFO: Run Behavior\ContentReplaceBehavior [ RunTime:0.000000s ]
INFO: [ template_filter ] --END-- [ RunTime:0.000000s ]
INFO: Run Behavior\ParseTemplateBehavior [ RunTime:0.022000s ]
INFO: [ view_parse ] --END-- [ RunTime:0.022000s ]
INFO: [ view_filter ] --START--
INFO: Run Behavior\WriteHtmlCacheBehavior [ RunTime:0.001000s ]
INFO: [ view_filter ] --END-- [ RunTime:0.001000s ]
INFO: [ app_end ] --START--
INFO: Run Behavior\ShowPageTraceBehavior [ RunTime:0.002000s ]
INFO: [ app_end ] --END-- [ RunTime:0.002000s ]

[ 2017-04-12T07:57:12+08:00 ] ::1 /htdocs/index.php/Manage/Role/index.html
NOTIC: D方法实例化没找到模型类manage\Model\RoleModel

[ 2017-04-12T08:12:21+08:00 ] ::1 /htdocs/index.php/Manage/Role/index.html
NOTIC: D方法实例化没找到模型类manage\Model\RoleModel

[ 2017-04-12T09:05:59+08:00 ] ::1 /htdocs/index.php/Manage/Role/index.html
NOTIC: D方法实例化没找到模型类manage\Model\RoleModel

[ 2017-04-12T09:09:56+08:00 ] ::1 /htdocs/index.php/Manage/Role/index.html
NOTIC: D方法实例化没找到模型类manage\Model\RoleModel

[ 2017-04-12T09:10:09+08:00 ] ::1 /htdocs/index.php/Manage/Role/index.html
NOTIC: D方法实例化没找到模型类manage\Model\RoleModel

[ 2017-04-12T09:11:13+08:00 ] ::1 /htdocs/index.php/Manage/Role/index.html
NOTIC: D方法实例化没找到模型类manage\Model\RoleModel

[ 2017-04-12T09:14:14+08:00 ] ::1 /htdocs/index.php/Manage/Role/index.html
NOTIC: D方法实例化没找到模型类manage\Model\RoleModel

[ 2017-04-12T09:14:53+08:00 ] ::1 /htdocs/index.php/Manage/Role/index.html
NOTIC: D方法实例化没找到模型类manage\Model\RoleModel

[ 2017-04-12T09:16:00+08:00 ] ::1 /htdocs/index.php/Manage/Role/index.html
NOTIC: D方法实例化没找到模型类manage\Model\RoleModel

[ 2017-04-12T09:16:10+08:00 ] ::1 /htdocs/index.php/Manage/Role/index.html
NOTIC: D方法实例化没找到模型类manage\Model\RoleModel

[ 2017-04-12T09:16:23+08:00 ] ::1 /htdocs/index.php/Manage/Role/addRole.html
NOTIC: D方法实例化没找到模型类manage\Model\RoleModel
ERR: SQLSTATE[23000]: Integrity constraint violation: 1062 Duplicate entry '19' for key 'PRIMARY'

[ 2017-04-12T09:23:49+08:00 ] ::1 /htdocs/index.php/Manage/Role/index.html
NOTIC: D方法实例化没找到模型类manage\Model\RoleModel

[ 2017-04-12T09:24:02+08:00 ] ::1 /htdocs/index.php/Manage/Role/addRole.html
NOTIC: D方法实例化没找到模型类manage\Model\RoleModel

[ 2017-04-12T09:24:04+08:00 ] ::1 /htdocs/index.php/Manage/Role/index.html
NOTIC: D方法实例化没找到模型类manage\Model\RoleModel

[ 2017-04-12T09:24:34+08:00 ] ::1 /htdocs/index.php/Manage/Role/addRole.html
NOTIC: D方法实例化没找到模型类manage\Model\RoleModel
ERR: SQLSTATE[23000]: Integrity constraint violation: 1062 Duplicate entry '20' for key 'PRIMARY'

[ 2017-04-12T09:26:55+08:00 ] ::1 /htdocs/index.php/Manage/Role/index.html
NOTIC: D方法实例化没找到模型类manage\Model\RoleModel

[ 2017-04-12T09:27:25+08:00 ] ::1 /htdocs/index.php/Manage/Role/index.html
NOTIC: D方法实例化没找到模型类manage\Model\RoleModel

[ 2017-04-12T09:27:31+08:00 ] ::1 /htdocs/index.php/Manage/Role/addRole.html
NOTIC: D方法实例化没找到模型类manage\Model\RoleModel
ERR: SQLSTATE[23000]: Integrity constraint violation: 1062 Duplicate entry '20' for key 'PRIMARY'

[ 2017-04-12T09:28:25+08:00 ] ::1 /htdocs/index.php/Manage/Role/index.html
NOTIC: D方法实例化没找到模型类manage\Model\RoleModel

[ 2017-04-12T09:28:58+08:00 ] ::1 /htdocs/index.php/Manage/Role/addRole.html
NOTIC: D方法实例化没找到模型类manage\Model\RoleModel
ERR: SQLSTATE[23000]: Integrity constraint violation: 1062 Duplicate entry '20' for key 'PRIMARY'

[ 2017-04-12T09:35:12+08:00 ] ::1 /htdocs/index.php/Manage/Role/index.html
NOTIC: D方法实例化没找到模型类manage\Model\RoleModel

[ 2017-04-12T09:35:18+08:00 ] ::1 /htdocs/index.php/Manage/Role/addRole.html
NOTIC: D方法实例化没找到模型类manage\Model\RoleModel
ERR: SQLSTATE[23000]: Integrity constraint violation: 1062 Duplicate entry '20' for key 'PRIMARY'

[ 2017-04-12T09:35:52+08:00 ] ::1 /htdocs/index.php/Manage/Role/index.html
NOTIC: D方法实例化没找到模型类manage\Model\RoleModel

[ 2017-04-12T09:36:16+08:00 ] ::1 /htdocs/index.php/Manage/Role/index.html
NOTIC: D方法实例化没找到模型类manage\Model\RoleModel

[ 2017-04-12T09:38:54+08:00 ] ::1 /htdocs/index.php/Manage/Role/addRole.html
NOTIC: D方法实例化没找到模型类manage\Model\RoleModel
ERR: SQLSTATE[23000]: Integrity constraint violation: 1062 Duplicate entry '20' for key 'PRIMARY'

[ 2017-04-12T09:42:31+08:00 ] ::1 /htdocs/index.php/Manage/Role/index.html
NOTIC: D方法实例化没找到模型类manage\Model\RoleModel

[ 2017-04-12T09:42:48+08:00 ] ::1 /htdocs/index.php/Manage/Role/addRole.html
NOTIC: D方法实例化没找到模型类manage\Model\RoleModel

[ 2017-04-12T09:42:50+08:00 ] ::1 /htdocs/index.php/Manage/Role/index.html
NOTIC: D方法实例化没找到模型类manage\Model\RoleModel

[ 2017-04-12T09:47:21+08:00 ] ::1 /htdocs/index.php/Manage/Role/index.html
NOTIC: D方法实例化没找到模型类manage\Model\RoleModel

[ 2017-04-12T09:47:31+08:00 ] ::1 /htdocs/index.php/Manage/Role/addRole.html
NOTIC: D方法实例化没找到模型类manage\Model\RoleModel
ERR: SQLSTATE[23000]: Integrity constraint violation: 1062 Duplicate entry '21' for key 'PRIMARY'

[ 2017-04-12T09:47:50+08:00 ] ::1 /htdocs/index.php/Manage/Role/index.html
NOTIC: D方法实例化没找到模型类manage\Model\RoleModel

[ 2017-04-12T09:48:00+08:00 ] ::1 /htdocs/index.php/Manage/Role/addRole.html
NOTIC: D方法实例化没找到模型类manage\Model\RoleModel
ERR: SQLSTATE[23000]: Integrity constraint violation: 1062 Duplicate entry '21' for key 'PRIMARY'

[ 2017-04-12T09:50:11+08:00 ] ::1 /htdocs/index.php/Manage/Role/index.html
NOTIC: D方法实例化没找到模型类manage\Model\RoleModel

[ 2017-04-12T09:50:16+08:00 ] ::1 /htdocs/index.php/Manage/Role/index.html
NOTIC: D方法实例化没找到模型类manage\Model\RoleModel

[ 2017-04-12T09:50:40+08:00 ] ::1 /htdocs/index.php/Manage/Role/index.html
NOTIC: D方法实例化没找到模型类manage\Model\RoleModel

[ 2017-04-12T09:51:24+08:00 ] ::1 /htdocs/index.php/Manage/Role/index.html
NOTIC: D方法实例化没找到模型类manage\Model\RoleModel

[ 2017-04-12T09:52:20+08:00 ] ::1 /htdocs/index.php/Manage/Role/index.html
NOTIC: D方法实例化没找到模型类manage\Model\RoleModel

[ 2017-04-12T09:54:49+08:00 ] ::1 /htdocs/index.php/Manage/Role/index.html
NOTIC: D方法实例化没找到模型类manage\Model\RoleModel

[ 2017-04-12T09:55:09+08:00 ] ::1 /htdocs/index.php/Manage/Role/index.html
NOTIC: D方法实例化没找到模型类manage\Model\RoleModel

[ 2017-04-12T09:56:04+08:00 ] ::1 /htdocs/index.php/Manage/Role/index.html
NOTIC: D方法实例化没找到模型类manage\Model\RoleModel

[ 2017-04-12T09:56:21+08:00 ] ::1 /htdocs/index.php/Manage/Role/addRole.html
NOTIC: D方法实例化没找到模型类manage\Model\RoleModel
ERR: SQLSTATE[23000]: Integrity constraint violation: 1062 Duplicate entry '21' for key 'PRIMARY'

[ 2017-04-12T09:57:01+08:00 ] ::1 /htdocs/index.php/Manage/Role/index.html
NOTIC: D方法实例化没找到模型类manage\Model\RoleModel

[ 2017-04-12T09:57:18+08:00 ] ::1 /htdocs/index.php/Manage/Role/addRole.html
NOTIC: D方法实例化没找到模型类manage\Model\RoleModel
ERR: SQLSTATE[23000]: Integrity constraint violation: 1062 Duplicate entry '21' for key 'PRIMARY'

[ 2017-04-12T09:58:10+08:00 ] ::1 /htdocs/index.php/Manage/Role/index.html
NOTIC: D方法实例化没找到模型类manage\Model\RoleModel

[ 2017-04-12T09:59:34+08:00 ] ::1 /htdocs/index.php/Manage/Role/index.html
NOTIC: D方法实例化没找到模型类manage\Model\RoleModel

[ 2017-04-12T09:59:46+08:00 ] ::1 /htdocs/index.php/Manage/Role/addRole.html
NOTIC: D方法实例化没找到模型类manage\Model\RoleModel
ERR: SQLSTATE[23000]: Integrity constraint violation: 1062 Duplicate entry '21' for key 'PRIMARY'

[ 2017-04-12T10:01:27+08:00 ] ::1 /htdocs/index.php/Manage/Role/index.html
NOTIC: D方法实例化没找到模型类manage\Model\RoleModel

[ 2017-04-12T10:01:35+08:00 ] ::1 /htdocs/index.php/Manage/Role/addRole.html
NOTIC: D方法实例化没找到模型类manage\Model\RoleModel
ERR: SQLSTATE[23000]: Integrity constraint violation: 1062 Duplicate entry '21' for key 'PRIMARY'

[ 2017-04-12T10:02:19+08:00 ] ::1 /htdocs/index.php/Manage/Role/index.html
NOTIC: D方法实例化没找到模型类manage\Model\RoleModel

[ 2017-04-12T10:02:45+08:00 ] ::1 /htdocs/index.php/Manage/Role/index.html
NOTIC: D方法实例化没找到模型类manage\Model\RoleModel

[ 2017-04-12T10:05:20+08:00 ] ::1 /htdocs/index.php/Manage/Role/index.html
NOTIC: D方法实例化没找到模型类manage\Model\RoleModel

[ 2017-04-12T10:08:48+08:00 ] ::1 /htdocs/index.php/Manage/Role/index.html
NOTIC: D方法实例化没找到模型类manage\Model\RoleModel

[ 2017-04-12T10:09:05+08:00 ] ::1 /htdocs/index.php/Manage/Role/index.html
NOTIC: D方法实例化没找到模型类manage\Model\RoleModel

[ 2017-04-12T10:10:54+08:00 ] ::1 /htdocs/index.php/Manage/Role/index.html
NOTIC: D方法实例化没找到模型类manage\Model\RoleModel

[ 2017-04-12T10:18:12+08:00 ] ::1 /htdocs/index.php/Manage/Role/index.html
NOTIC: D方法实例化没找到模型类manage\Model\RoleModel

[ 2017-04-12T10:19:12+08:00 ] ::1 /htdocs/index.php/Manage/Role/index.html
NOTIC: D方法实例化没找到模型类manage\Model\RoleModel

[ 2017-04-12T10:19:29+08:00 ] ::1 /htdocs/index.php/Manage/Role/addRole.html
NOTIC: D方法实例化没找到模型类manage\Model\RoleModel

[ 2017-04-12T10:19:31+08:00 ] ::1 /htdocs/index.php/Manage/Role/index.html
NOTIC: D方法实例化没找到模型类manage\Model\RoleModel

[ 2017-04-12T10:19:41+08:00 ] ::1 /htdocs/index.php/Manage/Role/addRole.html
NOTIC: D方法实例化没找到模型类manage\Model\RoleModel
ERR: SQLSTATE[23000]: Integrity constraint violation: 1062 Duplicate entry '22' for key 'PRIMARY'

[ 2017-04-12T10:20:28+08:00 ] ::1 /htdocs/index.php/Manage/Role/index.html
NOTIC: D方法实例化没找到模型类manage\Model\RoleModel

[ 2017-04-12T10:20:32+08:00 ] ::1 /htdocs/index.php/Manage/Role/index.html
NOTIC: D方法实例化没找到模型类manage\Model\RoleModel

[ 2017-04-12T10:21:41+08:00 ] ::1 /htdocs/index.php/Manage/Role/index.html
NOTIC: D方法实例化没找到模型类manage\Model\RoleModel

[ 2017-04-12T10:22:05+08:00 ] ::1 /htdocs/index.php/Manage/Role/index.html
NOTIC: D方法实例化没找到模型类manage\Model\RoleModel

[ 2017-04-12T10:22:12+08:00 ] ::1 /htdocs/index.php/Manage/Role/addRole.html
NOTIC: D方法实例化没找到模型类manage\Model\RoleModel
ERR: SQLSTATE[23000]: Integrity constraint violation: 1062 Duplicate entry '22' for key 'PRIMARY'

[ 2017-04-12T10:41:50+08:00 ] ::1 /htdocs/index.php/Manage/Role/index.html
NOTIC: D方法实例化没找到模型类manage\Model\RoleModel

[ 2017-04-12T10:41:59+08:00 ] ::1 /htdocs/index.php/Manage/Role/addRole.html
NOTIC: D方法实例化没找到模型类manage\Model\RoleModel
ERR: SQLSTATE[23000]: Integrity constraint violation: 1062 Duplicate entry '22' for key 'PRIMARY'

[ 2017-04-12T10:43:11+08:00 ] ::1 /htdocs/index.php/Manage/Role/index.html
NOTIC: D方法实例化没找到模型类manage\Model\RoleModel

[ 2017-04-12T10:43:42+08:00 ] ::1 /htdocs/index.php/Manage/Role/index.html
NOTIC: D方法实例化没找到模型类manage\Model\RoleModel

[ 2017-04-12T10:43:51+08:00 ] ::1 /htdocs/index.php/Manage/Role/addRole.html
NOTIC: D方法实例化没找到模型类manage\Model\RoleModel
ERR: SQLSTATE[23000]: Integrity constraint violation: 1062 Duplicate entry '22' for key 'PRIMARY'

[ 2017-04-12T10:44:52+08:00 ] ::1 /htdocs/index.php/Manage/Role/index.html
NOTIC: D方法实例化没找到模型类manage\Model\RoleModel

[ 2017-04-12T10:45:34+08:00 ] ::1 /htdocs/index.php/Manage/Role/addRole.html
NOTIC: D方法实例化没找到模型类manage\Model\RoleModel
ERR: SQLSTATE[23000]: Integrity constraint violation: 1062 Duplicate entry '22' for key 'PRIMARY'

[ 2017-04-12T10:46:05+08:00 ] ::1 /htdocs/index.php/Manage/Role/index.html
NOTIC: D方法实例化没找到模型类manage\Model\RoleModel

[ 2017-04-12T10:46:13+08:00 ] ::1 /htdocs/index.php/Manage/Role/addRole.html
NOTIC: D方法实例化没找到模型类manage\Model\RoleModel
ERR: SQLSTATE[23000]: Integrity constraint violation: 1062 Duplicate entry '22' for key 'PRIMARY'

[ 2017-04-12T10:47:08+08:00 ] ::1 /htdocs/index.php/Manage/Role/index.html
NOTIC: D方法实例化没找到模型类manage\Model\RoleModel

[ 2017-04-12T10:47:15+08:00 ] ::1 /htdocs/index.php/Manage/Role/edit.html
NOTIC: D方法实例化没找到模型类manage\Model\RoleModel

[ 2017-04-12T10:47:17+08:00 ] ::1 /htdocs/index.php/Manage/Role/index.html
NOTIC: D方法实例化没找到模型类manage\Model\RoleModel

[ 2017-04-12T10:50:00+08:00 ] ::1 /htdocs/index.php/Manage/Role/index.html
NOTIC: D方法实例化没找到模型类manage\Model\RoleModel

[ 2017-04-12T10:50:13+08:00 ] ::1 /htdocs/index.php/Manage/Role/edit.html
NOTIC: D方法实例化没找到模型类manage\Model\RoleModel

[ 2017-04-12T10:50:15+08:00 ] ::1 /htdocs/index.php/Manage/Role/index.html
NOTIC: D方法实例化没找到模型类manage\Model\RoleModel

[ 2017-04-12T10:51:40+08:00 ] ::1 /htdocs/index.php/Manage/Role/index.html
NOTIC: D方法实例化没找到模型类manage\Model\RoleModel

[ 2017-04-12T10:51:49+08:00 ] ::1 /htdocs/index.php/Manage/Role/edit.html
NOTIC: D方法实例化没找到模型类manage\Model\RoleModel

[ 2017-04-12T10:52:43+08:00 ] ::1 /htdocs/index.php/Manage/Role/index.html
NOTIC: D方法实例化没找到模型类manage\Model\RoleModel

[ 2017-04-12T10:52:55+08:00 ] ::1 /htdocs/index.php/Manage/Role/edit.html
NOTIC: D方法实例化没找到模型类manage\Model\RoleModel

[ 2017-04-12T10:53:18+08:00 ] ::1 /htdocs/index.php/Manage/Role/index.html
NOTIC: D方法实例化没找到模型类manage\Model\RoleModel

[ 2017-04-12T10:53:26+08:00 ] ::1 /htdocs/index.php/Manage/Role/edit.html
NOTIC: D方法实例化没找到模型类manage\Model\RoleModel

[ 2017-04-12T10:53:55+08:00 ] ::1 /htdocs/index.php/Manage/Role/index.html
NOTIC: D方法实例化没找到模型类manage\Model\RoleModel

[ 2017-04-12T10:54:02+08:00 ] ::1 /htdocs/index.php/Manage/Role/edit.html
NOTIC: D方法实例化没找到模型类manage\Model\RoleModel

[ 2017-04-12T10:55:59+08:00 ] ::1 /htdocs/index.php/Manage/Role/index.html
NOTIC: D方法实例化没找到模型类manage\Model\RoleModel

[ 2017-04-12T10:56:09+08:00 ] ::1 /htdocs/index.php/Manage/Role/edit.html
NOTIC: D方法实例化没找到模型类manage\Model\RoleModel

[ 2017-04-12T10:56:43+08:00 ] ::1 /htdocs/index.php/Manage/Role/index.html
NOTIC: D方法实例化没找到模型类manage\Model\RoleModel

[ 2017-04-12T10:56:51+08:00 ] ::1 /htdocs/index.php/Manage/Role/edit.html
NOTIC: D方法实例化没找到模型类manage\Model\RoleModel

[ 2017-04-12T10:59:53+08:00 ] ::1 /htdocs/index.php/Manage/Role/index.html
NOTIC: D方法实例化没找到模型类manage\Model\RoleModel

[ 2017-04-12T11:00:00+08:00 ] ::1 /htdocs/index.php/Manage/Role/edit.html
NOTIC: D方法实例化没找到模型类manage\Model\RoleModel

[ 2017-04-12T11:00:26+08:00 ] ::1 /htdocs/index.php/Manage/Role/index.html
NOTIC: D方法实例化没找到模型类manage\Model\RoleModel

[ 2017-04-12T11:00:38+08:00 ] ::1 /htdocs/index.php/Manage/Role/addRole.html
NOTIC: D方法实例化没找到模型类manage\Model\RoleModel

[ 2017-04-12T11:00:40+08:00 ] ::1 /htdocs/index.php/Manage/Role/index.html
NOTIC: D方法实例化没找到模型类manage\Model\RoleModel

[ 2017-04-12T11:00:54+08:00 ] ::1 /htdocs/index.php/Manage/Role/edit.html
NOTIC: D方法实例化没找到模型类manage\Model\RoleModel

[ 2017-04-12T11:02:11+08:00 ] ::1 /htdocs/index.php/Manage/Role/index.html
NOTIC: D方法实例化没找到模型类manage\Model\RoleModel

[ 2017-04-12T11:02:20+08:00 ] ::1 /htdocs/index.php/Manage/Role/edit.html
NOTIC: D方法实例化没找到模型类manage\Model\RoleModel

[ 2017-04-12T11:02:34+08:00 ] ::1 /htdocs/index.php/Manage/Role/index.html
NOTIC: D方法实例化没找到模型类manage\Model\RoleModel

[ 2017-04-12T11:03:21+08:00 ] ::1 /htdocs/index.php/Manage/Role/edit.html
NOTIC: D方法实例化没找到模型类manage\Model\RoleModel

[ 2017-04-12T11:04:16+08:00 ] ::1 /htdocs/index.php/Manage/Role/index.html
NOTIC: D方法实例化没找到模型类manage\Model\RoleModel

[ 2017-04-12T11:04:26+08:00 ] ::1 /htdocs/index.php/Manage/Role/edit.html
NOTIC: D方法实例化没找到模型类manage\Model\RoleModel

[ 2017-04-12T11:05:15+08:00 ] ::1 /htdocs/index.php/Manage/Role/index.html
NOTIC: D方法实例化没找到模型类manage\Model\RoleModel

[ 2017-04-12T11:05:28+08:00 ] ::1 /htdocs/index.php/Manage/Role/edit.html
NOTIC: D方法实例化没找到模型类manage\Model\RoleModel

[ 2017-04-12T11:05:38+08:00 ] ::1 /htdocs/index.php/Manage/Role/index.html
NOTIC: D方法实例化没找到模型类manage\Model\RoleModel

[ 2017-04-12T11:07:05+08:00 ] ::1 /htdocs/index.php/Manage/Role/index.html
NOTIC: D方法实例化没找到模型类manage\Model\RoleModel

[ 2017-04-12T11:07:16+08:00 ] ::1 /htdocs/index.php/Manage/Role/edit.html
NOTIC: D方法实例化没找到模型类manage\Model\RoleModel

[ 2017-04-12T11:08:29+08:00 ] ::1 /htdocs/index.php/Manage/Role/index.html
NOTIC: D方法实例化没找到模型类manage\Model\RoleModel

[ 2017-04-12T11:08:37+08:00 ] ::1 /htdocs/index.php/Manage/Role/edit.html
NOTIC: D方法实例化没找到模型类manage\Model\RoleModel

[ 2017-04-12T11:09:39+08:00 ] ::1 /htdocs/index.php/Manage/Role/index.html
NOTIC: D方法实例化没找到模型类manage\Model\RoleModel

[ 2017-04-12T11:09:53+08:00 ] ::1 /htdocs/index.php/Manage/Role/edit.html
NOTIC: D方法实例化没找到模型类manage\Model\RoleModel

[ 2017-04-12T11:12:19+08:00 ] ::1 /htdocs/index.php/Manage/Role/index.html
NOTIC: D方法实例化没找到模型类manage\Model\RoleModel

[ 2017-04-12T11:12:30+08:00 ] ::1 /htdocs/index.php/Manage/Role/addRole.html
NOTIC: D方法实例化没找到模型类manage\Model\RoleModel

[ 2017-04-12T11:12:32+08:00 ] ::1 /htdocs/index.php/Manage/Role/index.html
NOTIC: D方法实例化没找到模型类manage\Model\RoleModel

[ 2017-04-12T11:12:38+08:00 ] ::1 /htdocs/index.php/Manage/Role/index.html
NOTIC: D方法实例化没找到模型类manage\Model\RoleModel

[ 2017-04-12T11:12:47+08:00 ] ::1 /htdocs/index.php/Manage/Role/edit.html
NOTIC: D方法实例化没找到模型类manage\Model\RoleModel

[ 2017-04-12T11:14:40+08:00 ] ::1 /htdocs/index.php/Manage/Role/index.html
NOTIC: D方法实例化没找到模型类manage\Model\RoleModel

[ 2017-04-12T11:14:48+08:00 ] ::1 /htdocs/index.php/Manage/Role/edit.html
NOTIC: D方法实例化没找到模型类manage\Model\RoleModel

[ 2017-04-12T11:15:27+08:00 ] ::1 /htdocs/index.php/Manage/Role/index.html
NOTIC: D方法实例化没找到模型类manage\Model\RoleModel

[ 2017-04-12T11:15:35+08:00 ] ::1 /htdocs/index.php/Manage/Role/edit.html
NOTIC: D方法实例化没找到模型类manage\Model\RoleModel

[ 2017-04-12T11:17:12+08:00 ] ::1 /htdocs/index.php/Manage/Role/index.html
NOTIC: D方法实例化没找到模型类manage\Model\RoleModel

[ 2017-04-12T11:17:23+08:00 ] ::1 /htdocs/index.php/Manage/Role/edit.html
NOTIC: D方法实例化没找到模型类manage\Model\RoleModel

[ 2017-04-12T11:17:25+08:00 ] ::1 /htdocs/index.php/Manage/Role/index.html
NOTIC: D方法实例化没找到模型类manage\Model\RoleModel

[ 2017-04-12T11:45:34+08:00 ] ::1 /htdocs/index.php/Manage/Role/index.html
NOTIC: D方法实例化没找到模型类manage\Model\RoleModel

[ 2017-04-12T11:45:40+08:00 ] ::1 /htdocs/index.php/Manage/Role/index.html
NOTIC: D方法实例化没找到模型类manage\Model\RoleModel

[ 2017-04-12T11:45:47+08:00 ] ::1 /htdocs/index.php/Manage/Role/edit.html
NOTIC: D方法实例化没找到模型类manage\Model\RoleModel

[ 2017-04-12T11:45:50+08:00 ] ::1 /htdocs/index.php/Manage/Role/index.html
NOTIC: D方法实例化没找到模型类manage\Model\RoleModel

[ 2017-04-12T11:55:56+08:00 ] ::1 /htdocs/index.php/Manage/Role/index.html
NOTIC: D方法实例化没找到模型类manage\Model\RoleModel

[ 2017-04-12T11:56:06+08:00 ] ::1 /htdocs/index.php/Manage/User/checkAccount.html?account=5464
INFO: [ app_begin ] --START--
INFO: Run Behavior\ReadHtmlCacheBehavior [ RunTime:0.000000s ]
INFO: [ app_begin ] --END-- [ RunTime:0.001000s ]
SQL: SHOW COLUMNS FROM `db_manage` [ RunTime:0.0210s ]
ERR: SQLSTATE[42S22]: Column not found: 1054 Unknown column 'name' in 'field list'

[ 2017-04-12T11:56:07+08:00 ] ::1 /htdocs/index.php/Manage/User/checkAccount.html?account=5464
INFO: [ app_begin ] --START--
INFO: Run Behavior\ReadHtmlCacheBehavior [ RunTime:0.001000s ]
INFO: [ app_begin ] --END-- [ RunTime:0.001000s ]
SQL: SHOW COLUMNS FROM `db_manage` [ RunTime:0.0230s ]
ERR: SQLSTATE[42S22]: Column not found: 1054 Unknown column 'name' in 'field list'

[ 2017-04-12T11:56:08+08:00 ] ::1 /htdocs/index.php/Manage/User/checkAccount.html?account=5464
INFO: [ app_begin ] --START--
INFO: Run Behavior\ReadHtmlCacheBehavior [ RunTime:0.000000s ]
INFO: [ app_begin ] --END-- [ RunTime:0.001000s ]
SQL: SHOW COLUMNS FROM `db_manage` [ RunTime:0.0090s ]
ERR: SQLSTATE[42S22]: Column not found: 1054 Unknown column 'name' in 'field list'

[ 2017-04-12T11:57:00+08:00 ] ::1 /htdocs/index.php/Manage/Role/index.html
NOTIC: D方法实例化没找到模型类manage\Model\RoleModel

[ 2017-04-12T11:58:26+08:00 ] ::1 /htdocs/index.php/Manage/Role/delRole/id/22.html
NOTIC: D方法实例化没找到模型类manage\Model\RoleModel

[ 2017-04-12T11:58:28+08:00 ] ::1 /htdocs/index.php/Manage/Role/index.html
NOTIC: D方法实例化没找到模型类manage\Model\RoleModel

[ 2017-04-12T11:58:50+08:00 ] ::1 /htdocs/index.php/Manage/Role/delRole/id/21.html
NOTIC: D方法实例化没找到模型类manage\Model\RoleModel

[ 2017-04-12T11:58:52+08:00 ] ::1 /htdocs/index.php/Manage/Role/index.html
NOTIC: D方法实例化没找到模型类manage\Model\RoleModel

[ 2017-04-12T11:59:23+08:00 ] ::1 /htdocs/index.php/Manage/Role/delRole/id/23.html
NOTIC: D方法实例化没找到模型类manage\Model\RoleModel

[ 2017-04-12T11:59:25+08:00 ] ::1 /htdocs/index.php/Manage/Role/index.html
NOTIC: D方法实例化没找到模型类manage\Model\RoleModel

[ 2017-04-12T11:59:40+08:00 ] ::1 /htdocs/index.php/Manage/Role/index.html
NOTIC: D方法实例化没找到模型类manage\Model\RoleModel

[ 2017-04-12T11:59:46+08:00 ] ::1 /htdocs/index.php/Manage/Role/index.html
NOTIC: D方法实例化没找到模型类manage\Model\RoleModel

[ 2017-04-12T12:01:16+08:00 ] ::1 /htdocs/index.php/Manage/News/index.html
ERR: 无法加载控制器:News

[ 2017-04-12T12:01:18+08:00 ] ::1 /htdocs/index.php/Manage/Order/index.html
ERR: 无法加载控制器:Order

[ 2017-04-12T12:01:47+08:00 ] ::1 /htdocs/index.php/Manage/Role/index.html
NOTIC: D方法实例化没找到模型类manage\Model\RoleModel

[ 2017-04-12T12:02:04+08:00 ] ::1 /htdocs/index.php/Manage/Role/index.html
NOTIC: D方法实例化没找到模型类manage\Model\RoleModel

[ 2017-04-12T12:02:09+08:00 ] ::1 /htdocs/index.php/Manage/Role/index.html
NOTIC: D方法实例化没找到模型类manage\Model\RoleModel

[ 2017-04-12T12:05:05+08:00 ] ::1 /htdocs/index.php/Manage/Role/index.html
NOTIC: D方法实例化没找到模型类manage\Model\RoleModel

[ 2017-04-12T12:07:12+08:00 ] ::1 /htdocs/index.php/Manage/Role/index.html
NOTIC: D方法实例化没找到模型类manage\Model\RoleModel

[ 2017-04-12T12:12:24+08:00 ] ::1 /htdocs/index.php/Manage/User/checkAccount.html?account=rr
INFO: [ app_begin ] --START--
INFO: Run Behavior\ReadHtmlCacheBehavior [ RunTime:0.001000s ]
INFO: [ app_begin ] --END-- [ RunTime:0.001000s ]
SQL: SHOW COLUMNS FROM `db_manage` [ RunTime:0.0080s ]
ERR: SQLSTATE[42S22]: Column not found: 1054 Unknown column 'name' in 'field list'

[ 2017-04-12T12:12:29+08:00 ] ::1 /htdocs/index.php/Manage/User/runAddUser.html
NOTIC: D方法实例化没找到模型类manage\Model\ManageRoelModel
ERR: SQLSTATE[42S02]: Base table or view not found: 1146 Table 'paydemo.db_manage_roel' doesn't exist

[ 2017-04-12T12:13:06+08:00 ] ::1 /htdocs/index.php/Manage/User/checkAccount.html?account=rr
INFO: [ app_begin ] --START--
INFO: Run Behavior\ReadHtmlCacheBehavior [ RunTime:0.000000s ]
INFO: [ app_begin ] --END-- [ RunTime:0.001000s ]
SQL: SHOW COLUMNS FROM `db_manage` [ RunTime:0.0240s ]
ERR: SQLSTATE[42S22]: Column not found: 1054 Unknown column 'name' in 'field list'

[ 2017-04-12T12:13:11+08:00 ] ::1 /htdocs/index.php/Manage/User/runAddUser.html
NOTIC: D方法实例化没找到模型类manage\Model\ManageRoleModel
ERR: SQLSTATE[HY000]: General error: 1364 Field 'id' doesn't have a default value

[ 2017-04-12T12:18:48+08:00 ] ::1 /htdocs/index.php/Manage/User/checkAccount.html?account=rr
INFO: [ app_begin ] --START--
INFO: Run Behavior\ReadHtmlCacheBehavior [ RunTime:0.001000s ]
INFO: [ app_begin ] --END-- [ RunTime:0.002000s ]
SQL: SHOW COLUMNS FROM `db_manage` [ RunTime:0.0060s ]
ERR: SQLSTATE[42S22]: Column not found: 1054 Unknown column 'name' in 'field list'

[ 2017-04-12T12:18:52+08:00 ] ::1 /htdocs/index.php/Manage/User/runAddUser.html
NOTIC: D方法实例化没找到模型类manage\Model\ManageRoleModel

[ 2017-04-12T12:26:06+08:00 ] ::1 /htdocs/index.php/Manage/User/checkAccount.html?account=rr
INFO: [ app_begin ] --START--
INFO: Run Behavior\ReadHtmlCacheBehavior [ RunTime:0.001000s ]
INFO: [ app_begin ] --END-- [ RunTime:0.001000s ]
SQL: SHOW COLUMNS FROM `db_manage` [ RunTime:0.0050s ]
ERR: SQLSTATE[42S22]: Column not found: 1054 Unknown column 'name' in 'field list'

[ 2017-04-12T12:29:16+08:00 ] ::1 /htdocs/index.php/Manage/User/checkAccount.html?account=1234
INFO: [ app_begin ] --START--
INFO: Run Behavior\ReadHtmlCacheBehavior [ RunTime:0.001000s ]
INFO: [ app_begin ] --END-- [ RunTime:0.001000s ]
SQL: SHOW COLUMNS FROM `db_manage` [ RunTime:0.0080s ]
ERR: SQLSTATE[42S22]: Column not found: 1054 Unknown column 'name' in 'field list'

[ 2017-04-12T12:30:45+08:00 ] ::1 /htdocs/index.php/Manage/User/checkAccount.html?account=234
INFO: [ app_begin ] --START--
INFO: Run Behavior\ReadHtmlCacheBehavior [ RunTime:0.001000s ]
INFO: [ app_begin ] --END-- [ RunTime:0.002000s ]
SQL: SHOW COLUMNS FROM `db_manage` [ RunTime:0.0090s ]
ERR: SQLSTATE[42S22]: Column not found: 1054 Unknown column 'name' in 'field list'

[ 2017-04-12T12:31:51+08:00 ] ::1 /htdocs/index.php/Manage/User/checkAccount.html?account=111
INFO: [ app_begin ] --START--
INFO: Run Behavior\ReadHtmlCacheBehavior [ RunTime:0.001000s ]
INFO: [ app_begin ] --END-- [ RunTime:0.001000s ]
SQL: SHOW COLUMNS FROM `db_manage` [ RunTime:0.0070s ]
ERR: SQLSTATE[42S22]: Column not found: 1054 Unknown column 'name' in 'field list'

[ 2017-04-12T12:32:59+08:00 ] ::1 /htdocs/index.php/Manage/User/checkAccount.html?account=sss
INFO: [ app_begin ] --START--
INFO: Run Behavior\ReadHtmlCacheBehavior [ RunTime:0.001000s ]
INFO: [ app_begin ] --END-- [ RunTime:0.001000s ]
SQL: SHOW COLUMNS FROM `db_manage` [ RunTime:0.0030s ]
ERR: SQLSTATE[42S22]: Column not found: 1054 Unknown column 'name' in 'field list'

[ 2017-04-12T12:34:19+08:00 ] ::1 /htdocs/index.php/Manage/User/checkAccount.html?account=666
INFO: [ app_begin ] --START--
INFO: Run Behavior\ReadHtmlCacheBehavior [ RunTime:0.001000s ]
INFO: [ app_begin ] --END-- [ RunTime:0.001000s ]
SQL: SHOW COLUMNS FROM `db_manage` [ RunTime:0.0040s ]
ERR: SQLSTATE[42S22]: Column not found: 1054 Unknown column 'name' in 'field list'

[ 2017-04-12T13:11:27+08:00 ] ::1 /htdocs/index.php/Manage/Role/index.html
NOTIC: D方法实例化没找到模型类manage\Model\RoleModel

[ 2017-04-12T13:26:32+08:00 ] ::1 /htdocs/index.php/Manage/Login/check_code.html?code=netb
INFO: [ app_begin ] --START--
INFO: Run Behavior\ReadHtmlCacheBehavior [ RunTime:0.000000s ]
INFO: [ app_begin ] --END-- [ RunTime:0.002000s ]

[ 2017-04-12T13:26:55+08:00 ] ::1 /htdocs/index.php/Manage/Login/check_code.html?code=ruab
INFO: [ app_begin ] --START--
INFO: Run Behavior\ReadHtmlCacheBehavior [ RunTime:0.001000s ]
INFO: [ app_begin ] --END-- [ RunTime:0.001000s ]

[ 2017-04-12T13:27:00+08:00 ] ::1 /htdocs/index.php/Manage/Index/menu.html
INFO: [ app_begin ] --START--
INFO: Run Behavior\ReadHtmlCacheBehavior [ RunTime:0.000000s ]
INFO: [ app_begin ] --END-- [ RunTime:0.001000s ]
SQL: SELECT * FROM db_privilege [ RunTime:0.0000s ]
INFO: [ view_parse ] --START--
INFO: [ template_filter ] --START--
INFO: Run Behavior\ContentReplaceBehavior [ RunTime:0.000000s ]
INFO: [ template_filter ] --END-- [ RunTime:0.000000s ]
INFO: Run Behavior\ParseTemplateBehavior [ RunTime:0.016000s ]
INFO: [ view_parse ] --END-- [ RunTime:0.016000s ]
INFO: [ view_filter ] --START--
INFO: Run Behavior\WriteHtmlCacheBehavior [ RunTime:0.001000s ]
INFO: [ view_filter ] --END-- [ RunTime:0.001000s ]
INFO: [ app_end ] --START--
INFO: Run Behavior\ShowPageTraceBehavior [ RunTime:0.002000s ]
INFO: [ app_end ] --END-- [ RunTime:0.002000s ]

[ 2017-04-12T13:27:02+08:00 ] ::1 /htdocs/index.php/Manage/Role/index.html
NOTIC: D方法实例化没找到模型类manage\Model\RoleModel

[ 2017-04-12T13:27:07+08:00 ] ::1 /htdocs/index.php/Manage/Role/index.html
NOTIC: D方法实例化没找到模型类manage\Model\RoleModel

[ 2017-04-12T13:27:32+08:00 ] ::1 /htdocs/index.php/Manage/User/checkAccount.html?account=
INFO: [ app_begin ] --START--
INFO: Run Behavior\ReadHtmlCacheBehavior [ RunTime:0.001000s ]
INFO: [ app_begin ] --END-- [ RunTime:0.001000s ]
SQL: SHOW COLUMNS FROM `db_manage` [ RunTime:0.0230s ]
ERR: SQLSTATE[42S22]: Column not found: 1054 Unknown column 'name' in 'field list'

[ 2017-04-12T13:27:36+08:00 ] ::1 /htdocs/index.php/Manage/User/checkAccount.html?account=
INFO: [ app_begin ] --START--
INFO: Run Behavior\ReadHtmlCacheBehavior [ RunTime:0.001000s ]
INFO: [ app_begin ] --END-- [ RunTime:0.002000s ]
SQL: SHOW COLUMNS FROM `db_manage` [ RunTime:0.0180s ]
ERR: SQLSTATE[42S22]: Column not found: 1054 Unknown column 'name' in 'field list'

[ 2017-04-12T13:30:47+08:00 ] ::1 /htdocs/index.php/Manage/User/checkAccount.html?account=5464
INFO: [ app_begin ] --START--
INFO: Run Behavior\ReadHtmlCacheBehavior [ RunTime:0.001000s ]
INFO: [ app_begin ] --END-- [ RunTime:0.001000s ]
SQL: SHOW COLUMNS FROM `db_manage` [ RunTime:0.0210s ]
ERR: SQLSTATE[42S22]: Column not found: 1054 Unknown column 'name' in 'field list'

[ 2017-04-12T13:56:05+08:00 ] ::1 /htdocs/index.php/Manage/Index/menu.html
INFO: [ app_begin ] --START--
INFO: Run Behavior\ReadHtmlCacheBehavior [ RunTime:0.000000s ]
INFO: [ app_begin ] --END-- [ RunTime:0.000000s ]
SQL: SELECT * FROM db_privilege [ RunTime:0.0000s ]
INFO: [ view_parse ] --START--
INFO: [ template_filter ] --START--
INFO: Run Behavior\ContentReplaceBehavior [ RunTime:0.000000s ]
INFO: [ template_filter ] --END-- [ RunTime:0.000000s ]
INFO: Run Behavior\ParseTemplateBehavior [ RunTime:0.014000s ]
INFO: [ view_parse ] --END-- [ RunTime:0.014000s ]
INFO: [ view_filter ] --START--
INFO: Run Behavior\WriteHtmlCacheBehavior [ RunTime:0.001000s ]
INFO: [ view_filter ] --END-- [ RunTime:0.001000s ]
INFO: [ app_end ] --START--
INFO: Run Behavior\ShowPageTraceBehavior [ RunTime:0.001000s ]
INFO: [ app_end ] --END-- [ RunTime:0.001000s ]

[ 2017-04-12T14:03:52+08:00 ] ::1 /htdocs/index.php/Manage/Index/menu.html
INFO: [ app_begin ] --START--
INFO: Run Behavior\ReadHtmlCacheBehavior [ RunTime:0.001000s ]
INFO: [ app_begin ] --END-- [ RunTime:0.001000s ]
SQL: SELECT * FROM db_privilege [ RunTime:0.0000s ]
INFO: [ view_parse ] --START--
INFO: [ template_filter ] --START--
INFO: Run Behavior\ContentReplaceBehavior [ RunTime:0.000000s ]
INFO: [ template_filter ] --END-- [ RunTime:0.000000s ]
INFO: Run Behavior\ParseTemplateBehavior [ RunTime:0.015000s ]
INFO: [ view_parse ] --END-- [ RunTime:0.015000s ]
INFO: [ view_filter ] --START--
INFO: Run Behavior\WriteHtmlCacheBehavior [ RunTime:0.001000s ]
INFO: [ view_filter ] --END-- [ RunTime:0.001000s ]
INFO: [ app_end ] --START--
INFO: Run Behavior\ShowPageTraceBehavior [ RunTime:0.001000s ]
INFO: [ app_end ] --END-- [ RunTime:0.001000s ]

[ 2017-04-12T14:04:38+08:00 ] ::1 /htdocs/index.php/Manage/Index/menu.html
INFO: [ app_begin ] --START--
INFO: Run Behavior\ReadHtmlCacheBehavior [ RunTime:0.000000s ]
INFO: [ app_begin ] --END-- [ RunTime:0.000000s ]
SQL: SELECT * FROM db_privilege [ RunTime:0.0010s ]
INFO: [ view_parse ] --START--
INFO: [ template_filter ] --START--
INFO: Run Behavior\ContentReplaceBehavior [ RunTime:0.000000s ]
INFO: [ template_filter ] --END-- [ RunTime:0.000000s ]
INFO: Run Behavior\ParseTemplateBehavior [ RunTime:0.015000s ]
INFO: [ view_parse ] --END-- [ RunTime:0.015000s ]
INFO: [ view_filter ] --START--
INFO: Run Behavior\WriteHtmlCacheBehavior [ RunTime:0.001000s ]
INFO: [ view_filter ] --END-- [ RunTime:0.001000s ]
INFO: [ app_end ] --START--
INFO: Run Behavior\ShowPageTraceBehavior [ RunTime:0.001000s ]
INFO: [ app_end ] --END-- [ RunTime:0.001000s ]

[ 2017-04-12T14:05:07+08:00 ] ::1 /htdocs/index.php/Manage/Index/menu.html
INFO: [ app_begin ] --START--
INFO: Run Behavior\ReadHtmlCacheBehavior [ RunTime:0.001000s ]
INFO: [ app_begin ] --END-- [ RunTime:0.001000s ]
SQL: SELECT * FROM db_privilege [ RunTime:0.0000s ]
INFO: [ view_parse ] --START--
INFO: [ template_filter ] --START--
INFO: Run Behavior\ContentReplaceBehavior [ RunTime:0.001000s ]
INFO: [ template_filter ] --END-- [ RunTime:0.001000s ]
INFO: Run Behavior\ParseTemplateBehavior [ RunTime:0.019000s ]
INFO: [ view_parse ] --END-- [ RunTime:0.019000s ]
INFO: [ view_filter ] --START--
INFO: Run Behavior\WriteHtmlCacheBehavior [ RunTime:0.001000s ]
INFO: [ view_filter ] --END-- [ RunTime:0.001000s ]
INFO: [ app_end ] --START--
INFO: Run Behavior\ShowPageTraceBehavior [ RunTime:0.001000s ]
INFO: [ app_end ] --END-- [ RunTime:0.001000s ]

[ 2017-04-12T14:05:19+08:00 ] ::1 /htdocs/index.php/Manage/Index/menu.html
INFO: [ app_begin ] --START--
INFO: Run Behavior\ReadHtmlCacheBehavior [ RunTime:0.001000s ]
INFO: [ app_begin ] --END-- [ RunTime:0.001000s ]
SQL: SELECT * FROM db_privilege [ RunTime:0.0000s ]
INFO: [ view_parse ] --START--
INFO: [ template_filter ] --START--
INFO: Run Behavior\ContentReplaceBehavior [ RunTime:0.001000s ]
INFO: [ template_filter ] --END-- [ RunTime:0.001000s ]
INFO: Run Behavior\ParseTemplateBehavior [ RunTime:0.010000s ]
INFO: [ view_parse ] --END-- [ RunTime:0.010000s ]
INFO: [ view_filter ] --START--
INFO: Run Behavior\WriteHtmlCacheBehavior [ RunTime:0.001000s ]
INFO: [ view_filter ] --END-- [ RunTime:0.001000s ]
INFO: [ app_end ] --START--
INFO: Run Behavior\ShowPageTraceBehavior [ RunTime:0.001000s ]
INFO: [ app_end ] --END-- [ RunTime:0.001000s ]

[ 2017-04-12T14:05:28+08:00 ] ::1 /htdocs/index.php/Manage/Index/menu.html
INFO: [ app_begin ] --START--
INFO: Run Behavior\ReadHtmlCacheBehavior [ RunTime:0.001000s ]
INFO: [ app_begin ] --END-- [ RunTime:0.001000s ]
SQL: SELECT * FROM db_privilege [ RunTime:0.0000s ]
INFO: [ view_parse ] --START--
INFO: [ template_filter ] --START--
INFO: Run Behavior\ContentReplaceBehavior [ RunTime:0.000000s ]
INFO: [ template_filter ] --END-- [ RunTime:0.000000s ]
INFO: Run Behavior\ParseTemplateBehavior [ RunTime:0.006000s ]
INFO: [ view_parse ] --END-- [ RunTime:0.006000s ]
INFO: [ view_filter ] --START--
INFO: Run Behavior\WriteHtmlCacheBehavior [ RunTime:0.000000s ]
INFO: [ view_filter ] --END-- [ RunTime:0.000000s ]
INFO: [ app_end ] --START--
INFO: Run Behavior\ShowPageTraceBehavior [ RunTime:0.001000s ]
INFO: [ app_end ] --END-- [ RunTime:0.001000s ]

[ 2017-04-12T14:06:54+08:00 ] ::1 /htdocs/index.php/Manage/Index/menu.html
INFO: [ app_begin ] --START--
INFO: Run Behavior\ReadHtmlCacheBehavior [ RunTime:0.000000s ]
INFO: [ app_begin ] --END-- [ RunTime:0.000000s ]
SQL: SELECT * FROM db_privilege [ RunTime:0.0010s ]
INFO: [ view_parse ] --START--
INFO: [ template_filter ] --START--
INFO: Run Behavior\ContentReplaceBehavior [ RunTime:0.000000s ]
INFO: [ template_filter ] --END-- [ RunTime:0.000000s ]
INFO: Run Behavior\ParseTemplateBehavior [ RunTime:0.011000s ]
INFO: [ view_parse ] --END-- [ RunTime:0.011000s ]
INFO: [ view_filter ] --START--
INFO: Run Behavior\WriteHtmlCacheBehavior [ RunTime:0.001000s ]
INFO: [ view_filter ] --END-- [ RunTime:0.001000s ]
INFO: [ app_end ] --START--
INFO: Run Behavior\ShowPageTraceBehavior [ RunTime:0.001000s ]
INFO: [ app_end ] --END-- [ RunTime:0.001000s ]

[ 2017-04-12T14:14:02+08:00 ] ::1 /htdocs/index.php/Manage/User/ajaxUpdateStatus/id/33
INFO: [ app_begin ] --START--
INFO: Run Behavior\ReadHtmlCacheBehavior [ RunTime:0.001000s ]
INFO: [ app_begin ] --END-- [ RunTime:0.001000s ]
SQL: SHOW COLUMNS FROM `db_manage` [ RunTime:0.0050s ]
SQL: SELECT * FROM `db_manage` WHERE `id` = 33 LIMIT 1   [ RunTime:0.0010s ]
SQL: UPDATE `db_manage` SET `status`='1' WHERE `id` = '33' [ RunTime:0.0020s ]
INFO: [ app_end ] --START--
INFO: Run Behavior\ShowPageTraceBehavior [ RunTime:0.001000s ]
INFO: [ app_end ] --END-- [ RunTime:0.001000s ]

[ 2017-04-12T14:14:05+08:00 ] ::1 /htdocs/index.php/Manage/User/ajaxUpdateStatus/id/33
INFO: [ app_begin ] --START--
INFO: Run Behavior\ReadHtmlCacheBehavior [ RunTime:0.001000s ]
INFO: [ app_begin ] --END-- [ RunTime:0.001000s ]
SQL: SHOW COLUMNS FROM `db_manage` [ RunTime:0.0080s ]
SQL: SELECT * FROM `db_manage` WHERE `id` = 33 LIMIT 1   [ RunTime:0.0000s ]
SQL: UPDATE `db_manage` SET `status`='0' WHERE `id` = '33' [ RunTime:0.0170s ]
INFO: [ app_end ] --START--
INFO: Run Behavior\ShowPageTraceBehavior [ RunTime:0.002000s ]
INFO: [ app_end ] --END-- [ RunTime:0.002000s ]

[ 2017-04-12T14:14:07+08:00 ] ::1 /htdocs/index.php/Manage/User/ajaxUpdateStatus/id/33
INFO: [ app_begin ] --START--
INFO: Run Behavior\ReadHtmlCacheBehavior [ RunTime:0.001000s ]
INFO: [ app_begin ] --END-- [ RunTime:0.002000s ]
SQL: SHOW COLUMNS FROM `db_manage` [ RunTime:0.0080s ]
SQL: SELECT * FROM `db_manage` WHERE `id` = 33 LIMIT 1   [ RunTime:0.0000s ]
SQL: UPDATE `db_manage` SET `status`='1' WHERE `id` = '33' [ RunTime:0.0170s ]
INFO: [ app_end ] --START--
INFO: Run Behavior\ShowPageTraceBehavior [ RunTime:0.001000s ]
INFO: [ app_end ] --END-- [ RunTime:0.001000s ]

[ 2017-04-12T14:14:23+08:00 ] ::1 /htdocs/index.php/Manage/User/ajaxUpdateStatus/id/33
INFO: [ app_begin ] --START--
INFO: Run Behavior\ReadHtmlCacheBehavior [ RunTime:0.001000s ]
INFO: [ app_begin ] --END-- [ RunTime:0.001000s ]
SQL: SHOW COLUMNS FROM `db_manage` [ RunTime:0.0080s ]
SQL: SELECT * FROM `db_manage` WHERE `id` = 33 LIMIT 1   [ RunTime:0.0000s ]
SQL: UPDATE `db_manage` SET `status`='0' WHERE `id` = '33' [ RunTime:0.0060s ]
INFO: [ app_end ] --START--
INFO: Run Behavior\ShowPageTraceBehavior [ RunTime:0.001000s ]
INFO: [ app_end ] --END-- [ RunTime:0.001000s ]

[ 2017-04-12T14:14:30+08:00 ] ::1 /htdocs/index.php/Manage/User/ajaxUpdateStatus/id/33
INFO: [ app_begin ] --START--
INFO: Run Behavior\ReadHtmlCacheBehavior [ RunTime:0.001000s ]
INFO: [ app_begin ] --END-- [ RunTime:0.001000s ]
SQL: SHOW COLUMNS FROM `db_manage` [ RunTime:0.0080s ]
SQL: SELECT * FROM `db_manage` WHERE `id` = 33 LIMIT 1   [ RunTime:0.0010s ]
SQL: UPDATE `db_manage` SET `status`='1' WHERE `id` = '33' [ RunTime:0.0060s ]
INFO: [ app_end ] --START--
INFO: Run Behavior\ShowPageTraceBehavior [ RunTime:0.002000s ]
INFO: [ app_end ] --END-- [ RunTime:0.002000s ]

[ 2017-04-12T14:14:44+08:00 ] ::1 /htdocs/index.php/Manage/User/ajaxUpdateStatus/id/33
INFO: [ app_begin ] --START--
INFO: Run Behavior\ReadHtmlCacheBehavior [ RunTime:0.001000s ]
INFO: [ app_begin ] --END-- [ RunTime:0.002000s ]
SQL: SHOW COLUMNS FROM `db_manage` [ RunTime:0.0100s ]
SQL: SELECT * FROM `db_manage` WHERE `id` = 33 LIMIT 1   [ RunTime:0.0000s ]
SQL: UPDATE `db_manage` SET `status`='0' WHERE `id` = '33' [ RunTime:0.0060s ]
INFO: [ app_end ] --START--
INFO: Run Behavior\ShowPageTraceBehavior [ RunTime:0.002000s ]
INFO: [ app_end ] --END-- [ RunTime:0.002000s ]

[ 2017-04-12T14:14:46+08:00 ] ::1 /htdocs/index.php/Manage/User/ajaxUpdateStatus/id/33
INFO: [ app_begin ] --START--
INFO: Run Behavior\ReadHtmlCacheBehavior [ RunTime:0.001000s ]
INFO: [ app_begin ] --END-- [ RunTime:0.002000s ]
SQL: SHOW COLUMNS FROM `db_manage` [ RunTime:0.0080s ]
SQL: SELECT * FROM `db_manage` WHERE `id` = 33 LIMIT 1   [ RunTime:0.0000s ]
SQL: UPDATE `db_manage` SET `status`='1' WHERE `id` = '33' [ RunTime:0.0180s ]
INFO: [ app_end ] --START--
INFO: Run Behavior\ShowPageTraceBehavior [ RunTime:0.002000s ]
INFO: [ app_end ] --END-- [ RunTime:0.002000s ]

[ 2017-04-12T14:14:55+08:00 ] ::1 /htdocs/index.php/Manage/Login/check_code.html?code=pexg
INFO: [ app_begin ] --START--
INFO: Run Behavior\ReadHtmlCacheBehavior [ RunTime:0.001000s ]
INFO: [ app_begin ] --END-- [ RunTime:0.001000s ]

[ 2017-04-12T14:15:01+08:00 ] ::1 /htdocs/index.php/Manage/Index/menu.html
INFO: [ app_begin ] --START--
INFO: Run Behavior\ReadHtmlCacheBehavior [ RunTime:0.001000s ]
INFO: [ app_begin ] --END-- [ RunTime:0.001000s ]
ERR: SQLSTATE[42S02]: Base table or view not found: 1146 Table 'paydemo.db_admin_role' doesn't exist

[ 2017-04-12T14:15:06+08:00 ] ::1 /htdocs/index.php/Manage/User/ajaxUpdateStatus/id/32
INFO: [ app_begin ] --START--
INFO: Run Behavior\ReadHtmlCacheBehavior [ RunTime:0.000000s ]
INFO: [ app_begin ] --END-- [ RunTime:0.001000s ]
INFO: [ app_end ] --START--
INFO: Run Behavior\ShowPageTraceBehavior [ RunTime:0.001000s ]
INFO: [ app_end ] --END-- [ RunTime:0.001000s ]

[ 2017-04-12T14:15:07+08:00 ] ::1 /htdocs/index.php/Manage/User/ajaxUpdateStatus/id/32
INFO: [ app_begin ] --START--
INFO: Run Behavior\ReadHtmlCacheBehavior [ RunTime:0.001000s ]
INFO: [ app_begin ] --END-- [ RunTime:0.002000s ]
INFO: [ app_end ] --START--
INFO: Run Behavior\ShowPageTraceBehavior [ RunTime:0.001000s ]
INFO: [ app_end ] --END-- [ RunTime:0.001000s ]

[ 2017-04-12T14:15:07+08:00 ] ::1 /htdocs/index.php/Manage/User/ajaxUpdateStatus/id/32
INFO: [ app_begin ] --START--
INFO: Run Behavior\ReadHtmlCacheBehavior [ RunTime:0.001000s ]
INFO: [ app_begin ] --END-- [ RunTime:0.001000s ]
INFO: [ app_end ] --START--
INFO: Run Behavior\ShowPageTraceBehavior [ RunTime:0.001000s ]
INFO: [ app_end ] --END-- [ RunTime:0.001000s ]

[ 2017-04-12T14:15:08+08:00 ] ::1 /htdocs/index.php/Manage/User/ajaxUpdateStatus/id/32
INFO: [ app_begin ] --START--
INFO: Run Behavior\ReadHtmlCacheBehavior [ RunTime:0.000000s ]
INFO: [ app_begin ] --END-- [ RunTime:0.000000s ]
INFO: [ app_end ] --START--
INFO: Run Behavior\ShowPageTraceBehavior [ RunTime:0.000000s ]
INFO: [ app_end ] --END-- [ RunTime:0.000000s ]

[ 2017-04-12T14:15:08+08:00 ] ::1 /htdocs/index.php/Manage/User/ajaxUpdateStatus/id/32
INFO: [ app_begin ] --START--
INFO: Run Behavior\ReadHtmlCacheBehavior [ RunTime:0.001000s ]
INFO: [ app_begin ] --END-- [ RunTime:0.001000s ]
INFO: [ app_end ] --START--
INFO: Run Behavior\ShowPageTraceBehavior [ RunTime:0.001000s ]
INFO: [ app_end ] --END-- [ RunTime:0.001000s ]

[ 2017-04-12T14:15:09+08:00 ] ::1 /htdocs/index.php/Manage/User/ajaxUpdateStatus/id/32
INFO: [ app_begin ] --START--
INFO: Run Behavior\ReadHtmlCacheBehavior [ RunTime:0.002000s ]
INFO: [ app_begin ] --END-- [ RunTime:0.003000s ]
INFO: [ app_end ] --START--
INFO: Run Behavior\ShowPageTraceBehavior [ RunTime:0.001000s ]
INFO: [ app_end ] --END-- [ RunTime:0.001000s ]

[ 2017-04-12T14:15:09+08:00 ] ::1 /htdocs/index.php/Manage/User/ajaxUpdateStatus/id/32
INFO: [ app_begin ] --START--
INFO: Run Behavior\ReadHtmlCacheBehavior [ RunTime:0.000000s ]
INFO: [ app_begin ] --END-- [ RunTime:0.002000s ]
INFO: [ app_end ] --START--
INFO: Run Behavior\ShowPageTraceBehavior [ RunTime:0.001000s ]
INFO: [ app_end ] --END-- [ RunTime:0.001000s ]

[ 2017-04-12T14:15:09+08:00 ] ::1 /htdocs/index.php/Manage/User/ajaxUpdateStatus/id/32
INFO: [ app_begin ] --START--
INFO: Run Behavior\ReadHtmlCacheBehavior [ RunTime:0.001000s ]
INFO: [ app_begin ] --END-- [ RunTime:0.002000s ]
INFO: [ app_end ] --START--
INFO: Run Behavior\ShowPageTraceBehavior [ RunTime:0.002000s ]
INFO: [ app_end ] --END-- [ RunTime:0.002000s ]

[ 2017-04-12T14:15:21+08:00 ] ::1 /htdocs/index.php/Manage/User/ajaxUpdateStatus/id/32
INFO: [ app_begin ] --START--
INFO: Run Behavior\ReadHtmlCacheBehavior [ RunTime:0.001000s ]
INFO: [ app_begin ] --END-- [ RunTime:0.001000s ]
INFO: [ app_end ] --START--
INFO: Run Behavior\ShowPageTraceBehavior [ RunTime:0.001000s ]
INFO: [ app_end ] --END-- [ RunTime:0.001000s ]

[ 2017-04-12T14:15:21+08:00 ] ::1 /htdocs/index.php/Manage/User/ajaxUpdateStatus/id/32
INFO: [ app_begin ] --START--
INFO: Run Behavior\ReadHtmlCacheBehavior [ RunTime:0.001000s ]
INFO: [ app_begin ] --END-- [ RunTime:0.001000s ]
INFO: [ app_end ] --START--
INFO: Run Behavior\ShowPageTraceBehavior [ RunTime:0.001000s ]
INFO: [ app_end ] --END-- [ RunTime:0.001000s ]

[ 2017-04-12T14:15:23+08:00 ] ::1 /htdocs/index.php/Manage/User/ajaxUpdateStatus/id/33
INFO: [ app_begin ] --START--
INFO: Run Behavior\ReadHtmlCacheBehavior [ RunTime:0.001000s ]
INFO: [ app_begin ] --END-- [ RunTime:0.002000s ]
SQL: SHOW COLUMNS FROM `db_manage` [ RunTime:0.0090s ]
SQL: SELECT * FROM `db_manage` WHERE `id` = 33 LIMIT 1   [ RunTime:0.0010s ]
SQL: UPDATE `db_manage` SET `status`='0' WHERE `id` = '33' [ RunTime:0.0210s ]
INFO: [ app_end ] --START--
INFO: Run Behavior\ShowPageTraceBehavior [ RunTime:0.001000s ]
INFO: [ app_end ] --END-- [ RunTime:0.001000s ]

[ 2017-04-12T14:15:24+08:00 ] ::1 /htdocs/index.php/Manage/User/ajaxUpdateStatus/id/33
INFO: [ app_begin ] --START--
INFO: Run Behavior\ReadHtmlCacheBehavior [ RunTime:0.001000s ]
INFO: [ app_begin ] --END-- [ RunTime:0.002000s ]
SQL: SHOW COLUMNS FROM `db_manage` [ RunTime:0.0090s ]
SQL: SELECT * FROM `db_manage` WHERE `id` = 33 LIMIT 1   [ RunTime:0.0010s ]
SQL: UPDATE `db_manage` SET `status`='1' WHERE `id` = '33' [ RunTime:0.0220s ]
INFO: [ app_end ] --START--
INFO: Run Behavior\ShowPageTraceBehavior [ RunTime:0.002000s ]
INFO: [ app_end ] --END-- [ RunTime:0.002000s ]

[ 2017-04-12T14:15:25+08:00 ] ::1 /htdocs/index.php/Manage/User/ajaxUpdateStatus/id/33
INFO: [ app_begin ] --START--
INFO: Run Behavior\ReadHtmlCacheBehavior [ RunTime:0.002000s ]
INFO: [ app_begin ] --END-- [ RunTime:0.003000s ]
SQL: SHOW COLUMNS FROM `db_manage` [ RunTime:0.0080s ]
SQL: SELECT * FROM `db_manage` WHERE `id` = 33 LIMIT 1   [ RunTime:0.0000s ]
SQL: UPDATE `db_manage` SET `status`='0' WHERE `id` = '33' [ RunTime:0.0210s ]
INFO: [ app_end ] --START--
INFO: Run Behavior\ShowPageTraceBehavior [ RunTime:0.002000s ]
INFO: [ app_end ] --END-- [ RunTime:0.002000s ]

[ 2017-04-12T14:15:26+08:00 ] ::1 /htdocs/index.php/Manage/User/ajaxUpdateStatus/id/33
INFO: [ app_begin ] --START--
INFO: Run Behavior\ReadHtmlCacheBehavior [ RunTime:0.001000s ]
INFO: [ app_begin ] --END-- [ RunTime:0.002000s ]
SQL: SHOW COLUMNS FROM `db_manage` [ RunTime:0.0080s ]
SQL: SELECT * FROM `db_manage` WHERE `id` = 33 LIMIT 1   [ RunTime:0.0000s ]
SQL: UPDATE `db_manage` SET `status`='1' WHERE `id` = '33' [ RunTime:0.0060s ]
INFO: [ app_end ] --START--
INFO: Run Behavior\ShowPageTraceBehavior [ RunTime:0.001000s ]
INFO: [ app_end ] --END-- [ RunTime:0.001000s ]

[ 2017-04-12T14:15:27+08:00 ] ::1 /htdocs/index.php/Manage/User/ajaxUpdateStatus/id/33
INFO: [ app_begin ] --START--
INFO: Run Behavior\ReadHtmlCacheBehavior [ RunTime:0.002000s ]
INFO: [ app_begin ] --END-- [ RunTime:0.003000s ]
SQL: SHOW COLUMNS FROM `db_manage` [ RunTime:0.0070s ]
SQL: SELECT * FROM `db_manage` WHERE `id` = 33 LIMIT 1   [ RunTime:0.0000s ]
SQL: UPDATE `db_manage` SET `status`='0' WHERE `id` = '33' [ RunTime:0.0210s ]
INFO: [ app_end ] --START--
INFO: Run Behavior\ShowPageTraceBehavior [ RunTime:0.002000s ]
INFO: [ app_end ] --END-- [ RunTime:0.002000s ]

[ 2017-04-12T14:15:28+08:00 ] ::1 /htdocs/index.php/Manage/User/ajaxUpdateStatus/id/32
INFO: [ app_begin ] --START--
INFO: Run Behavior\ReadHtmlCacheBehavior [ RunTime:0.001000s ]
INFO: [ app_begin ] --END-- [ RunTime:0.002000s ]
INFO: [ app_end ] --START--
INFO: Run Behavior\ShowPageTraceBehavior [ RunTime:0.001000s ]
INFO: [ app_end ] --END-- [ RunTime:0.002000s ]

[ 2017-04-12T14:15:30+08:00 ] ::1 /htdocs/index.php/Manage/User/ajaxUpdateStatus/id/33
INFO: [ app_begin ] --START--
INFO: Run Behavior\ReadHtmlCacheBehavior [ RunTime:0.000000s ]
INFO: [ app_begin ] --END-- [ RunTime:0.001000s ]
SQL: SHOW COLUMNS FROM `db_manage` [ RunTime:0.0040s ]
SQL: SELECT * FROM `db_manage` WHERE `id` = 33 LIMIT 1   [ RunTime:0.0000s ]
SQL: UPDATE `db_manage` SET `status`='1' WHERE `id` = '33' [ RunTime:0.0210s ]
INFO: [ app_end ] --START--
INFO: Run Behavior\ShowPageTraceBehavior [ RunTime:0.001000s ]
INFO: [ app_end ] --END-- [ RunTime:0.001000s ]

[ 2017-04-12T14:15:33+08:00 ] ::1 /htdocs/index.php/Manage/User/ajaxUpdateStatus/id/32
INFO: [ app_begin ] --START--
INFO: Run Behavior\ReadHtmlCacheBehavior [ RunTime:0.001000s ]
INFO: [ app_begin ] --END-- [ RunTime:0.002000s ]
INFO: [ app_end ] --START--
INFO: Run Behavior\ShowPageTraceBehavior [ RunTime:0.001000s ]
INFO: [ app_end ] --END-- [ RunTime:0.001000s ]

[ 2017-04-12T14:15:34+08:00 ] ::1 /htdocs/index.php/Manage/User/ajaxUpdateStatus/id/32
INFO: [ app_begin ] --START--
INFO: Run Behavior\ReadHtmlCacheBehavior [ RunTime:0.002000s ]
INFO: [ app_begin ] --END-- [ RunTime:0.003000s ]
INFO: [ app_end ] --START--
INFO: Run Behavior\ShowPageTraceBehavior [ RunTime:0.000000s ]
INFO: [ app_end ] --END-- [ RunTime:0.000000s ]

[ 2017-04-12T14:19:40+08:00 ] ::1 /htdocs/index.php/Manage/Index/menu.html
INFO: [ app_begin ] --START--
INFO: Run Behavior\ReadHtmlCacheBehavior [ RunTime:0.000000s ]
INFO: [ app_begin ] --END-- [ RunTime:0.001000s ]
ERR: SQLSTATE[42S02]: Base table or view not found: 1146 Table 'paydemo.db_admin_role' doesn't exist

[ 2017-04-12T14:22:33+08:00 ] ::1 /htdocs/index.php/Manage/User/ajaxUpdateStatus/id/33
INFO: [ app_begin ] --START--
INFO: Run Behavior\ReadHtmlCacheBehavior [ RunTime:0.000000s ]
INFO: [ app_begin ] --END-- [ RunTime:0.001000s ]
SQL: SHOW COLUMNS FROM `db_manage` [ RunTime:0.0040s ]
SQL: SELECT * FROM `db_manage` WHERE `id` = 33 LIMIT 1   [ RunTime:0.0000s ]
SQL: UPDATE `db_manage` SET `status`='0' WHERE `id` = '33' [ RunTime:0.0180s ]
INFO: [ app_end ] --START--
INFO: Run Behavior\ShowPageTraceBehavior [ RunTime:0.001000s ]
INFO: [ app_end ] --END-- [ RunTime:0.001000s ]

[ 2017-04-12T14:22:35+08:00 ] ::1 /htdocs/index.php/Manage/User/ajaxUpdateStatus/id/33
INFO: [ app_begin ] --START--
INFO: Run Behavior\ReadHtmlCacheBehavior [ RunTime:0.000000s ]
INFO: [ app_begin ] --END-- [ RunTime:0.001000s ]
SQL: SHOW COLUMNS FROM `db_manage` [ RunTime:0.0090s ]
SQL: SELECT * FROM `db_manage` WHERE `id` = 33 LIMIT 1   [ RunTime:0.0010s ]
SQL: UPDATE `db_manage` SET `status`='1' WHERE `id` = '33' [ RunTime:0.0240s ]
INFO: [ app_end ] --START--
INFO: Run Behavior\ShowPageTraceBehavior [ RunTime:0.002000s ]
INFO: [ app_end ] --END-- [ RunTime:0.002000s ]

[ 2017-04-12T14:22:38+08:00 ] ::1 /htdocs/index.php/Manage/User/ajaxUpdateStatus/id/33
INFO: [ app_begin ] --START--
INFO: Run Behavior\ReadHtmlCacheBehavior [ RunTime:0.000000s ]
INFO: [ app_begin ] --END-- [ RunTime:0.001000s ]
SQL: SHOW COLUMNS FROM `db_manage` [ RunTime:0.0080s ]
SQL: SELECT * FROM `db_manage` WHERE `id` = 33 LIMIT 1   [ RunTime:0.0000s ]
SQL: UPDATE `db_manage` SET `status`='0' WHERE `id` = '33' [ RunTime:0.0170s ]
INFO: [ app_end ] --START--
INFO: Run Behavior\ShowPageTraceBehavior [ RunTime:0.001000s ]
INFO: [ app_end ] --END-- [ RunTime:0.001000s ]

[ 2017-04-12T14:22:41+08:00 ] ::1 /htdocs/index.php/Manage/User/ajaxUpdateStatus/id/32
INFO: [ app_begin ] --START--
INFO: Run Behavior\ReadHtmlCacheBehavior [ RunTime:0.002000s ]
INFO: [ app_begin ] --END-- [ RunTime:0.003000s ]
INFO: [ app_end ] --START--
INFO: Run Behavior\ShowPageTraceBehavior [ RunTime:0.002000s ]
INFO: [ app_end ] --END-- [ RunTime:0.002000s ]

[ 2017-04-12T14:22:42+08:00 ] ::1 /htdocs/index.php/Manage/User/ajaxUpdateStatus/id/32
INFO: [ app_begin ] --START--
INFO: Run Behavior\ReadHtmlCacheBehavior [ RunTime:0.001000s ]
INFO: [ app_begin ] --END-- [ RunTime:0.002000s ]
INFO: [ app_end ] --START--
INFO: Run Behavior\ShowPageTraceBehavior [ RunTime:0.001000s ]
INFO: [ app_end ] --END-- [ RunTime:0.001000s ]

[ 2017-04-12T14:22:44+08:00 ] ::1 /htdocs/index.php/Manage/User/ajaxUpdateStatus/id/32
INFO: [ app_begin ] --START--
INFO: Run Behavior\ReadHtmlCacheBehavior [ RunTime:0.000000s ]
INFO: [ app_begin ] --END-- [ RunTime:0.002000s ]
INFO: [ app_end ] --START--
INFO: Run Behavior\ShowPageTraceBehavior [ RunTime:0.001000s ]
INFO: [ app_end ] --END-- [ RunTime:0.001000s ]

[ 2017-04-12T14:22:45+08:00 ] ::1 /htdocs/index.php/Manage/User/ajaxUpdateStatus/id/31
INFO: [ app_begin ] --START--
INFO: Run Behavior\ReadHtmlCacheBehavior [ RunTime:0.001000s ]
INFO: [ app_begin ] --END-- [ RunTime:0.001000s ]
INFO: [ app_end ] --START--
INFO: Run Behavior\ShowPageTraceBehavior [ RunTime:0.001000s ]
INFO: [ app_end ] --END-- [ RunTime:0.001000s ]

[ 2017-04-12T14:22:45+08:00 ] ::1 /htdocs/index.php/Manage/User/ajaxUpdateStatus/id/31
INFO: [ app_begin ] --START--
INFO: Run Behavior\ReadHtmlCacheBehavior [ RunTime:0.001000s ]
INFO: [ app_begin ] --END-- [ RunTime:0.002000s ]
INFO: [ app_end ] --START--
INFO: Run Behavior\ShowPageTraceBehavior [ RunTime:0.001000s ]
INFO: [ app_end ] --END-- [ RunTime:0.001000s ]

[ 2017-04-12T14:22:46+08:00 ] ::1 /htdocs/index.php/Manage/User/ajaxUpdateStatus/id/30
INFO: [ app_begin ] --START--
INFO: Run Behavior\ReadHtmlCacheBehavior [ RunTime:0.001000s ]
INFO: [ app_begin ] --END-- [ RunTime:0.002000s ]
INFO: [ app_end ] --START--
INFO: Run Behavior\ShowPageTraceBehavior [ RunTime:0.000000s ]
INFO: [ app_end ] --END-- [ RunTime:0.000000s ]

[ 2017-04-12T14:22:47+08:00 ] ::1 /htdocs/index.php/Manage/User/ajaxUpdateStatus/id/29
INFO: [ app_begin ] --START--
INFO: Run Behavior\ReadHtmlCacheBehavior [ RunTime:0.002000s ]
INFO: [ app_begin ] --END-- [ RunTime:0.002000s ]
INFO: [ app_end ] --START--
INFO: Run Behavior\ShowPageTraceBehavior [ RunTime:0.001000s ]
INFO: [ app_end ] --END-- [ RunTime:0.001000s ]

[ 2017-04-12T14:22:48+08:00 ] ::1 /htdocs/index.php/Manage/User/ajaxUpdateStatus/id/32
INFO: [ app_begin ] --START--
INFO: Run Behavior\ReadHtmlCacheBehavior [ RunTime:0.001000s ]
INFO: [ app_begin ] --END-- [ RunTime:0.002000s ]
INFO: [ app_end ] --START--
INFO: Run Behavior\ShowPageTraceBehavior [ RunTime:0.001000s ]
INFO: [ app_end ] --END-- [ RunTime:0.001000s ]

[ 2017-04-12T14:22:49+08:00 ] ::1 /htdocs/index.php/Manage/User/ajaxUpdateStatus/id/31
INFO: [ app_begin ] --START--
INFO: Run Behavior\ReadHtmlCacheBehavior [ RunTime:0.001000s ]
INFO: [ app_begin ] --END-- [ RunTime:0.001000s ]
INFO: [ app_end ] --START--
INFO: Run Behavior\ShowPageTraceBehavior [ RunTime:0.001000s ]
INFO: [ app_end ] --END-- [ RunTime:0.001000s ]

[ 2017-04-12T14:22:51+08:00 ] ::1 /htdocs/index.php/Manage/User/ajaxUpdateStatus/id/33
INFO: [ app_begin ] --START--
INFO: Run Behavior\ReadHtmlCacheBehavior [ RunTime:0.001000s ]
INFO: [ app_begin ] --END-- [ RunTime:0.002000s ]
SQL: SHOW COLUMNS FROM `db_manage` [ RunTime:0.0090s ]
SQL: SELECT * FROM `db_manage` WHERE `id` = 33 LIMIT 1   [ RunTime:0.0010s ]
SQL: UPDATE `db_manage` SET `status`='1' WHERE `id` = '33' [ RunTime:0.0220s ]
INFO: [ app_end ] --START--
INFO: Run Behavior\ShowPageTraceBehavior [ RunTime:0.002000s ]
INFO: [ app_end ] --END-- [ RunTime:0.002000s ]

[ 2017-04-12T14:23:41+08:00 ] ::1 /htdocs/index.php/Manage/User/ajaxUpdateStatus/id/32
INFO: [ app_begin ] --START--
INFO: Run Behavior\ReadHtmlCacheBehavior [ RunTime:0.001000s ]
INFO: [ app_begin ] --END-- [ RunTime:0.001000s ]
INFO: [ app_end ] --START--
INFO: Run Behavior\ShowPageTraceBehavior [ RunTime:0.000000s ]
INFO: [ app_end ] --END-- [ RunTime:0.000000s ]

[ 2017-04-12T14:23:42+08:00 ] ::1 /htdocs/index.php/Manage/User/ajaxUpdateStatus/id/32
INFO: [ app_begin ] --START--
INFO: Run Behavior\ReadHtmlCacheBehavior [ RunTime:0.002000s ]
INFO: [ app_begin ] --END-- [ RunTime:0.003000s ]
INFO: [ app_end ] --START--
INFO: Run Behavior\ShowPageTraceBehavior [ RunTime:0.001000s ]
INFO: [ app_end ] --END-- [ RunTime:0.001000s ]

[ 2017-04-12T14:23:44+08:00 ] ::1 /htdocs/index.php/Manage/User/ajaxUpdateStatus/id/33
INFO: [ app_begin ] --START--
INFO: Run Behavior\ReadHtmlCacheBehavior [ RunTime:0.001000s ]
INFO: [ app_begin ] --END-- [ RunTime:0.001000s ]
SQL: SHOW COLUMNS FROM `db_manage` [ RunTime:0.0060s ]
SQL: SELECT * FROM `db_manage` WHERE `id` = 33 LIMIT 1   [ RunTime:0.0000s ]
SQL: UPDATE `db_manage` SET `status`='0' WHERE `id` = '33' [ RunTime:0.0190s ]
INFO: [ app_end ] --START--
INFO: Run Behavior\ShowPageTraceBehavior [ RunTime:0.001000s ]
INFO: [ app_end ] --END-- [ RunTime:0.001000s ]

[ 2017-04-12T14:23:46+08:00 ] ::1 /htdocs/index.php/Manage/User/ajaxUpdateStatus/id/33
INFO: [ app_begin ] --START--
INFO: Run Behavior\ReadHtmlCacheBehavior [ RunTime:0.001000s ]
INFO: [ app_begin ] --END-- [ RunTime:0.001000s ]
SQL: SHOW COLUMNS FROM `db_manage` [ RunTime:0.0080s ]
SQL: SELECT * FROM `db_manage` WHERE `id` = 33 LIMIT 1   [ RunTime:0.0010s ]
SQL: UPDATE `db_manage` SET `status`='1' WHERE `id` = '33' [ RunTime:0.0060s ]
INFO: [ app_end ] --START--
INFO: Run Behavior\ShowPageTraceBehavior [ RunTime:0.001000s ]
INFO: [ app_end ] --END-- [ RunTime:0.002000s ]

[ 2017-04-12T14:23:47+08:00 ] ::1 /htdocs/index.php/Manage/User/ajaxUpdateStatus/id/32
INFO: [ app_begin ] --START--
INFO: Run Behavior\ReadHtmlCacheBehavior [ RunTime:0.000000s ]
INFO: [ app_begin ] --END-- [ RunTime:0.001000s ]
INFO: [ app_end ] --START--
INFO: Run Behavior\ShowPageTraceBehavior [ RunTime:0.000000s ]
INFO: [ app_end ] --END-- [ RunTime:0.000000s ]

[ 2017-04-12T14:23:48+08:00 ] ::1 /htdocs/index.php/Manage/User/ajaxUpdateStatus/id/31
INFO: [ app_begin ] --START--
INFO: Run Behavior\ReadHtmlCacheBehavior [ RunTime:0.001000s ]
INFO: [ app_begin ] --END-- [ RunTime:0.001000s ]
INFO: [ app_end ] --START--
INFO: Run Behavior\ShowPageTraceBehavior [ RunTime:0.001000s ]
INFO: [ app_end ] --END-- [ RunTime:0.001000s ]

[ 2017-04-12T14:23:49+08:00 ] ::1 /htdocs/index.php/Manage/User/ajaxUpdateStatus/id/30
INFO: [ app_begin ] --START--
INFO: Run Behavior\ReadHtmlCacheBehavior [ RunTime:0.000000s ]
INFO: [ app_begin ] --END-- [ RunTime:0.001000s ]
INFO: [ app_end ] --START--
INFO: Run Behavior\ShowPageTraceBehavior [ RunTime:0.000000s ]
INFO: [ app_end ] --END-- [ RunTime:0.000000s ]

[ 2017-04-12T14:23:49+08:00 ] ::1 /htdocs/index.php/Manage/User/ajaxUpdateStatus/id/29
INFO: [ app_begin ] --START--
INFO: Run Behavior\ReadHtmlCacheBehavior [ RunTime:0.001000s ]
INFO: [ app_begin ] --END-- [ RunTime:0.001000s ]
INFO: [ app_end ] --START--
INFO: Run Behavior\ShowPageTraceBehavior [ RunTime:0.001000s ]
INFO: [ app_end ] --END-- [ RunTime:0.001000s ]

[ 2017-04-12T14:24:20+08:00 ] ::1 /htdocs/index.php/Manage/Login/check_code.html?code=qwgr
INFO: [ app_begin ] --START--
INFO: Run Behavior\ReadHtmlCacheBehavior [ RunTime:0.002000s ]
INFO: [ app_begin ] --END-- [ RunTime:0.002000s ]

[ 2017-04-12T14:24:26+08:00 ] ::1 /htdocs/index.php/Manage/Index/menu.html
INFO: [ app_begin ] --START--
INFO: Run Behavior\ReadHtmlCacheBehavior [ RunTime:0.000000s ]
INFO: [ app_begin ] --END-- [ RunTime:0.001000s ]
SQL: SELECT * FROM db_privilege [ RunTime:0.0010s ]
INFO: [ view_parse ] --START--
INFO: [ template_filter ] --START--
INFO: Run Behavior\ContentReplaceBehavior [ RunTime:0.000000s ]
INFO: [ template_filter ] --END-- [ RunTime:0.000000s ]
INFO: Run Behavior\ParseTemplateBehavior [ RunTime:0.018000s ]
INFO: [ view_parse ] --END-- [ RunTime:0.018000s ]
INFO: [ view_filter ] --START--
INFO: Run Behavior\WriteHtmlCacheBehavior [ RunTime:0.001000s ]
INFO: [ view_filter ] --END-- [ RunTime:0.001000s ]
INFO: [ app_end ] --START--
INFO: Run Behavior\ShowPageTraceBehavior [ RunTime:0.002000s ]
INFO: [ app_end ] --END-- [ RunTime:0.002000s ]

[ 2017-04-12T14:42:25+08:00 ] ::1 /htdocs/index.php/Manage/Role/index.html
NOTIC: D方法实例化没找到模型类manage\Model\RoleModel

[ 2017-04-12T14:43:24+08:00 ] ::1 /htdocs/index.php/Manage/User/ajaxUpdateStatus/id/32
INFO: [ app_begin ] --START--
INFO: Run Behavior\ReadHtmlCacheBehavior [ RunTime:0.000000s ]
INFO: [ app_begin ] --END-- [ RunTime:0.001000s ]
SQL: SHOW COLUMNS FROM `db_manage` [ RunTime:0.0050s ]
SQL: SELECT * FROM `db_manage` WHERE `id` = 32 LIMIT 1   [ RunTime:0.0000s ]
SQL: UPDATE `db_manage` SET `status`='1' WHERE `id` = '32' [ RunTime:0.0210s ]
INFO: [ app_end ] --START--
INFO: Run Behavior\ShowPageTraceBehavior [ RunTime:0.001000s ]
INFO: [ app_end ] --END-- [ RunTime:0.001000s ]

[ 2017-04-12T14:43:27+08:00 ] ::1 /htdocs/index.php/Manage/User/ajaxUpdateStatus/id/32
INFO: [ app_begin ] --START--
INFO: Run Behavior\ReadHtmlCacheBehavior [ RunTime:0.001000s ]
INFO: [ app_begin ] --END-- [ RunTime:0.001000s ]
SQL: SHOW COLUMNS FROM `db_manage` [ RunTime:0.0050s ]
SQL: SELECT * FROM `db_manage` WHERE `id` = 32 LIMIT 1   [ RunTime:0.0010s ]
SQL: UPDATE `db_manage` SET `status`='0' WHERE `id` = '32' [ RunTime:0.0230s ]
INFO: [ app_end ] --START--
INFO: Run Behavior\ShowPageTraceBehavior [ RunTime:0.001000s ]
INFO: [ app_end ] --END-- [ RunTime:0.001000s ]

[ 2017-04-12T14:43:30+08:00 ] ::1 /htdocs/index.php/Manage/User/ajaxUpdateStatus/id/32
INFO: [ app_begin ] --START--
INFO: Run Behavior\ReadHtmlCacheBehavior [ RunTime:0.001000s ]
INFO: [ app_begin ] --END-- [ RunTime:0.001000s ]
SQL: SHOW COLUMNS FROM `db_manage` [ RunTime:0.0090s ]
SQL: SELECT * FROM `db_manage` WHERE `id` = 32 LIMIT 1   [ RunTime:0.0000s ]
SQL: UPDATE `db_manage` SET `status`='1' WHERE `id` = '32' [ RunTime:0.0050s ]
INFO: [ app_end ] --START--
INFO: Run Behavior\ShowPageTraceBehavior [ RunTime:0.002000s ]
INFO: [ app_end ] --END-- [ RunTime:0.002000s ]

[ 2017-04-12T14:43:44+08:00 ] ::1 /htdocs/index.php/Manage/User/ajaxUpdateStatus/id/32
INFO: [ app_begin ] --START--
INFO: Run Behavior\ReadHtmlCacheBehavior [ RunTime:0.001000s ]
INFO: [ app_begin ] --END-- [ RunTime:0.001000s ]
SQL: SHOW COLUMNS FROM `db_manage` [ RunTime:0.0080s ]
SQL: SELECT * FROM `db_manage` WHERE `id` = 32 LIMIT 1   [ RunTime:0.0000s ]
SQL: UPDATE `db_manage` SET `status`='0' WHERE `id` = '32' [ RunTime:0.0180s ]
INFO: [ app_end ] --START--
INFO: Run Behavior\ShowPageTraceBehavior [ RunTime:0.002000s ]
INFO: [ app_end ] --END-- [ RunTime:0.002000s ]

[ 2017-04-12T14:43:46+08:00 ] ::1 /htdocs/index.php/Manage/User/ajaxUpdateStatus/id/32
INFO: [ app_begin ] --START--
INFO: Run Behavior\ReadHtmlCacheBehavior [ RunTime:0.000000s ]
INFO: [ app_begin ] --END-- [ RunTime:0.001000s ]
SQL: SHOW COLUMNS FROM `db_manage` [ RunTime:0.0060s ]
SQL: SELECT * FROM `db_manage` WHERE `id` = 32 LIMIT 1   [ RunTime:0.0000s ]
SQL: UPDATE `db_manage` SET `status`='1' WHERE `id` = '32' [ RunTime:0.0160s ]
INFO: [ app_end ] --START--
INFO: Run Behavior\ShowPageTraceBehavior [ RunTime:0.001000s ]
INFO: [ app_end ] --END-- [ RunTime:0.001000s ]

[ 2017-04-12T14:43:55+08:00 ] ::1 /htdocs/index.php/Manage/Role/index.html
NOTIC: D方法实例化没找到模型类manage\Model\RoleModel

[ 2017-04-12T14:44:01+08:00 ] ::1 /htdocs/index.php/Manage/Role/index.html
NOTIC: D方法实例化没找到模型类manage\Model\RoleModel

[ 2017-04-12T14:44:17+08:00 ] ::1 /htdocs/index.php/Manage/Role/index.html
NOTIC: D方法实例化没找到模型类manage\Model\RoleModel

[ 2017-04-12T14:44:19+08:00 ] ::1 /htdocs/index.php/Manage/Role/index/p/2.html
NOTIC: D方法实例化没找到模型类manage\Model\RoleModel

[ 2017-04-12T14:44:23+08:00 ] ::1 /htdocs/index.php/Manage/Role/index/p/3.html
NOTIC: D方法实例化没找到模型类manage\Model\RoleModel

[ 2017-04-12T14:44:28+08:00 ] ::1 /htdocs/index.php/Manage/Role/delRole/id/8.html
NOTIC: D方法实例化没找到模型类manage\Model\RoleModel

[ 2017-04-12T14:44:30+08:00 ] ::1 /htdocs/index.php/Manage/Role/index.html
NOTIC: D方法实例化没找到模型类manage\Model\RoleModel

[ 2017-04-12T14:57:29+08:00 ] ::1 /htdocs/index.php/Manage/Role/index.html
NOTIC: D方法实例化没找到模型类manage\Model\RoleModel

[ 2017-04-12T15:00:07+08:00 ] ::1 /htdocs/index.php/Manage/Login/check_code.html?code=bdpi
INFO: [ app_begin ] --START--
INFO: Run Behavior\ReadHtmlCacheBehavior [ RunTime:0.002000s ]
INFO: [ app_begin ] --END-- [ RunTime:0.002000s ]

[ 2017-04-12T15:00:13+08:00 ] ::1 /htdocs/index.php/Manage/Index/menu.html
INFO: [ app_begin ] --START--
INFO: Run Behavior\ReadHtmlCacheBehavior [ RunTime:0.001000s ]
INFO: [ app_begin ] --END-- [ RunTime:0.001000s ]
ERR: SQLSTATE[42S02]: Base table or view not found: 1146 Table 'paydemo.db_admin_role' doesn't exist

[ 2017-04-12T15:01:13+08:00 ] ::1 /htdocs/index.php/Manage/Login/check_code.html?code=gpwb
INFO: [ app_begin ] --START--
INFO: Run Behavior\ReadHtmlCacheBehavior [ RunTime:0.001000s ]
INFO: [ app_begin ] --END-- [ RunTime:0.002000s ]

[ 2017-04-12T15:01:18+08:00 ] ::1 /htdocs/index.php/Manage/Index/menu.html
INFO: [ app_begin ] --START--
INFO: Run Behavior\ReadHtmlCacheBehavior [ RunTime:0.001000s ]
INFO: [ app_begin ] --END-- [ RunTime:0.001000s ]
SQL: SELECT * FROM db_privilege [ RunTime:0.0010s ]
INFO: [ view_parse ] --START--
INFO: [ template_filter ] --START--
INFO: Run Behavior\ContentReplaceBehavior [ RunTime:0.000000s ]
INFO: [ template_filter ] --END-- [ RunTime:0.001000s ]
INFO: Run Behavior\ParseTemplateBehavior [ RunTime:0.019000s ]
INFO: [ view_parse ] --END-- [ RunTime:0.019000s ]
INFO: [ view_filter ] --START--
INFO: Run Behavior\WriteHtmlCacheBehavior [ RunTime:0.001000s ]
INFO: [ view_filter ] --END-- [ RunTime:0.001000s ]
INFO: [ app_end ] --START--
INFO: Run Behavior\ShowPageTraceBehavior [ RunTime:0.002000s ]
INFO: [ app_end ] --END-- [ RunTime:0.002000s ]

[ 2017-04-12T15:26:15+08:00 ] ::1 /htdocs/index.php/Manage/User/ajaxUpdateStatus/id/30
INFO: [ app_begin ] --START--
INFO: Run Behavior\ReadHtmlCacheBehavior [ RunTime:0.001000s ]
INFO: [ app_begin ] --END-- [ RunTime:0.001000s ]
SQL: SHOW COLUMNS FROM `db_manage` [ RunTime:0.0080s ]
SQL: SELECT * FROM `db_manage` WHERE `id` = 30 LIMIT 1   [ RunTime:0.0000s ]
SQL: UPDATE `db_manage` SET `status`='1' WHERE `id` = '30' [ RunTime:0.0060s ]
INFO: [ app_end ] --START--
INFO: Run Behavior\ShowPageTraceBehavior [ RunTime:0.001000s ]
INFO: [ app_end ] --END-- [ RunTime:0.002000s ]

[ 2017-04-12T15:26:17+08:00 ] ::1 /htdocs/index.php/Manage/User/ajaxUpdateStatus/id/30
INFO: [ app_begin ] --START--
INFO: Run Behavior\ReadHtmlCacheBehavior [ RunTime:0.001000s ]
INFO: [ app_begin ] --END-- [ RunTime:0.001000s ]
SQL: SHOW COLUMNS FROM `db_manage` [ RunTime:0.0090s ]
SQL: SELECT * FROM `db_manage` WHERE `id` = 30 LIMIT 1   [ RunTime:0.0010s ]
SQL: UPDATE `db_manage` SET `status`='0' WHERE `id` = '30' [ RunTime:0.0210s ]
INFO: [ app_end ] --START--
INFO: Run Behavior\ShowPageTraceBehavior [ RunTime:0.001000s ]
INFO: [ app_end ] --END-- [ RunTime:0.001000s ]

[ 2017-04-12T15:27:06+08:00 ] ::1 /htdocs/index.php/Manage/Login/check_code.html?code=3xqw
INFO: [ app_begin ] --START--
INFO: Run Behavior\ReadHtmlCacheBehavior [ RunTime:0.001000s ]
INFO: [ app_begin ] --END-- [ RunTime:0.002000s ]

[ 2017-04-12T15:27:10+08:00 ] ::1 /htdocs/index.php/Manage/Login/check_code.html?code=3x0w
INFO: [ app_begin ] --START--
INFO: Run Behavior\ReadHtmlCacheBehavior [ RunTime:0.002000s ]
INFO: [ app_begin ] --END-- [ RunTime:0.002000s ]

[ 2017-04-12T15:27:15+08:00 ] ::1 /htdocs/index.php/Manage/Login/check_code.html?code=fxbx
INFO: [ app_begin ] --START--
INFO: Run Behavior\ReadHtmlCacheBehavior [ RunTime:0.001000s ]
INFO: [ app_begin ] --END-- [ RunTime:0.002000s ]

[ 2017-04-12T15:27:28+08:00 ] ::1 /htdocs/index.php/Manage/Login/check_code.html?code=vll3
INFO: [ app_begin ] --START--
INFO: Run Behavior\ReadHtmlCacheBehavior [ RunTime:0.001000s ]
INFO: [ app_begin ] --END-- [ RunTime:0.002000s ]

[ 2017-04-12T15:28:00+08:00 ] ::1 /htdocs/index.php/Manage/Login/check_code.html?code=wmq2
INFO: [ app_begin ] --START--
INFO: Run Behavior\ReadHtmlCacheBehavior [ RunTime:0.001000s ]
INFO: [ app_begin ] --END-- [ RunTime:0.001000s ]

[ 2017-04-12T15:28:06+08:00 ] ::1 /htdocs/index.php/Manage/Index/menu.html
INFO: [ app_begin ] --START--
INFO: Run Behavior\ReadHtmlCacheBehavior [ RunTime:0.001000s ]
INFO: [ app_begin ] --END-- [ RunTime:0.001000s ]
SQL: SELECT * FROM db_privilege [ RunTime:0.0010s ]
INFO: [ view_parse ] --START--
INFO: [ template_filter ] --START--
INFO: Run Behavior\ContentReplaceBehavior [ RunTime:0.000000s ]
INFO: [ template_filter ] --END-- [ RunTime:0.000000s ]
INFO: Run Behavior\ParseTemplateBehavior [ RunTime:0.011000s ]
INFO: [ view_parse ] --END-- [ RunTime:0.011000s ]
INFO: [ view_filter ] --START--
INFO: Run Behavior\WriteHtmlCacheBehavior [ RunTime:0.000000s ]
INFO: [ view_filter ] --END-- [ RunTime:0.000000s ]
INFO: [ app_end ] --START--
INFO: Run Behavior\ShowPageTraceBehavior [ RunTime:0.001000s ]
INFO: [ app_end ] --END-- [ RunTime:0.001000s ]

[ 2017-04-12T15:29:24+08:00 ] ::1 /htdocs/index.php/Manage/User/ajaxUpdateStatus/id/32
INFO: [ app_begin ] --START--
INFO: Run Behavior\ReadHtmlCacheBehavior [ RunTime:0.000000s ]
INFO: [ app_begin ] --END-- [ RunTime:0.002000s ]
SQL: SHOW COLUMNS FROM `db_manage` [ RunTime:0.0080s ]
SQL: SELECT * FROM `db_manage` WHERE `id` = 32 LIMIT 1   [ RunTime:0.0000s ]
SQL: UPDATE `db_manage` SET `status`='0' WHERE `id` = '32' [ RunTime:0.0210s ]
INFO: [ app_end ] --START--
INFO: Run Behavior\ShowPageTraceBehavior [ RunTime:0.001000s ]
INFO: [ app_end ] --END-- [ RunTime:0.002000s ]

[ 2017-04-12T15:29:26+08:00 ] ::1 /htdocs/index.php/Manage/User/ajaxUpdateStatus/id/32
INFO: [ app_begin ] --START--
INFO: Run Behavior\ReadHtmlCacheBehavior [ RunTime:0.001000s ]
INFO: [ app_begin ] --END-- [ RunTime:0.002000s ]
SQL: SHOW COLUMNS FROM `db_manage` [ RunTime:0.0080s ]
SQL: SELECT * FROM `db_manage` WHERE `id` = 32 LIMIT 1   [ RunTime:0.0010s ]
SQL: UPDATE `db_manage` SET `status`='1' WHERE `id` = '32' [ RunTime:0.0060s ]
INFO: [ app_end ] --START--
INFO: Run Behavior\ShowPageTraceBehavior [ RunTime:0.002000s ]
INFO: [ app_end ] --END-- [ RunTime:0.002000s ]

[ 2017-04-12T15:29:38+08:00 ] ::1 /htdocs/index.php/Manage/Login/check_code.html?code=vuje
INFO: [ app_begin ] --START--
INFO: Run Behavior\ReadHtmlCacheBehavior [ RunTime:0.002000s ]
INFO: [ app_begin ] --END-- [ RunTime:0.003000s ]

[ 2017-04-12T15:32:58+08:00 ] ::1 /htdocs/index.php/Manage/Login/check_code.html?code=nhvw
INFO: [ app_begin ] --START--
INFO: Run Behavior\ReadHtmlCacheBehavior [ RunTime:0.001000s ]
INFO: [ app_begin ] --END-- [ RunTime:0.001000s ]

[ 2017-04-12T15:33:03+08:00 ] ::1 /htdocs/index.php/Manage/Index/menu.html
INFO: [ app_begin ] --START--
INFO: Run Behavior\ReadHtmlCacheBehavior [ RunTime:0.001000s ]
INFO: [ app_begin ] --END-- [ RunTime:0.002000s ]
SQL: SELECT * FROM db_privilege [ RunTime:0.0000s ]
INFO: [ view_parse ] --START--
INFO: [ template_filter ] --START--
INFO: Run Behavior\ContentReplaceBehavior [ RunTime:0.001000s ]
INFO: [ template_filter ] --END-- [ RunTime:0.001000s ]
INFO: Run Behavior\ParseTemplateBehavior [ RunTime:0.012000s ]
INFO: [ view_parse ] --END-- [ RunTime:0.012000s ]
INFO: [ view_filter ] --START--
INFO: Run Behavior\WriteHtmlCacheBehavior [ RunTime:0.001000s ]
INFO: [ view_filter ] --END-- [ RunTime:0.001000s ]
INFO: [ app_end ] --START--
INFO: Run Behavior\ShowPageTraceBehavior [ RunTime:0.001000s ]
INFO: [ app_end ] --END-- [ RunTime:0.001000s ]

[ 2017-04-12T15:34:16+08:00 ] ::1 /htdocs/index.php/Manage/User/edit.html
ERR: SQLSTATE[HY000]: General error: 1364 Field 'login_time' doesn't have a default value

[ 2017-04-12T15:38:07+08:00 ] ::1 /htdocs/index.php/Manage/Login/check_code.html?code=ub7i
INFO: [ app_begin ] --START--
INFO: Run Behavior\ReadHtmlCacheBehavior [ RunTime:0.001000s ]
INFO: [ app_begin ] --END-- [ RunTime:0.002000s ]

[ 2017-04-12T15:38:13+08:00 ] ::1 /htdocs/index.php/Manage/Index/menu.html
INFO: [ app_begin ] --START--
INFO: Run Behavior\ReadHtmlCacheBehavior [ RunTime:0.000000s ]
INFO: [ app_begin ] --END-- [ RunTime:0.000000s ]
ERR: SQLSTATE[42S02]: Base table or view not found: 1146 Table 'paydemo.db_admin_role' doesn't exist

[ 2017-04-12T15:39:54+08:00 ] ::1 /htdocs/index.php/Manage/Login/check_code.html?code=npqk
INFO: [ app_begin ] --START--
INFO: Run Behavior\ReadHtmlCacheBehavior [ RunTime:0.001000s ]
INFO: [ app_begin ] --END-- [ RunTime:0.001000s ]

[ 2017-04-12T15:39:59+08:00 ] ::1 /htdocs/index.php/Manage/Index/menu.html
INFO: [ app_begin ] --START--
INFO: Run Behavior\ReadHtmlCacheBehavior [ RunTime:0.001000s ]
INFO: [ app_begin ] --END-- [ RunTime:0.001000s ]
SQL: SELECT * FROM db_privilege [ RunTime:0.0000s ]
INFO: [ view_parse ] --START--
INFO: [ template_filter ] --START--
INFO: Run Behavior\ContentReplaceBehavior [ RunTime:0.000000s ]
INFO: [ template_filter ] --END-- [ RunTime:0.000000s ]
INFO: Run Behavior\ParseTemplateBehavior [ RunTime:0.005000s ]
INFO: [ view_parse ] --END-- [ RunTime:0.006000s ]
INFO: [ view_filter ] --START--
INFO: Run Behavior\WriteHtmlCacheBehavior [ RunTime:0.001000s ]
INFO: [ view_filter ] --END-- [ RunTime:0.001000s ]
INFO: [ app_end ] --START--
INFO: Run Behavior\ShowPageTraceBehavior [ RunTime:0.000000s ]
INFO: [ app_end ] --END-- [ RunTime:0.000000s ]

[ 2017-04-12T16:07:20+08:00 ] ::1 /htdocs/index.php/Manage/Privilege/addPri.html
ERR: 非法操作:addPri

[ 2017-04-12T16:07:24+08:00 ] ::1 /htdocs/index.php/Manage/Privilege/edit/id/1000.html
ERR: 非法操作:edit

[ 2017-04-12T16:12:13+08:00 ] ::1 /htdocs/index.php/Manage/Privilege/addPri.html
ERR: 非法操作:addPri

[ 2017-04-12T16:12:50+08:00 ] ::1 /htdocs/index.php/Manage/Privilege/addPri.html
ERR: 非法操作:addPri

[ 2017-04-12T16:16:28+08:00 ] ::1 /htdocs/index.php/Manage/Privilege/addPri.html
NOTIC: D方法实例化没找到模型类manage\Model\PrivilegeModel
ERR: Think\Model:getTree方法不存在！

[ 2017-04-12T16:18:13+08:00 ] ::1 /htdocs/index.php/Manage/Role/index.html
NOTIC: D方法实例化没找到模型类manage\Model\RoleModel

[ 2017-04-12T16:21:41+08:00 ] ::1 /htdocs/index.php/Manage/Index/menu.html
INFO: [ app_begin ] --START--
INFO: Run Behavior\ReadHtmlCacheBehavior [ RunTime:0.000000s ]
INFO: [ app_begin ] --END-- [ RunTime:0.000000s ]
SQL: SELECT * FROM db_privilege [ RunTime:0.0010s ]
INFO: [ view_parse ] --START--
INFO: [ template_filter ] --START--
INFO: Run Behavior\ContentReplaceBehavior [ RunTime:0.000000s ]
INFO: [ template_filter ] --END-- [ RunTime:0.000000s ]
INFO: Run Behavior\ParseTemplateBehavior [ RunTime:0.011000s ]
INFO: [ view_parse ] --END-- [ RunTime:0.011000s ]
INFO: [ view_filter ] --START--
INFO: Run Behavior\WriteHtmlCacheBehavior [ RunTime:0.000000s ]
INFO: [ view_filter ] --END-- [ RunTime:0.000000s ]
INFO: [ app_end ] --START--
INFO: Run Behavior\ShowPageTraceBehavior [ RunTime:0.000000s ]
INFO: [ app_end ] --END-- [ RunTime:0.000000s ]

[ 2017-04-12T16:21:56+08:00 ] ::1 /htdocs/index.php/Manage/Role/index.html
NOTIC: D方法实例化没找到模型类manage\Model\RoleModel

[ 2017-04-12T16:25:21+08:00 ] ::1 /htdocs/index.php/Manage/Index/menu.html
INFO: [ app_begin ] --START--
INFO: Run Behavior\ReadHtmlCacheBehavior [ RunTime:0.001000s ]
INFO: [ app_begin ] --END-- [ RunTime:0.001000s ]
SQL: SELECT * FROM db_privilege [ RunTime:0.0010s ]
INFO: [ view_parse ] --START--
INFO: [ template_filter ] --START--
INFO: Run Behavior\ContentReplaceBehavior [ RunTime:0.000000s ]
INFO: [ template_filter ] --END-- [ RunTime:0.000000s ]
INFO: Run Behavior\ParseTemplateBehavior [ RunTime:0.013000s ]
INFO: [ view_parse ] --END-- [ RunTime:0.014000s ]
INFO: [ view_filter ] --START--
INFO: Run Behavior\WriteHtmlCacheBehavior [ RunTime:0.000000s ]
INFO: [ view_filter ] --END-- [ RunTime:0.000000s ]
INFO: [ app_end ] --START--
INFO: Run Behavior\ShowPageTraceBehavior [ RunTime:0.001000s ]
INFO: [ app_end ] --END-- [ RunTime:0.001000s ]

[ 2017-04-12T16:28:38+08:00 ] ::1 /htdocs/index.php/Manage/Role/index.html
NOTIC: D方法实例化没找到模型类manage\Model\RoleModel

[ 2017-04-12T16:28:54+08:00 ] ::1 /htdocs/index.php/Manage/Role/index.html
NOTIC: D方法实例化没找到模型类manage\Model\RoleModel

[ 2017-04-12T16:40:59+08:00 ] ::1 /htdocs/index.php/Manage/Role/index.html
NOTIC: D方法实例化没找到模型类manage\Model\RoleModel

