[ 2017-04-06T07:54:07+08:00 ] ::1 /htdocs/index.php/Manage/Login/login
ERR: 非法操作:login

[ 2017-04-06T07:54:48+08:00 ] ::1 /htdocs/index.php/Manage/Login/check_code.html?code=3af3
INFO: [ app_begin ] --START--
INFO: Run Behavior\ReadHtmlCacheBehavior [ RunTime:0.001000s ]
INFO: [ app_begin ] --END-- [ RunTime:0.002000s ]

[ 2017-04-06T07:54:52+08:00 ] ::1 /htdocs/index.php/Manage/Index/info.html
ERR: 非法操作:info

[ 2017-04-06T07:55:09+08:00 ] ::1 /htdocs/index.php/Manage/User/checkAccount.html?account=sss
INFO: [ app_begin ] --START--
INFO: Run Behavior\ReadHtmlCacheBehavior [ RunTime:0.000000s ]
INFO: [ app_begin ] --END-- [ RunTime:0.001000s ]
NOTIC: [8] Undefined index: account D:\xampp\htdocs\htdocs\App\Manage\Controller\UserController.class.php 第 40 行.
NOTIC: [8] Undefined index: account D:\xampp\htdocs\htdocs\App\Manage\Controller\UserController.class.php 第 41 行.
SQL: SHOW COLUMNS FROM `db_manage` [ RunTime:0.0130s ]
SQL: SELECT * FROM `db_manage` WHERE `account` = null LIMIT 1   [ RunTime:0.0000s ]

[ 2017-04-06T07:55:13+08:00 ] ::1 /htdocs/index.php/Manage/User/checkAccount.html?account=sss
INFO: [ app_begin ] --START--
INFO: Run Behavior\ReadHtmlCacheBehavior [ RunTime:0.000000s ]
INFO: [ app_begin ] --END-- [ RunTime:0.001000s ]
NOTIC: [8] Undefined index: account D:\xampp\htdocs\htdocs\App\Manage\Controller\UserController.class.php 第 40 行.
NOTIC: [8] Undefined index: account D:\xampp\htdocs\htdocs\App\Manage\Controller\UserController.class.php 第 41 行.
SQL: SHOW COLUMNS FROM `db_manage` [ RunTime:0.0240s ]
SQL: SELECT * FROM `db_manage` WHERE `account` = null LIMIT 1   [ RunTime:0.0000s ]

[ 2017-04-06T07:57:58+08:00 ] ::1 /htdocs/index.php/Manage/User/checkAccount.html?account=sss
INFO: [ app_begin ] --START--
INFO: Run Behavior\ReadHtmlCacheBehavior [ RunTime:0.000000s ]
INFO: [ app_begin ] --END-- [ RunTime:0.000000s ]
NOTIC: [8] Undefined index: account D:\xampp\htdocs\htdocs\App\Manage\Controller\UserController.class.php 第 40 行.
NOTIC: [8] Undefined index: account D:\xampp\htdocs\htdocs\App\Manage\Controller\UserController.class.php 第 41 行.
SQL: SHOW COLUMNS FROM `db_manage` [ RunTime:0.0080s ]
SQL: SELECT * FROM `db_manage` WHERE `account` = null LIMIT 1   [ RunTime:0.0010s ]

[ 2017-04-06T07:58:17+08:00 ] ::1 /htdocs/index.php/Manage/User/checkAccount.html?account=sss
INFO: [ app_begin ] --START--
INFO: Run Behavior\ReadHtmlCacheBehavior [ RunTime:0.000000s ]
INFO: [ app_begin ] --END-- [ RunTime:0.001000s ]
NOTIC: [8] Undefined index: account D:\xampp\htdocs\htdocs\App\Manage\Controller\UserController.class.php 第 41 行.
SQL: SHOW COLUMNS FROM `db_manage` [ RunTime:0.0080s ]
SQL: SELECT * FROM `db_manage` WHERE `account` = null LIMIT 1   [ RunTime:0.0000s ]

[ 2017-04-06T07:58:22+08:00 ] ::1 /htdocs/index.php/Manage/User/checkAccount.html?account=sss
INFO: [ app_begin ] --START--
INFO: Run Behavior\ReadHtmlCacheBehavior [ RunTime:0.001000s ]
INFO: [ app_begin ] --END-- [ RunTime:0.001000s ]
NOTIC: [8] Undefined index: account D:\xampp\htdocs\htdocs\App\Manage\Controller\UserController.class.php 第 41 行.
SQL: SHOW COLUMNS FROM `db_manage` [ RunTime:0.0090s ]
SQL: SELECT * FROM `db_manage` WHERE `account` = null LIMIT 1   [ RunTime:0.0000s ]

[ 2017-04-06T07:58:28+08:00 ] ::1 /htdocs/index.php/Manage/User/checkAccount.html?account=sss
INFO: [ app_begin ] --START--
INFO: Run Behavior\ReadHtmlCacheBehavior [ RunTime:0.000000s ]
INFO: [ app_begin ] --END-- [ RunTime:0.002000s ]
NOTIC: [8] Undefined index: account D:\xampp\htdocs\htdocs\App\Manage\Controller\UserController.class.php 第 41 行.
SQL: SHOW COLUMNS FROM `db_manage` [ RunTime:0.0080s ]
SQL: SELECT * FROM `db_manage` WHERE `account` = null LIMIT 1   [ RunTime:0.0010s ]

[ 2017-04-06T07:59:55+08:00 ] ::1 /htdocs/index.php/Manage/User/checkAccount.html?account=sss
INFO: [ app_begin ] --START--
INFO: Run Behavior\ReadHtmlCacheBehavior [ RunTime:0.001000s ]
INFO: [ app_begin ] --END-- [ RunTime:0.001000s ]
SQL: SHOW COLUMNS FROM `db_manage` [ RunTime:0.0110s ]
SQL: SELECT * FROM `db_manage` WHERE `account` = 'sss' LIMIT 1   [ RunTime:0.0010s ]

[ 2017-04-06T08:00:18+08:00 ] ::1 /htdocs/index.php/Manage/User/checkAccount.html?account=sss
INFO: [ app_begin ] --START--
INFO: Run Behavior\ReadHtmlCacheBehavior [ RunTime:0.000000s ]
INFO: [ app_begin ] --END-- [ RunTime:0.000000s ]
SQL: SHOW COLUMNS FROM `db_manage` [ RunTime:0.0090s ]
SQL: SELECT * FROM `db_manage` WHERE `account` = 'sss' LIMIT 1   [ RunTime:0.0000s ]

[ 2017-04-06T08:01:12+08:00 ] ::1 /htdocs/index.php/Manage/User/checkAccount.html?account=lll
INFO: [ app_begin ] --START--
INFO: Run Behavior\ReadHtmlCacheBehavior [ RunTime:0.000000s ]
INFO: [ app_begin ] --END-- [ RunTime:0.002000s ]
SQL: SHOW COLUMNS FROM `db_manage` [ RunTime:0.0220s ]
SQL: SELECT * FROM `db_manage` WHERE `account` = 'lll' LIMIT 1   [ RunTime:0.0000s ]

[ 2017-04-06T08:02:36+08:00 ] ::1 /htdocs/index.php/Manage/User/checkAccount.html?account=111
INFO: [ app_begin ] --START--
INFO: Run Behavior\ReadHtmlCacheBehavior [ RunTime:0.000000s ]
INFO: [ app_begin ] --END-- [ RunTime:0.001000s ]
SQL: SHOW COLUMNS FROM `db_manage` [ RunTime:0.0200s ]
SQL: SELECT * FROM `db_manage` WHERE `account` = '111' LIMIT 1   [ RunTime:0.0000s ]

[ 2017-04-06T08:03:11+08:00 ] ::1 /htdocs/index.php/Manage/User/checkAccount.html?account=sss
INFO: [ app_begin ] --START--
INFO: Run Behavior\ReadHtmlCacheBehavior [ RunTime:0.001000s ]
INFO: [ app_begin ] --END-- [ RunTime:0.001000s ]
SQL: SHOW COLUMNS FROM `db_manage` [ RunTime:0.0220s ]
SQL: SELECT * FROM `db_manage` WHERE `account` = 'sss' LIMIT 1   [ RunTime:0.0000s ]

[ 2017-04-06T08:07:35+08:00 ] ::1 /htdocs/index.php/Manage/User/checkAccount.html?account=sss
INFO: [ app_begin ] --START--
INFO: Run Behavior\ReadHtmlCacheBehavior [ RunTime:0.001000s ]
INFO: [ app_begin ] --END-- [ RunTime:0.001000s ]
SQL: SHOW COLUMNS FROM `db_manage` [ RunTime:0.0070s ]
SQL: SELECT * FROM `db_manage` WHERE `account` = 'sss' LIMIT 1   [ RunTime:0.0000s ]

[ 2017-04-06T08:07:42+08:00 ] ::1 /htdocs/index.php/Manage/User/checkAccount.html?account=sss
INFO: [ app_begin ] --START--
INFO: Run Behavior\ReadHtmlCacheBehavior [ RunTime:0.000000s ]
INFO: [ app_begin ] --END-- [ RunTime:0.001000s ]
SQL: SHOW COLUMNS FROM `db_manage` [ RunTime:0.0210s ]
SQL: SELECT * FROM `db_manage` WHERE `account` = 'sss' LIMIT 1   [ RunTime:0.0000s ]

[ 2017-04-06T08:07:46+08:00 ] ::1 /htdocs/index.php/Manage/User/checkAccount.html?account=sss
INFO: [ app_begin ] --START--
INFO: Run Behavior\ReadHtmlCacheBehavior [ RunTime:0.001000s ]
INFO: [ app_begin ] --END-- [ RunTime:0.001000s ]
SQL: SHOW COLUMNS FROM `db_manage` [ RunTime:0.0240s ]
SQL: SELECT * FROM `db_manage` WHERE `account` = 'sss' LIMIT 1   [ RunTime:0.0010s ]

[ 2017-04-06T08:08:14+08:00 ] ::1 /htdocs/index.php/Manage/User/checkAccount.html?account=sss
INFO: [ app_begin ] --START--
INFO: Run Behavior\ReadHtmlCacheBehavior [ RunTime:0.001000s ]
INFO: [ app_begin ] --END-- [ RunTime:0.001000s ]
SQL: SHOW COLUMNS FROM `db_manage` [ RunTime:0.0230s ]
SQL: SELECT * FROM `db_manage` WHERE `account` = 'sss' LIMIT 1   [ RunTime:0.0000s ]

[ 2017-04-06T08:08:25+08:00 ] ::1 /htdocs/index.php/Manage/User/checkAccount.html?account=jjj
INFO: [ app_begin ] --START--
INFO: Run Behavior\ReadHtmlCacheBehavior [ RunTime:0.001000s ]
INFO: [ app_begin ] --END-- [ RunTime:0.001000s ]
SQL: SHOW COLUMNS FROM `db_manage` [ RunTime:0.0220s ]
SQL: SELECT * FROM `db_manage` WHERE `account` = 'jjj' LIMIT 1   [ RunTime:0.0010s ]

[ 2017-04-06T08:10:00+08:00 ] ::1 /htdocs/index.php/Manage/User/checkAccount.html?account=hhh
INFO: [ app_begin ] --START--
INFO: Run Behavior\ReadHtmlCacheBehavior [ RunTime:0.001000s ]
INFO: [ app_begin ] --END-- [ RunTime:0.001000s ]
SQL: SHOW COLUMNS FROM `db_manage` [ RunTime:0.0090s ]
SQL: SELECT * FROM `db_manage` WHERE `account` = 'hhh' LIMIT 1   [ RunTime:0.0010s ]

[ 2017-04-06T08:10:04+08:00 ] ::1 /htdocs/index.php/Manage/User/checkAccount.html?account=
INFO: [ app_begin ] --START--
INFO: Run Behavior\ReadHtmlCacheBehavior [ RunTime:0.000000s ]
INFO: [ app_begin ] --END-- [ RunTime:0.001000s ]
SQL: SHOW COLUMNS FROM `db_manage` [ RunTime:0.0090s ]
SQL: SELECT * FROM `db_manage` WHERE `account` = '' LIMIT 1   [ RunTime:0.0010s ]

[ 2017-04-06T08:19:00+08:00 ] ::1 /htdocs/index.php/Manage/User/checkAccount.html?account=
INFO: [ app_begin ] --START--
INFO: Run Behavior\ReadHtmlCacheBehavior [ RunTime:0.000000s ]
INFO: [ app_begin ] --END-- [ RunTime:0.000000s ]
SQL: SHOW COLUMNS FROM `db_manage` [ RunTime:0.0210s ]
SQL: SELECT * FROM `db_manage` WHERE `account` = '' LIMIT 1   [ RunTime:0.0010s ]

[ 2017-04-06T08:19:02+08:00 ] ::1 /htdocs/index.php/Manage/User/checkAccount.html?account=
INFO: [ app_begin ] --START--
INFO: Run Behavior\ReadHtmlCacheBehavior [ RunTime:0.000000s ]
INFO: [ app_begin ] --END-- [ RunTime:0.000000s ]
SQL: SHOW COLUMNS FROM `db_manage` [ RunTime:0.0080s ]
SQL: SELECT * FROM `db_manage` WHERE `account` = '' LIMIT 1   [ RunTime:0.0010s ]

[ 2017-04-06T08:19:11+08:00 ] ::1 /htdocs/index.php/Manage/User/checkAccount.html?account=
INFO: [ app_begin ] --START--
INFO: Run Behavior\ReadHtmlCacheBehavior [ RunTime:0.000000s ]
INFO: [ app_begin ] --END-- [ RunTime:0.000000s ]
SQL: SHOW COLUMNS FROM `db_manage` [ RunTime:0.0070s ]
SQL: SELECT * FROM `db_manage` WHERE `account` = '' LIMIT 1   [ RunTime:0.0000s ]

[ 2017-04-06T08:20:44+08:00 ] ::1 /htdocs/index.php/Manage/User/checkAccount.html?account=aa
INFO: [ app_begin ] --START--
INFO: Run Behavior\ReadHtmlCacheBehavior [ RunTime:0.001000s ]
INFO: [ app_begin ] --END-- [ RunTime:0.001000s ]
SQL: SHOW COLUMNS FROM `db_manage` [ RunTime:0.0030s ]
SQL: SELECT * FROM `db_manage` WHERE `account` = 'aa' LIMIT 1   [ RunTime:0.0000s ]

[ 2017-04-06T08:21:08+08:00 ] ::1 /htdocs/index.php/Manage/User/checkAccount.html?account=
INFO: [ app_begin ] --START--
INFO: Run Behavior\ReadHtmlCacheBehavior [ RunTime:0.001000s ]
INFO: [ app_begin ] --END-- [ RunTime:0.001000s ]
SQL: SHOW COLUMNS FROM `db_manage` [ RunTime:0.0060s ]
SQL: SELECT * FROM `db_manage` WHERE `account` = '' LIMIT 1   [ RunTime:0.0000s ]

[ 2017-04-06T08:21:18+08:00 ] ::1 /htdocs/index.php/Manage/User/checkAccount.html?account=1251
INFO: [ app_begin ] --START--
INFO: Run Behavior\ReadHtmlCacheBehavior [ RunTime:0.000000s ]
INFO: [ app_begin ] --END-- [ RunTime:0.001000s ]
SQL: SHOW COLUMNS FROM `db_manage` [ RunTime:0.0070s ]
SQL: SELECT * FROM `db_manage` WHERE `account` = '1251' LIMIT 1   [ RunTime:0.0000s ]

[ 2017-04-06T08:21:31+08:00 ] ::1 /htdocs/index.php/Manage/User/checkAccount.html?account=
INFO: [ app_begin ] --START--
INFO: Run Behavior\ReadHtmlCacheBehavior [ RunTime:0.000000s ]
INFO: [ app_begin ] --END-- [ RunTime:0.001000s ]
SQL: SHOW COLUMNS FROM `db_manage` [ RunTime:0.0060s ]
SQL: SELECT * FROM `db_manage` WHERE `account` = '' LIMIT 1   [ RunTime:0.0000s ]

[ 2017-04-06T08:24:06+08:00 ] ::1 /htdocs/index.php/Manage/User/checkAccount.html?account=
INFO: [ app_begin ] --START--
INFO: Run Behavior\ReadHtmlCacheBehavior [ RunTime:0.000000s ]
INFO: [ app_begin ] --END-- [ RunTime:0.001000s ]
SQL: SHOW COLUMNS FROM `db_manage` [ RunTime:0.0240s ]
SQL: SELECT * FROM `db_manage` WHERE `account` = '' LIMIT 1   [ RunTime:0.0000s ]

[ 2017-04-06T08:24:07+08:00 ] ::1 /htdocs/index.php/Manage/User/checkAccount.html?account=
INFO: [ app_begin ] --START--
INFO: Run Behavior\ReadHtmlCacheBehavior [ RunTime:0.001000s ]
INFO: [ app_begin ] --END-- [ RunTime:0.001000s ]
SQL: SHOW COLUMNS FROM `db_manage` [ RunTime:0.0190s ]
SQL: SELECT * FROM `db_manage` WHERE `account` = '' LIMIT 1   [ RunTime:0.0000s ]

[ 2017-04-06T08:24:10+08:00 ] ::1 /htdocs/index.php/Manage/User/checkAccount.html?account=
INFO: [ app_begin ] --START--
INFO: Run Behavior\ReadHtmlCacheBehavior [ RunTime:0.001000s ]
INFO: [ app_begin ] --END-- [ RunTime:0.001000s ]
SQL: SHOW COLUMNS FROM `db_manage` [ RunTime:0.0030s ]
SQL: SELECT * FROM `db_manage` WHERE `account` = '' LIMIT 1   [ RunTime:0.0000s ]

[ 2017-04-06T08:25:00+08:00 ] ::1 /htdocs/index.php/Manage/User/checkAccount.html?account=
INFO: [ app_begin ] --START--
INFO: Run Behavior\ReadHtmlCacheBehavior [ RunTime:0.000000s ]
INFO: [ app_begin ] --END-- [ RunTime:0.001000s ]
SQL: SHOW COLUMNS FROM `db_manage` [ RunTime:0.0170s ]
SQL: SELECT * FROM `db_manage` WHERE `account` = '' LIMIT 1   [ RunTime:0.0000s ]

[ 2017-04-06T08:25:06+08:00 ] ::1 /htdocs/index.php/Manage/User/checkAccount.html?account=
INFO: [ app_begin ] --START--
INFO: Run Behavior\ReadHtmlCacheBehavior [ RunTime:0.001000s ]
INFO: [ app_begin ] --END-- [ RunTime:0.001000s ]
SQL: SHOW COLUMNS FROM `db_manage` [ RunTime:0.0130s ]
SQL: SELECT * FROM `db_manage` WHERE `account` = '' LIMIT 1   [ RunTime:0.0000s ]

[ 2017-04-06T08:29:50+08:00 ] ::1 /htdocs/index.php/Manage/User/checkAccount.html?account=
INFO: [ app_begin ] --START--
INFO: Run Behavior\ReadHtmlCacheBehavior [ RunTime:0.001000s ]
INFO: [ app_begin ] --END-- [ RunTime:0.001000s ]
SQL: SHOW COLUMNS FROM `db_manage` [ RunTime:0.0050s ]
SQL: SELECT * FROM `db_manage` WHERE `account` = '' LIMIT 1   [ RunTime:0.0010s ]

[ 2017-04-06T08:29:58+08:00 ] ::1 /htdocs/index.php/Manage/User/checkAccount.html?account=sss
INFO: [ app_begin ] --START--
INFO: Run Behavior\ReadHtmlCacheBehavior [ RunTime:0.000000s ]
INFO: [ app_begin ] --END-- [ RunTime:0.001000s ]
SQL: SHOW COLUMNS FROM `db_manage` [ RunTime:0.0030s ]
SQL: SELECT * FROM `db_manage` WHERE `account` = 'sss' LIMIT 1   [ RunTime:0.0010s ]

[ 2017-04-06T08:31:39+08:00 ] ::1 /htdocs/index.php/Manage/User/checkAccount.html?account=
INFO: [ app_begin ] --START--
INFO: Run Behavior\ReadHtmlCacheBehavior [ RunTime:0.000000s ]
INFO: [ app_begin ] --END-- [ RunTime:0.001000s ]
SQL: SHOW COLUMNS FROM `db_manage` [ RunTime:0.0220s ]
SQL: SELECT * FROM `db_manage` WHERE `account` = '' LIMIT 1   [ RunTime:0.0000s ]

[ 2017-04-06T08:31:44+08:00 ] ::1 /htdocs/index.php/Manage/User/checkAccount.html?account=sss
INFO: [ app_begin ] --START--
INFO: Run Behavior\ReadHtmlCacheBehavior [ RunTime:0.000000s ]
INFO: [ app_begin ] --END-- [ RunTime:0.001000s ]
SQL: SHOW COLUMNS FROM `db_manage` [ RunTime:0.0070s ]
SQL: SELECT * FROM `db_manage` WHERE `account` = 'sss' LIMIT 1   [ RunTime:0.0000s ]

[ 2017-04-06T08:31:47+08:00 ] ::1 /htdocs/index.php/Manage/User/checkAccount.html?account=sss
INFO: [ app_begin ] --START--
INFO: Run Behavior\ReadHtmlCacheBehavior [ RunTime:0.000000s ]
INFO: [ app_begin ] --END-- [ RunTime:0.001000s ]
SQL: SHOW COLUMNS FROM `db_manage` [ RunTime:0.0080s ]
SQL: SELECT * FROM `db_manage` WHERE `account` = 'sss' LIMIT 1   [ RunTime:0.0010s ]

[ 2017-04-06T08:32:04+08:00 ] ::1 /htdocs/index.php/Manage/User/checkAccount.html?account=sss
INFO: [ app_begin ] --START--
INFO: Run Behavior\ReadHtmlCacheBehavior [ RunTime:0.001000s ]
INFO: [ app_begin ] --END-- [ RunTime:0.001000s ]
SQL: SHOW COLUMNS FROM `db_manage` [ RunTime:0.0230s ]
SQL: SELECT * FROM `db_manage` WHERE `account` = 'sss' LIMIT 1   [ RunTime:0.0010s ]

[ 2017-04-06T08:32:06+08:00 ] ::1 /htdocs/index.php/Manage/User/checkAccount.html?account=
INFO: [ app_begin ] --START--
INFO: Run Behavior\ReadHtmlCacheBehavior [ RunTime:0.001000s ]
INFO: [ app_begin ] --END-- [ RunTime:0.001000s ]
SQL: SHOW COLUMNS FROM `db_manage` [ RunTime:0.0060s ]
SQL: SELECT * FROM `db_manage` WHERE `account` = '' LIMIT 1   [ RunTime:0.0000s ]

[ 2017-04-06T08:32:47+08:00 ] ::1 /htdocs/index.php/Manage/User/checkAccount.html?account=sss
INFO: [ app_begin ] --START--
INFO: Run Behavior\ReadHtmlCacheBehavior [ RunTime:0.000000s ]
INFO: [ app_begin ] --END-- [ RunTime:0.001000s ]
SQL: SHOW COLUMNS FROM `db_manage` [ RunTime:0.0250s ]
SQL: SELECT * FROM `db_manage` WHERE `account` = 'sss' LIMIT 1   [ RunTime:0.0010s ]

[ 2017-04-06T08:32:50+08:00 ] ::1 /htdocs/index.php/Manage/User/checkAccount.html?account=
INFO: [ app_begin ] --START--
INFO: Run Behavior\ReadHtmlCacheBehavior [ RunTime:0.001000s ]
INFO: [ app_begin ] --END-- [ RunTime:0.001000s ]
SQL: SHOW COLUMNS FROM `db_manage` [ RunTime:0.0180s ]
SQL: SELECT * FROM `db_manage` WHERE `account` = '' LIMIT 1   [ RunTime:0.0000s ]

[ 2017-04-06T08:33:00+08:00 ] ::1 /htdocs/index.php/Manage/User/checkAccount.html?account=sss
INFO: [ app_begin ] --START--
INFO: Run Behavior\ReadHtmlCacheBehavior [ RunTime:0.001000s ]
INFO: [ app_begin ] --END-- [ RunTime:0.001000s ]
SQL: SHOW COLUMNS FROM `db_manage` [ RunTime:0.0070s ]
SQL: SELECT * FROM `db_manage` WHERE `account` = 'sss' LIMIT 1   [ RunTime:0.0000s ]

[ 2017-04-06T08:34:38+08:00 ] ::1 /htdocs/index.php/Manage/User/checkAccount.html?account=sss
INFO: [ app_begin ] --START--
INFO: Run Behavior\ReadHtmlCacheBehavior [ RunTime:0.001000s ]
INFO: [ app_begin ] --END-- [ RunTime:0.001000s ]
SQL: SHOW COLUMNS FROM `db_manage` [ RunTime:0.0120s ]
SQL: SELECT * FROM `db_manage` WHERE `account` = 'sss' LIMIT 1   [ RunTime:0.0000s ]

[ 2017-04-06T08:36:01+08:00 ] ::1 /htdocs/index.php/Manage/User/checkAccount.html?account=sss
INFO: [ app_begin ] --START--
INFO: Run Behavior\ReadHtmlCacheBehavior [ RunTime:0.001000s ]
INFO: [ app_begin ] --END-- [ RunTime:0.001000s ]
SQL: SHOW COLUMNS FROM `db_manage` [ RunTime:0.0020s ]
SQL: SELECT * FROM `db_manage` WHERE `account` = 'sss' LIMIT 1   [ RunTime:0.0010s ]

[ 2017-04-06T08:36:08+08:00 ] ::1 /htdocs/index.php/Manage/User/checkAccount.html?account=sss
INFO: [ app_begin ] --START--
INFO: Run Behavior\ReadHtmlCacheBehavior [ RunTime:0.000000s ]
INFO: [ app_begin ] --END-- [ RunTime:0.001000s ]
SQL: SHOW COLUMNS FROM `db_manage` [ RunTime:0.0020s ]
SQL: SELECT * FROM `db_manage` WHERE `account` = 'sss' LIMIT 1   [ RunTime:0.0000s ]

[ 2017-04-06T08:36:43+08:00 ] ::1 /htdocs/index.php/Manage/User/checkAccount.html?account=sss
INFO: [ app_begin ] --START--
INFO: Run Behavior\ReadHtmlCacheBehavior [ RunTime:0.001000s ]
INFO: [ app_begin ] --END-- [ RunTime:0.001000s ]
SQL: SHOW COLUMNS FROM `db_manage` [ RunTime:0.0220s ]
SQL: SELECT * FROM `db_manage` WHERE `account` = 'sss' LIMIT 1   [ RunTime:0.0010s ]

[ 2017-04-06T08:36:46+08:00 ] ::1 /htdocs/index.php/Manage/User/checkAccount.html?account=sss
INFO: [ app_begin ] --START--
INFO: Run Behavior\ReadHtmlCacheBehavior [ RunTime:0.000000s ]
INFO: [ app_begin ] --END-- [ RunTime:0.001000s ]
SQL: SHOW COLUMNS FROM `db_manage` [ RunTime:0.0170s ]
SQL: SELECT * FROM `db_manage` WHERE `account` = 'sss' LIMIT 1   [ RunTime:0.0000s ]

[ 2017-04-06T08:36:52+08:00 ] ::1 /htdocs/index.php/Manage/User/checkAccount.html?account=sss
INFO: [ app_begin ] --START--
INFO: Run Behavior\ReadHtmlCacheBehavior [ RunTime:0.000000s ]
INFO: [ app_begin ] --END-- [ RunTime:0.001000s ]
SQL: SHOW COLUMNS FROM `db_manage` [ RunTime:0.0230s ]
SQL: SELECT * FROM `db_manage` WHERE `account` = 'sss' LIMIT 1   [ RunTime:0.0000s ]

[ 2017-04-06T08:37:06+08:00 ] ::1 /htdocs/index.php/Manage/User/checkAccount.html?account=qqq
INFO: [ app_begin ] --START--
INFO: Run Behavior\ReadHtmlCacheBehavior [ RunTime:0.000000s ]
INFO: [ app_begin ] --END-- [ RunTime:0.001000s ]
SQL: SHOW COLUMNS FROM `db_manage` [ RunTime:0.0200s ]
SQL: SELECT * FROM `db_manage` WHERE `account` = 'qqq' LIMIT 1   [ RunTime:0.0010s ]

[ 2017-04-06T08:39:51+08:00 ] ::1 /htdocs/index.php/Manage/User/checkAccount.html?account=
INFO: [ app_begin ] --START--
INFO: Run Behavior\ReadHtmlCacheBehavior [ RunTime:0.001000s ]
INFO: [ app_begin ] --END-- [ RunTime:0.001000s ]
SQL: SHOW COLUMNS FROM `db_manage` [ RunTime:0.0100s ]
SQL: SELECT * FROM `db_manage` WHERE `account` = '' LIMIT 1   [ RunTime:0.0000s ]

[ 2017-04-06T08:41:54+08:00 ] ::1 /htdocs/index.php/Manage/User/checkAccount.html?account=sss
INFO: [ app_begin ] --START--
INFO: Run Behavior\ReadHtmlCacheBehavior [ RunTime:0.000000s ]
INFO: [ app_begin ] --END-- [ RunTime:0.000000s ]
SQL: SHOW COLUMNS FROM `db_manage` [ RunTime:0.0030s ]
SQL: SELECT * FROM `db_manage` WHERE `account` = 'sss' LIMIT 1   [ RunTime:0.0000s ]

[ 2017-04-06T08:42:02+08:00 ] ::1 /htdocs/index.php/Manage/User/checkAccount.html?account=sss
INFO: [ app_begin ] --START--
INFO: Run Behavior\ReadHtmlCacheBehavior [ RunTime:0.000000s ]
INFO: [ app_begin ] --END-- [ RunTime:0.001000s ]
SQL: SHOW COLUMNS FROM `db_manage` [ RunTime:0.0080s ]
SQL: SELECT * FROM `db_manage` WHERE `account` = 'sss' LIMIT 1   [ RunTime:0.0000s ]

[ 2017-04-06T08:42:44+08:00 ] ::1 /htdocs/index.php/Manage/User/checkAccount.html?account=sss
INFO: [ app_begin ] --START--
INFO: Run Behavior\ReadHtmlCacheBehavior [ RunTime:0.001000s ]
INFO: [ app_begin ] --END-- [ RunTime:0.002000s ]
SQL: SHOW COLUMNS FROM `db_manage` [ RunTime:0.0080s ]
SQL: SELECT * FROM `db_manage` WHERE `account` = 'sss' LIMIT 1   [ RunTime:0.0010s ]

[ 2017-04-06T08:44:14+08:00 ] ::1 /htdocs/index.php/Manage/User/checkAccount.html?account=sss
INFO: [ app_begin ] --START--
INFO: Run Behavior\ReadHtmlCacheBehavior [ RunTime:0.001000s ]
INFO: [ app_begin ] --END-- [ RunTime:0.001000s ]
SQL: SHOW COLUMNS FROM `db_manage` [ RunTime:0.0210s ]
SQL: SELECT * FROM `db_manage` WHERE `account` = 'sss' LIMIT 1   [ RunTime:0.0010s ]

[ 2017-04-06T08:46:43+08:00 ] ::1 /htdocs/index.php/Manage/User/checkAccount.html?account=sss
INFO: [ app_begin ] --START--
INFO: Run Behavior\ReadHtmlCacheBehavior [ RunTime:0.001000s ]
INFO: [ app_begin ] --END-- [ RunTime:0.002000s ]
SQL: SHOW COLUMNS FROM `db_manage` [ RunTime:0.0230s ]
SQL: SELECT * FROM `db_manage` WHERE `account` = 'sss' LIMIT 1   [ RunTime:0.0010s ]

[ 2017-04-06T08:47:29+08:00 ] ::1 /htdocs/index.php/Manage/User/checkAccount.html?account=
INFO: [ app_begin ] --START--
INFO: Run Behavior\ReadHtmlCacheBehavior [ RunTime:0.000000s ]
INFO: [ app_begin ] --END-- [ RunTime:0.001000s ]
SQL: SHOW COLUMNS FROM `db_manage` [ RunTime:0.0230s ]
SQL: SELECT * FROM `db_manage` WHERE `account` = '' LIMIT 1   [ RunTime:0.0000s ]

[ 2017-04-06T08:47:32+08:00 ] ::1 /htdocs/index.php/Manage/User/checkAccount.html?account=sss
INFO: [ app_begin ] --START--
INFO: Run Behavior\ReadHtmlCacheBehavior [ RunTime:0.000000s ]
INFO: [ app_begin ] --END-- [ RunTime:0.001000s ]
SQL: SHOW COLUMNS FROM `db_manage` [ RunTime:0.0130s ]
SQL: SELECT * FROM `db_manage` WHERE `account` = 'sss' LIMIT 1   [ RunTime:0.0000s ]

[ 2017-04-06T08:52:19+08:00 ] ::1 /htdocs/index.php/Manage/User/checkAccount.html?account=sss
INFO: [ app_begin ] --START--
INFO: Run Behavior\ReadHtmlCacheBehavior [ RunTime:0.001000s ]
INFO: [ app_begin ] --END-- [ RunTime:0.001000s ]
SQL: SHOW COLUMNS FROM `db_manage` [ RunTime:0.0130s ]
SQL: SELECT * FROM `db_manage` WHERE `account` = 'sss' LIMIT 1   [ RunTime:0.0010s ]

[ 2017-04-06T08:55:32+08:00 ] ::1 /htdocs/index.php/Manage/User/checkAccount.html?account=
INFO: [ app_begin ] --START--
INFO: Run Behavior\ReadHtmlCacheBehavior [ RunTime:0.001000s ]
INFO: [ app_begin ] --END-- [ RunTime:0.001000s ]
SQL: SHOW COLUMNS FROM `db_manage` [ RunTime:0.0200s ]
SQL: SELECT * FROM `db_manage` WHERE `account` = '' LIMIT 1   [ RunTime:0.0010s ]

[ 2017-04-06T08:55:33+08:00 ] ::1 /htdocs/index.php/Manage/User/checkAccount.html?account=
INFO: [ app_begin ] --START--
INFO: Run Behavior\ReadHtmlCacheBehavior [ RunTime:0.000000s ]
INFO: [ app_begin ] --END-- [ RunTime:0.001000s ]
SQL: SHOW COLUMNS FROM `db_manage` [ RunTime:0.0130s ]
SQL: SELECT * FROM `db_manage` WHERE `account` = '' LIMIT 1   [ RunTime:0.0000s ]

[ 2017-04-06T08:55:34+08:00 ] ::1 /htdocs/index.php/Manage/User/checkAccount.html?account=
INFO: [ app_begin ] --START--
INFO: Run Behavior\ReadHtmlCacheBehavior [ RunTime:0.000000s ]
INFO: [ app_begin ] --END-- [ RunTime:0.000000s ]
SQL: SHOW COLUMNS FROM `db_manage` [ RunTime:0.0240s ]
SQL: SELECT * FROM `db_manage` WHERE `account` = '' LIMIT 1   [ RunTime:0.0010s ]

[ 2017-04-06T08:55:35+08:00 ] ::1 /htdocs/index.php/Manage/User/checkAccount.html?account=
INFO: [ app_begin ] --START--
INFO: Run Behavior\ReadHtmlCacheBehavior [ RunTime:0.001000s ]
INFO: [ app_begin ] --END-- [ RunTime:0.002000s ]
SQL: SHOW COLUMNS FROM `db_manage` [ RunTime:0.0060s ]
SQL: SELECT * FROM `db_manage` WHERE `account` = '' LIMIT 1   [ RunTime:0.0000s ]

[ 2017-04-06T09:02:07+08:00 ] ::1 /htdocs/index.php/Manage/User/checkAccount.html?account=sss
INFO: [ app_begin ] --START--
INFO: Run Behavior\ReadHtmlCacheBehavior [ RunTime:0.001000s ]
INFO: [ app_begin ] --END-- [ RunTime:0.001000s ]
SQL: SHOW COLUMNS FROM `db_manage` [ RunTime:0.0080s ]
SQL: SELECT * FROM `db_manage` WHERE `account` = 'sss' LIMIT 1   [ RunTime:0.0010s ]

[ 2017-04-06T09:04:18+08:00 ] ::1 /htdocs/index.php/Manage/User/checkAccount.html?account=
INFO: [ app_begin ] --START--
INFO: Run Behavior\ReadHtmlCacheBehavior [ RunTime:0.001000s ]
INFO: [ app_begin ] --END-- [ RunTime:0.001000s ]
SQL: SHOW COLUMNS FROM `db_manage` [ RunTime:0.0070s ]
SQL: SELECT * FROM `db_manage` WHERE `account` = '' LIMIT 1   [ RunTime:0.0010s ]

[ 2017-04-06T09:04:19+08:00 ] ::1 /htdocs/index.php/Manage/User/checkAccount.html?account=
INFO: [ app_begin ] --START--
INFO: Run Behavior\ReadHtmlCacheBehavior [ RunTime:0.001000s ]
INFO: [ app_begin ] --END-- [ RunTime:0.001000s ]
SQL: SHOW COLUMNS FROM `db_manage` [ RunTime:0.0180s ]
SQL: SELECT * FROM `db_manage` WHERE `account` = '' LIMIT 1   [ RunTime:0.0010s ]

[ 2017-04-06T09:04:20+08:00 ] ::1 /htdocs/index.php/Manage/User/checkAccount.html?account=
INFO: [ app_begin ] --START--
INFO: Run Behavior\ReadHtmlCacheBehavior [ RunTime:0.001000s ]
INFO: [ app_begin ] --END-- [ RunTime:0.002000s ]
SQL: SHOW COLUMNS FROM `db_manage` [ RunTime:0.0230s ]
SQL: SELECT * FROM `db_manage` WHERE `account` = '' LIMIT 1   [ RunTime:0.0010s ]

[ 2017-04-06T09:04:21+08:00 ] ::1 /htdocs/index.php/Manage/User/checkAccount.html?account=
INFO: [ app_begin ] --START--
INFO: Run Behavior\ReadHtmlCacheBehavior [ RunTime:0.000000s ]
INFO: [ app_begin ] --END-- [ RunTime:0.001000s ]
SQL: SHOW COLUMNS FROM `db_manage` [ RunTime:0.0230s ]
SQL: SELECT * FROM `db_manage` WHERE `account` = '' LIMIT 1   [ RunTime:0.0010s ]

[ 2017-04-06T09:04:22+08:00 ] ::1 /htdocs/index.php/Manage/User/checkAccount.html?account=
INFO: [ app_begin ] --START--
INFO: Run Behavior\ReadHtmlCacheBehavior [ RunTime:0.001000s ]
INFO: [ app_begin ] --END-- [ RunTime:0.002000s ]
SQL: SHOW COLUMNS FROM `db_manage` [ RunTime:0.0220s ]
SQL: SELECT * FROM `db_manage` WHERE `account` = '' LIMIT 1   [ RunTime:0.0010s ]

[ 2017-04-06T09:04:23+08:00 ] ::1 /htdocs/index.php/Manage/User/checkAccount.html?account=
INFO: [ app_begin ] --START--
INFO: Run Behavior\ReadHtmlCacheBehavior [ RunTime:0.000000s ]
INFO: [ app_begin ] --END-- [ RunTime:0.001000s ]
SQL: SHOW COLUMNS FROM `db_manage` [ RunTime:0.0230s ]
SQL: SELECT * FROM `db_manage` WHERE `account` = '' LIMIT 1   [ RunTime:0.0010s ]

[ 2017-04-06T09:04:24+08:00 ] ::1 /htdocs/index.php/Manage/User/checkAccount.html?account=
INFO: [ app_begin ] --START--
INFO: Run Behavior\ReadHtmlCacheBehavior [ RunTime:0.001000s ]
INFO: [ app_begin ] --END-- [ RunTime:0.001000s ]
SQL: SHOW COLUMNS FROM `db_manage` [ RunTime:0.0230s ]
SQL: SELECT * FROM `db_manage` WHERE `account` = '' LIMIT 1   [ RunTime:0.0000s ]

[ 2017-04-06T09:05:17+08:00 ] ::1 /htdocs/index.php/Manage/User/checkAccount.html?account=sss
INFO: [ app_begin ] --START--
INFO: Run Behavior\ReadHtmlCacheBehavior [ RunTime:0.001000s ]
INFO: [ app_begin ] --END-- [ RunTime:0.001000s ]
SQL: SHOW COLUMNS FROM `db_manage` [ RunTime:0.0230s ]
SQL: SELECT * FROM `db_manage` WHERE `account` = 'sss' LIMIT 1   [ RunTime:0.0000s ]

[ 2017-04-06T09:05:34+08:00 ] ::1 /htdocs/index.php/Manage/User/checkAccount.html?account=
INFO: [ app_begin ] --START--
INFO: Run Behavior\ReadHtmlCacheBehavior [ RunTime:0.001000s ]
INFO: [ app_begin ] --END-- [ RunTime:0.001000s ]
SQL: SHOW COLUMNS FROM `db_manage` [ RunTime:0.0200s ]
SQL: SELECT * FROM `db_manage` WHERE `account` = '' LIMIT 1   [ RunTime:0.0000s ]

[ 2017-04-06T09:05:36+08:00 ] ::1 /htdocs/index.php/Manage/User/checkAccount.html?account=sss
INFO: [ app_begin ] --START--
INFO: Run Behavior\ReadHtmlCacheBehavior [ RunTime:0.001000s ]
INFO: [ app_begin ] --END-- [ RunTime:0.001000s ]
SQL: SHOW COLUMNS FROM `db_manage` [ RunTime:0.0240s ]
SQL: SELECT * FROM `db_manage` WHERE `account` = 'sss' LIMIT 1   [ RunTime:0.0010s ]

[ 2017-04-06T09:05:55+08:00 ] ::1 /htdocs/index.php/Manage/User/checkAccount.html?account=
INFO: [ app_begin ] --START--
INFO: Run Behavior\ReadHtmlCacheBehavior [ RunTime:0.000000s ]
INFO: [ app_begin ] --END-- [ RunTime:0.001000s ]
SQL: SHOW COLUMNS FROM `db_manage` [ RunTime:0.0220s ]
SQL: SELECT * FROM `db_manage` WHERE `account` = '' LIMIT 1   [ RunTime:0.0010s ]

[ 2017-04-06T09:05:56+08:00 ] ::1 /htdocs/index.php/Manage/User/checkAccount.html?account=sss
INFO: [ app_begin ] --START--
INFO: Run Behavior\ReadHtmlCacheBehavior [ RunTime:0.000000s ]
INFO: [ app_begin ] --END-- [ RunTime:0.001000s ]
SQL: SHOW COLUMNS FROM `db_manage` [ RunTime:0.0230s ]
SQL: SELECT * FROM `db_manage` WHERE `account` = 'sss' LIMIT 1   [ RunTime:0.0000s ]

[ 2017-04-06T09:07:53+08:00 ] ::1 /htdocs/index.php/Manage/User/checkAccount.html?account=
INFO: [ app_begin ] --START--
INFO: Run Behavior\ReadHtmlCacheBehavior [ RunTime:0.000000s ]
INFO: [ app_begin ] --END-- [ RunTime:0.000000s ]
SQL: SHOW COLUMNS FROM `db_manage` [ RunTime:0.0030s ]
SQL: SELECT * FROM `db_manage` WHERE `account` = '' LIMIT 1   [ RunTime:0.0010s ]

[ 2017-04-06T09:07:55+08:00 ] ::1 /htdocs/index.php/Manage/User/checkAccount.html?account=sss
INFO: [ app_begin ] --START--
INFO: Run Behavior\ReadHtmlCacheBehavior [ RunTime:0.001000s ]
INFO: [ app_begin ] --END-- [ RunTime:0.001000s ]
SQL: SHOW COLUMNS FROM `db_manage` [ RunTime:0.0080s ]
SQL: SELECT * FROM `db_manage` WHERE `account` = 'sss' LIMIT 1   [ RunTime:0.0010s ]

[ 2017-04-06T09:08:54+08:00 ] ::1 /htdocs/index.php/Manage/User/checkAccount.html?account=
INFO: [ app_begin ] --START--
INFO: Run Behavior\ReadHtmlCacheBehavior [ RunTime:0.000000s ]
INFO: [ app_begin ] --END-- [ RunTime:0.001000s ]
SQL: SHOW COLUMNS FROM `db_manage` [ RunTime:0.0210s ]
SQL: SELECT * FROM `db_manage` WHERE `account` = '' LIMIT 1   [ RunTime:0.0000s ]

[ 2017-04-06T09:08:56+08:00 ] ::1 /htdocs/index.php/Manage/User/checkAccount.html?account=sss
INFO: [ app_begin ] --START--
INFO: Run Behavior\ReadHtmlCacheBehavior [ RunTime:0.001000s ]
INFO: [ app_begin ] --END-- [ RunTime:0.001000s ]
SQL: SHOW COLUMNS FROM `db_manage` [ RunTime:0.0230s ]
SQL: SELECT * FROM `db_manage` WHERE `account` = 'sss' LIMIT 1   [ RunTime:0.0000s ]

[ 2017-04-06T09:09:25+08:00 ] ::1 /htdocs/index.php/Manage/User/checkAccount.html?account=
INFO: [ app_begin ] --START--
INFO: Run Behavior\ReadHtmlCacheBehavior [ RunTime:0.001000s ]
INFO: [ app_begin ] --END-- [ RunTime:0.002000s ]
SQL: SHOW COLUMNS FROM `db_manage` [ RunTime:0.0210s ]
SQL: SELECT * FROM `db_manage` WHERE `account` = '' LIMIT 1   [ RunTime:0.0010s ]

[ 2017-04-06T09:09:27+08:00 ] ::1 /htdocs/index.php/Manage/User/checkAccount.html?account=sss
INFO: [ app_begin ] --START--
INFO: Run Behavior\ReadHtmlCacheBehavior [ RunTime:0.002000s ]
INFO: [ app_begin ] --END-- [ RunTime:0.002000s ]
SQL: SHOW COLUMNS FROM `db_manage` [ RunTime:0.0070s ]
SQL: SELECT * FROM `db_manage` WHERE `account` = 'sss' LIMIT 1   [ RunTime:0.0000s ]

[ 2017-04-06T09:09:43+08:00 ] ::1 /htdocs/index.php/Manage/User/checkAccount.html?account=
INFO: [ app_begin ] --START--
INFO: Run Behavior\ReadHtmlCacheBehavior [ RunTime:0.000000s ]
INFO: [ app_begin ] --END-- [ RunTime:0.001000s ]
SQL: SHOW COLUMNS FROM `db_manage` [ RunTime:0.0180s ]
SQL: SELECT * FROM `db_manage` WHERE `account` = '' LIMIT 1   [ RunTime:0.0000s ]

[ 2017-04-06T09:09:45+08:00 ] ::1 /htdocs/index.php/Manage/User/checkAccount.html?account=sss
INFO: [ app_begin ] --START--
INFO: Run Behavior\ReadHtmlCacheBehavior [ RunTime:0.000000s ]
INFO: [ app_begin ] --END-- [ RunTime:0.001000s ]
SQL: SHOW COLUMNS FROM `db_manage` [ RunTime:0.0240s ]
SQL: SELECT * FROM `db_manage` WHERE `account` = 'sss' LIMIT 1   [ RunTime:0.0010s ]

[ 2017-04-06T09:10:10+08:00 ] ::1 /htdocs/index.php/Manage/User/checkAccount.html?account=
INFO: [ app_begin ] --START--
INFO: Run Behavior\ReadHtmlCacheBehavior [ RunTime:0.001000s ]
INFO: [ app_begin ] --END-- [ RunTime:0.002000s ]
SQL: SHOW COLUMNS FROM `db_manage` [ RunTime:0.0240s ]
SQL: SELECT * FROM `db_manage` WHERE `account` = '' LIMIT 1   [ RunTime:0.0000s ]

[ 2017-04-06T09:10:12+08:00 ] ::1 /htdocs/index.php/Manage/User/checkAccount.html?account=sss
INFO: [ app_begin ] --START--
INFO: Run Behavior\ReadHtmlCacheBehavior [ RunTime:0.001000s ]
INFO: [ app_begin ] --END-- [ RunTime:0.001000s ]
SQL: SHOW COLUMNS FROM `db_manage` [ RunTime:0.0240s ]
SQL: SELECT * FROM `db_manage` WHERE `account` = 'sss' LIMIT 1   [ RunTime:0.0010s ]

[ 2017-04-06T09:11:01+08:00 ] ::1 /htdocs/index.php/Manage/User/checkAccount.html?account=
INFO: [ app_begin ] --START--
INFO: Run Behavior\ReadHtmlCacheBehavior [ RunTime:0.001000s ]
INFO: [ app_begin ] --END-- [ RunTime:0.001000s ]
SQL: SHOW COLUMNS FROM `db_manage` [ RunTime:0.0150s ]
SQL: SELECT * FROM `db_manage` WHERE `account` = '' LIMIT 1   [ RunTime:0.0010s ]

[ 2017-04-06T09:11:03+08:00 ] ::1 /htdocs/index.php/Manage/User/checkAccount.html?account=sss
INFO: [ app_begin ] --START--
INFO: Run Behavior\ReadHtmlCacheBehavior [ RunTime:0.000000s ]
INFO: [ app_begin ] --END-- [ RunTime:0.002000s ]
SQL: SHOW COLUMNS FROM `db_manage` [ RunTime:0.0090s ]
SQL: SELECT * FROM `db_manage` WHERE `account` = 'sss' LIMIT 1   [ RunTime:0.0000s ]

[ 2017-04-06T09:11:14+08:00 ] ::1 /htdocs/index.php/Manage/User/checkAccount.html?account=
INFO: [ app_begin ] --START--
INFO: Run Behavior\ReadHtmlCacheBehavior [ RunTime:0.001000s ]
INFO: [ app_begin ] --END-- [ RunTime:0.001000s ]
SQL: SHOW COLUMNS FROM `db_manage` [ RunTime:0.0050s ]
SQL: SELECT * FROM `db_manage` WHERE `account` = '' LIMIT 1   [ RunTime:0.0000s ]

[ 2017-04-06T09:11:38+08:00 ] ::1 /htdocs/index.php/Manage/User/checkAccount.html?account=
INFO: [ app_begin ] --START--
INFO: Run Behavior\ReadHtmlCacheBehavior [ RunTime:0.001000s ]
INFO: [ app_begin ] --END-- [ RunTime:0.001000s ]
SQL: SHOW COLUMNS FROM `db_manage` [ RunTime:0.0050s ]
SQL: SELECT * FROM `db_manage` WHERE `account` = '' LIMIT 1   [ RunTime:0.0000s ]

[ 2017-04-06T09:11:40+08:00 ] ::1 /htdocs/index.php/Manage/User/checkAccount.html?account=sss
INFO: [ app_begin ] --START--
INFO: Run Behavior\ReadHtmlCacheBehavior [ RunTime:0.001000s ]
INFO: [ app_begin ] --END-- [ RunTime:0.001000s ]
SQL: SHOW COLUMNS FROM `db_manage` [ RunTime:0.0030s ]
SQL: SELECT * FROM `db_manage` WHERE `account` = 'sss' LIMIT 1   [ RunTime:0.0000s ]

[ 2017-04-06T09:11:43+08:00 ] ::1 /htdocs/index.php/Manage/User/checkAccount.html?account=
INFO: [ app_begin ] --START--
INFO: Run Behavior\ReadHtmlCacheBehavior [ RunTime:0.000000s ]
INFO: [ app_begin ] --END-- [ RunTime:0.001000s ]
SQL: SHOW COLUMNS FROM `db_manage` [ RunTime:0.0080s ]
SQL: SELECT * FROM `db_manage` WHERE `account` = '' LIMIT 1   [ RunTime:0.0000s ]

[ 2017-04-06T09:12:10+08:00 ] ::1 /htdocs/index.php/Manage/User/checkAccount.html?account=
INFO: [ app_begin ] --START--
INFO: Run Behavior\ReadHtmlCacheBehavior [ RunTime:0.001000s ]
INFO: [ app_begin ] --END-- [ RunTime:0.001000s ]
SQL: SHOW COLUMNS FROM `db_manage` [ RunTime:0.0080s ]
SQL: SELECT * FROM `db_manage` WHERE `account` = '' LIMIT 1   [ RunTime:0.0010s ]

[ 2017-04-06T09:12:12+08:00 ] ::1 /htdocs/index.php/Manage/User/checkAccount.html?account=sss
INFO: [ app_begin ] --START--
INFO: Run Behavior\ReadHtmlCacheBehavior [ RunTime:0.000000s ]
INFO: [ app_begin ] --END-- [ RunTime:0.002000s ]
SQL: SHOW COLUMNS FROM `db_manage` [ RunTime:0.0080s ]
SQL: SELECT * FROM `db_manage` WHERE `account` = 'sss' LIMIT 1   [ RunTime:0.0000s ]

[ 2017-04-06T09:12:17+08:00 ] ::1 /htdocs/index.php/Manage/User/checkAccount.html?account=
INFO: [ app_begin ] --START--
INFO: Run Behavior\ReadHtmlCacheBehavior [ RunTime:0.001000s ]
INFO: [ app_begin ] --END-- [ RunTime:0.001000s ]
SQL: SHOW COLUMNS FROM `db_manage` [ RunTime:0.0080s ]
SQL: SELECT * FROM `db_manage` WHERE `account` = '' LIMIT 1   [ RunTime:0.0010s ]

[ 2017-04-06T09:12:19+08:00 ] ::1 /htdocs/index.php/Manage/User/checkAccount.html?account=
INFO: [ app_begin ] --START--
INFO: Run Behavior\ReadHtmlCacheBehavior [ RunTime:0.001000s ]
INFO: [ app_begin ] --END-- [ RunTime:0.002000s ]
SQL: SHOW COLUMNS FROM `db_manage` [ RunTime:0.0030s ]
SQL: SELECT * FROM `db_manage` WHERE `account` = '' LIMIT 1   [ RunTime:0.0010s ]

[ 2017-04-06T09:12:29+08:00 ] ::1 /htdocs/index.php/Manage/User/checkAccount.html?account=
INFO: [ app_begin ] --START--
INFO: Run Behavior\ReadHtmlCacheBehavior [ RunTime:0.000000s ]
INFO: [ app_begin ] --END-- [ RunTime:0.001000s ]
SQL: SHOW COLUMNS FROM `db_manage` [ RunTime:0.0090s ]
SQL: SELECT * FROM `db_manage` WHERE `account` = '' LIMIT 1   [ RunTime:0.0000s ]

[ 2017-04-06T09:12:31+08:00 ] ::1 /htdocs/index.php/Manage/User/checkAccount.html?account=sss
INFO: [ app_begin ] --START--
INFO: Run Behavior\ReadHtmlCacheBehavior [ RunTime:0.001000s ]
INFO: [ app_begin ] --END-- [ RunTime:0.001000s ]
SQL: SHOW COLUMNS FROM `db_manage` [ RunTime:0.0090s ]
SQL: SELECT * FROM `db_manage` WHERE `account` = 'sss' LIMIT 1   [ RunTime:0.0000s ]

[ 2017-04-06T09:13:06+08:00 ] ::1 /htdocs/index.php/Manage/User/checkAccount.html?account=
INFO: [ app_begin ] --START--
INFO: Run Behavior\ReadHtmlCacheBehavior [ RunTime:0.001000s ]
INFO: [ app_begin ] --END-- [ RunTime:0.001000s ]
SQL: SHOW COLUMNS FROM `db_manage` [ RunTime:0.0060s ]
SQL: SELECT * FROM `db_manage` WHERE `account` = '' LIMIT 1   [ RunTime:0.0010s ]

[ 2017-04-06T09:13:08+08:00 ] ::1 /htdocs/index.php/Manage/User/checkAccount.html?account=sss
INFO: [ app_begin ] --START--
INFO: Run Behavior\ReadHtmlCacheBehavior [ RunTime:0.001000s ]
INFO: [ app_begin ] --END-- [ RunTime:0.001000s ]
SQL: SHOW COLUMNS FROM `db_manage` [ RunTime:0.0050s ]
SQL: SELECT * FROM `db_manage` WHERE `account` = 'sss' LIMIT 1   [ RunTime:0.0000s ]

[ 2017-04-06T09:16:14+08:00 ] ::1 /htdocs/index.php/Manage/User/checkAccount.html?account=
INFO: [ app_begin ] --START--
INFO: Run Behavior\ReadHtmlCacheBehavior [ RunTime:0.001000s ]
INFO: [ app_begin ] --END-- [ RunTime:0.001000s ]
SQL: SHOW COLUMNS FROM `db_manage` [ RunTime:0.0030s ]
SQL: SELECT * FROM `db_manage` WHERE `account` = '' LIMIT 1   [ RunTime:0.0010s ]

[ 2017-04-06T09:17:28+08:00 ] ::1 /htdocs/index.php/Manage/User/checkAccount.html?account=sss
INFO: [ app_begin ] --START--
INFO: Run Behavior\ReadHtmlCacheBehavior [ RunTime:0.001000s ]
INFO: [ app_begin ] --END-- [ RunTime:0.001000s ]
SQL: SHOW COLUMNS FROM `db_manage` [ RunTime:0.0030s ]
SQL: SELECT * FROM `db_manage` WHERE `account` = 'sss' LIMIT 1   [ RunTime:0.0010s ]

[ 2017-04-06T09:22:36+08:00 ] ::1 /htdocs/index.php/Manage/User/checkAccount.html?account=
INFO: [ app_begin ] --START--
INFO: Run Behavior\ReadHtmlCacheBehavior [ RunTime:0.000000s ]
INFO: [ app_begin ] --END-- [ RunTime:0.001000s ]
SQL: SHOW COLUMNS FROM `db_manage` [ RunTime:0.0070s ]
SQL: SELECT * FROM `db_manage` WHERE `account` = '' LIMIT 1   [ RunTime:0.0000s ]

[ 2017-04-06T09:22:38+08:00 ] ::1 /htdocs/index.php/Manage/User/checkAccount.html?account=sss
INFO: [ app_begin ] --START--
INFO: Run Behavior\ReadHtmlCacheBehavior [ RunTime:0.001000s ]
INFO: [ app_begin ] --END-- [ RunTime:0.001000s ]
SQL: SHOW COLUMNS FROM `db_manage` [ RunTime:0.0090s ]
SQL: SELECT * FROM `db_manage` WHERE `account` = 'sss' LIMIT 1   [ RunTime:0.0000s ]

[ 2017-04-06T09:23:59+08:00 ] ::1 /htdocs/index.php/Manage/User/checkAccount.html?account=
INFO: [ app_begin ] --START--
INFO: Run Behavior\ReadHtmlCacheBehavior [ RunTime:0.001000s ]
INFO: [ app_begin ] --END-- [ RunTime:0.001000s ]
SQL: SHOW COLUMNS FROM `db_manage` [ RunTime:0.0070s ]
SQL: SELECT * FROM `db_manage` WHERE `account` = '' LIMIT 1   [ RunTime:0.0010s ]

[ 2017-04-06T09:24:01+08:00 ] ::1 /htdocs/index.php/Manage/User/checkAccount.html?account=sss
INFO: [ app_begin ] --START--
INFO: Run Behavior\ReadHtmlCacheBehavior [ RunTime:0.001000s ]
INFO: [ app_begin ] --END-- [ RunTime:0.001000s ]
SQL: SHOW COLUMNS FROM `db_manage` [ RunTime:0.0080s ]
SQL: SELECT * FROM `db_manage` WHERE `account` = 'sss' LIMIT 1   [ RunTime:0.0010s ]

[ 2017-04-06T09:24:20+08:00 ] ::1 /htdocs/index.php/Manage/User/checkAccount.html?account=
INFO: [ app_begin ] --START--
INFO: Run Behavior\ReadHtmlCacheBehavior [ RunTime:0.000000s ]
INFO: [ app_begin ] --END-- [ RunTime:0.000000s ]
SQL: SHOW COLUMNS FROM `db_manage` [ RunTime:0.0080s ]
SQL: SELECT * FROM `db_manage` WHERE `account` = '' LIMIT 1   [ RunTime:0.0000s ]

[ 2017-04-06T09:24:22+08:00 ] ::1 /htdocs/index.php/Manage/User/checkAccount.html?account=sss
INFO: [ app_begin ] --START--
INFO: Run Behavior\ReadHtmlCacheBehavior [ RunTime:0.000000s ]
INFO: [ app_begin ] --END-- [ RunTime:0.000000s ]
SQL: SHOW COLUMNS FROM `db_manage` [ RunTime:0.0080s ]
SQL: SELECT * FROM `db_manage` WHERE `account` = 'sss' LIMIT 1   [ RunTime:0.0000s ]

[ 2017-04-06T09:24:55+08:00 ] ::1 /htdocs/index.php/Manage/User/checkAccount.html?account=
INFO: [ app_begin ] --START--
INFO: Run Behavior\ReadHtmlCacheBehavior [ RunTime:0.001000s ]
INFO: [ app_begin ] --END-- [ RunTime:0.001000s ]
SQL: SHOW COLUMNS FROM `db_manage` [ RunTime:0.0030s ]
SQL: SELECT * FROM `db_manage` WHERE `account` = '' LIMIT 1   [ RunTime:0.0000s ]

[ 2017-04-06T09:24:58+08:00 ] ::1 /htdocs/index.php/Manage/User/checkAccount.html?account=
INFO: [ app_begin ] --START--
INFO: Run Behavior\ReadHtmlCacheBehavior [ RunTime:0.001000s ]
INFO: [ app_begin ] --END-- [ RunTime:0.002000s ]
SQL: SHOW COLUMNS FROM `db_manage` [ RunTime:0.0030s ]
SQL: SELECT * FROM `db_manage` WHERE `account` = '' LIMIT 1   [ RunTime:0.0010s ]

[ 2017-04-06T09:25:31+08:00 ] ::1 /htdocs/index.php/Manage/User/checkAccount.html?account=
INFO: [ app_begin ] --START--
INFO: Run Behavior\ReadHtmlCacheBehavior [ RunTime:0.001000s ]
INFO: [ app_begin ] --END-- [ RunTime:0.001000s ]
SQL: SHOW COLUMNS FROM `db_manage` [ RunTime:0.0050s ]
SQL: SELECT * FROM `db_manage` WHERE `account` = '' LIMIT 1   [ RunTime:0.0000s ]

[ 2017-04-06T09:28:06+08:00 ] ::1 /htdocs/index.php/Manage/User/checkAccount.html?account=
INFO: [ app_begin ] --START--
INFO: Run Behavior\ReadHtmlCacheBehavior [ RunTime:0.001000s ]
INFO: [ app_begin ] --END-- [ RunTime:0.001000s ]
SQL: SHOW COLUMNS FROM `db_manage` [ RunTime:0.0060s ]
SQL: SELECT * FROM `db_manage` WHERE `account` = '' LIMIT 1   [ RunTime:0.0000s ]

[ 2017-04-06T09:28:28+08:00 ] ::1 /htdocs/index.php/Manage/User/checkAccount.html?account=
INFO: [ app_begin ] --START--
INFO: Run Behavior\ReadHtmlCacheBehavior [ RunTime:0.001000s ]
INFO: [ app_begin ] --END-- [ RunTime:0.001000s ]
SQL: SHOW COLUMNS FROM `db_manage` [ RunTime:0.0080s ]
SQL: SELECT * FROM `db_manage` WHERE `account` = '' LIMIT 1   [ RunTime:0.0000s ]

[ 2017-04-06T09:28:32+08:00 ] ::1 /htdocs/index.php/Manage/User/checkAccount.html?account=tt
INFO: [ app_begin ] --START--
INFO: Run Behavior\ReadHtmlCacheBehavior [ RunTime:0.000000s ]
INFO: [ app_begin ] --END-- [ RunTime:0.001000s ]
SQL: SHOW COLUMNS FROM `db_manage` [ RunTime:0.0050s ]
SQL: SELECT * FROM `db_manage` WHERE `account` = 'tt' LIMIT 1   [ RunTime:0.0000s ]

[ 2017-04-06T09:30:19+08:00 ] ::1 /htdocs/index.php/Manage/User/checkAccount.html?account=
INFO: [ app_begin ] --START--
INFO: Run Behavior\ReadHtmlCacheBehavior [ RunTime:0.001000s ]
INFO: [ app_begin ] --END-- [ RunTime:0.001000s ]
SQL: SHOW COLUMNS FROM `db_manage` [ RunTime:0.0030s ]
SQL: SELECT * FROM `db_manage` WHERE `account` = '' LIMIT 1   [ RunTime:0.0000s ]

[ 2017-04-06T09:34:48+08:00 ] ::1 /htdocs/index.php/Manage/User/checkAccount.html?account=
INFO: [ app_begin ] --START--
INFO: Run Behavior\ReadHtmlCacheBehavior [ RunTime:0.000000s ]
INFO: [ app_begin ] --END-- [ RunTime:0.001000s ]
SQL: SHOW COLUMNS FROM `db_manage` [ RunTime:0.0070s ]
SQL: SELECT * FROM `db_manage` WHERE `account` = '' LIMIT 1   [ RunTime:0.0000s ]

[ 2017-04-06T09:34:50+08:00 ] ::1 /htdocs/index.php/Manage/User/checkAccount.html?account=qq
INFO: [ app_begin ] --START--
INFO: Run Behavior\ReadHtmlCacheBehavior [ RunTime:0.001000s ]
INFO: [ app_begin ] --END-- [ RunTime:0.001000s ]
SQL: SHOW COLUMNS FROM `db_manage` [ RunTime:0.0080s ]
SQL: SELECT * FROM `db_manage` WHERE `account` = 'qq' LIMIT 1   [ RunTime:0.0010s ]

[ 2017-04-06T09:35:49+08:00 ] ::1 /htdocs/index.php/Manage/User/checkAccount.html?account=w
INFO: [ app_begin ] --START--
INFO: Run Behavior\ReadHtmlCacheBehavior [ RunTime:0.001000s ]
INFO: [ app_begin ] --END-- [ RunTime:0.001000s ]
SQL: SHOW COLUMNS FROM `db_manage` [ RunTime:0.0070s ]
SQL: SELECT * FROM `db_manage` WHERE `account` = 'w' LIMIT 1   [ RunTime:0.0010s ]

[ 2017-04-06T09:36:37+08:00 ] ::1 /htdocs/index.php/Manage/User/checkAccount.html?account=a
INFO: [ app_begin ] --START--
INFO: Run Behavior\ReadHtmlCacheBehavior [ RunTime:0.001000s ]
INFO: [ app_begin ] --END-- [ RunTime:0.001000s ]
SQL: SHOW COLUMNS FROM `db_manage` [ RunTime:0.0080s ]
SQL: SELECT * FROM `db_manage` WHERE `account` = 'a' LIMIT 1   [ RunTime:0.0000s ]

[ 2017-04-06T09:37:11+08:00 ] ::1 /htdocs/index.php/Manage/User/checkAccount.html?account=a
INFO: [ app_begin ] --START--
INFO: Run Behavior\ReadHtmlCacheBehavior [ RunTime:0.001000s ]
INFO: [ app_begin ] --END-- [ RunTime:0.001000s ]
SQL: SHOW COLUMNS FROM `db_manage` [ RunTime:0.0080s ]
SQL: SELECT * FROM `db_manage` WHERE `account` = 'a' LIMIT 1   [ RunTime:0.0010s ]

[ 2017-04-06T09:41:00+08:00 ] ::1 /htdocs/index.php/Manage/User/checkAccount.html?account=x
INFO: [ app_begin ] --START--
INFO: Run Behavior\ReadHtmlCacheBehavior [ RunTime:0.000000s ]
INFO: [ app_begin ] --END-- [ RunTime:0.000000s ]
SQL: SHOW COLUMNS FROM `db_manage` [ RunTime:0.0030s ]
SQL: SELECT * FROM `db_manage` WHERE `account` = 'x' LIMIT 1   [ RunTime:0.0000s ]

[ 2017-04-06T09:41:52+08:00 ] ::1 /htdocs/index.php/Manage/User/checkAccount.html?account=x
INFO: [ app_begin ] --START--
INFO: Run Behavior\ReadHtmlCacheBehavior [ RunTime:0.001000s ]
INFO: [ app_begin ] --END-- [ RunTime:0.002000s ]
SQL: SHOW COLUMNS FROM `db_manage` [ RunTime:0.0070s ]
SQL: SELECT * FROM `db_manage` WHERE `account` = 'x' LIMIT 1   [ RunTime:0.0000s ]

[ 2017-04-06T09:45:33+08:00 ] ::1 /htdocs/index.php/Manage/User/checkAccount.html?account=x
INFO: [ app_begin ] --START--
INFO: Run Behavior\ReadHtmlCacheBehavior [ RunTime:0.000000s ]
INFO: [ app_begin ] --END-- [ RunTime:0.000000s ]
SQL: SHOW COLUMNS FROM `db_manage` [ RunTime:0.0080s ]
SQL: SELECT * FROM `db_manage` WHERE `account` = 'x' LIMIT 1   [ RunTime:0.0000s ]

[ 2017-04-06T10:03:14+08:00 ] ::1 /htdocs/index.php/Manage/User/checkAccount.html?account=x
INFO: [ app_begin ] --START--
INFO: Run Behavior\ReadHtmlCacheBehavior [ RunTime:0.001000s ]
INFO: [ app_begin ] --END-- [ RunTime:0.001000s ]
SQL: SHOW COLUMNS FROM `db_manage` [ RunTime:0.0080s ]
SQL: SELECT * FROM `db_manage` WHERE `account` = 'x' LIMIT 1   [ RunTime:0.0010s ]

[ 2017-04-06T10:04:00+08:00 ] ::1 /htdocs/index.php/Manage/User/checkAccount.html?account=x
INFO: [ app_begin ] --START--
INFO: Run Behavior\ReadHtmlCacheBehavior [ RunTime:0.001000s ]
INFO: [ app_begin ] --END-- [ RunTime:0.001000s ]
SQL: SHOW COLUMNS FROM `db_manage` [ RunTime:0.0080s ]
SQL: SELECT * FROM `db_manage` WHERE `account` = 'x' LIMIT 1   [ RunTime:0.0010s ]

[ 2017-04-06T10:17:36+08:00 ] ::1 /htdocs/index.php/Manage/User/checkAccount.html?account=x
INFO: [ app_begin ] --START--
INFO: Run Behavior\ReadHtmlCacheBehavior [ RunTime:0.001000s ]
INFO: [ app_begin ] --END-- [ RunTime:0.002000s ]
SQL: SHOW COLUMNS FROM `db_manage` [ RunTime:0.0140s ]
SQL: SELECT * FROM `db_manage` WHERE `account` = 'x' LIMIT 1   [ RunTime:0.0000s ]

[ 2017-04-06T10:18:34+08:00 ] ::1 /htdocs/index.php/Manage/User/checkAccount.html?account=w
INFO: [ app_begin ] --START--
INFO: Run Behavior\ReadHtmlCacheBehavior [ RunTime:0.000000s ]
INFO: [ app_begin ] --END-- [ RunTime:0.000000s ]
SQL: SHOW COLUMNS FROM `db_manage` [ RunTime:0.0210s ]
SQL: SELECT * FROM `db_manage` WHERE `account` = 'w' LIMIT 1   [ RunTime:0.0000s ]

[ 2017-04-06T10:21:00+08:00 ] ::1 /htdocs/index.php/Manage/User/checkAccount.html?account=
INFO: [ app_begin ] --START--
INFO: Run Behavior\ReadHtmlCacheBehavior [ RunTime:0.001000s ]
INFO: [ app_begin ] --END-- [ RunTime:0.001000s ]
SQL: SHOW COLUMNS FROM `db_manage` [ RunTime:0.0020s ]
SQL: SELECT * FROM `db_manage` WHERE `account` = '' LIMIT 1   [ RunTime:0.0010s ]

[ 2017-04-06T10:21:01+08:00 ] ::1 /htdocs/index.php/Manage/User/checkAccount.html?account=
INFO: [ app_begin ] --START--
INFO: Run Behavior\ReadHtmlCacheBehavior [ RunTime:0.000000s ]
INFO: [ app_begin ] --END-- [ RunTime:0.000000s ]
SQL: SHOW COLUMNS FROM `db_manage` [ RunTime:0.0080s ]
SQL: SELECT * FROM `db_manage` WHERE `account` = '' LIMIT 1   [ RunTime:0.0000s ]

[ 2017-04-06T10:29:40+08:00 ] ::1 /htdocs/index.php/Manage/Index/page.html
ERR: 非法操作:page

[ 2017-04-06T10:29:41+08:00 ] ::1 /htdocs/index.php/Manage/Index/adv.html
ERR: 非法操作:adv

[ 2017-04-06T10:29:41+08:00 ] ::1 /htdocs/index.php/Manage/Index/book.html
ERR: 非法操作:book

[ 2017-04-06T10:29:42+08:00 ] ::1 /htdocs/index.php/Manage/Index/column.html
ERR: 非法操作:column

[ 2017-04-06T10:29:46+08:00 ] ::1 /htdocs/index.php/Manage/Index/cate.html
ERR: 非法操作:cate

[ 2017-04-06T10:29:47+08:00 ] ::1 /htdocs/index.php/Manage/Index/add.html
ERR: 非法操作:add

[ 2017-04-06T10:29:48+08:00 ] ::1 /htdocs/index.php/Manage/Index/list.html
ERR: 非法操作:list

[ 2017-04-06T10:29:48+08:00 ] ::1 /htdocs/index.php/Manage/Index/cate.html
ERR: 非法操作:cate

[ 2017-04-06T10:29:49+08:00 ] ::1 /htdocs/index.php/Manage/Index/cate.html
ERR: 非法操作:cate

[ 2017-04-06T10:29:49+08:00 ] ::1 /htdocs/index.php/Manage/Index/add.html
ERR: 非法操作:add

[ 2017-04-06T10:29:49+08:00 ] ::1 /htdocs/index.php/Manage/Index/list.html
ERR: 非法操作:list

[ 2017-04-06T10:29:50+08:00 ] ::1 /htdocs/index.php/Manage/Index/add.html
ERR: 非法操作:add

[ 2017-04-06T10:29:50+08:00 ] ::1 /htdocs/index.php/Manage/Index/cate.html
ERR: 非法操作:cate

[ 2017-04-06T10:29:50+08:00 ] ::1 /htdocs/index.php/Manage/Index/add.html
ERR: 非法操作:add

[ 2017-04-06T10:29:51+08:00 ] ::1 /htdocs/index.php/Manage/Index/list.html
ERR: 非法操作:list

[ 2017-04-06T10:29:53+08:00 ] ::1 /htdocs/index.php/Manage/Index/list.html
ERR: 非法操作:list

[ 2017-04-06T10:29:54+08:00 ] ::1 /htdocs/index.php/Manage/Index/add.html
ERR: 非法操作:add

[ 2017-04-06T10:29:54+08:00 ] ::1 /htdocs/index.php/Manage/Index/cate.html
ERR: 非法操作:cate

[ 2017-04-06T10:31:49+08:00 ] ::1 /htdocs/index.php/Manage/User/checkAccount.html?account=
INFO: [ app_begin ] --START--
INFO: Run Behavior\ReadHtmlCacheBehavior [ RunTime:0.001000s ]
INFO: [ app_begin ] --END-- [ RunTime:0.001000s ]
SQL: SHOW COLUMNS FROM `db_manage` [ RunTime:0.0100s ]
SQL: SELECT * FROM `db_manage` WHERE `account` = '' LIMIT 1   [ RunTime:0.0000s ]

[ 2017-04-06T10:31:52+08:00 ] ::1 /htdocs/index.php/Manage/User/checkAccount.html?account=sss
INFO: [ app_begin ] --START--
INFO: Run Behavior\ReadHtmlCacheBehavior [ RunTime:0.001000s ]
INFO: [ app_begin ] --END-- [ RunTime:0.002000s ]
SQL: SHOW COLUMNS FROM `db_manage` [ RunTime:0.0050s ]
SQL: SELECT * FROM `db_manage` WHERE `account` = 'sss' LIMIT 1   [ RunTime:0.0000s ]

[ 2017-04-06T10:32:07+08:00 ] ::1 /htdocs/index.php/Manage/User/checkAccount.html?account=
INFO: [ app_begin ] --START--
INFO: Run Behavior\ReadHtmlCacheBehavior [ RunTime:0.000000s ]
INFO: [ app_begin ] --END-- [ RunTime:0.001000s ]
SQL: SHOW COLUMNS FROM `db_manage` [ RunTime:0.0060s ]
SQL: SELECT * FROM `db_manage` WHERE `account` = '' LIMIT 1   [ RunTime:0.0000s ]

[ 2017-04-06T10:42:02+08:00 ] ::1 /htdocs/index.php/Manage/User/checkAccount.html?account=
INFO: [ app_begin ] --START--
INFO: Run Behavior\ReadHtmlCacheBehavior [ RunTime:0.000000s ]
INFO: [ app_begin ] --END-- [ RunTime:0.001000s ]
SQL: SHOW COLUMNS FROM `db_manage` [ RunTime:0.0060s ]
SQL: SELECT * FROM `db_manage` WHERE `account` = '' LIMIT 1   [ RunTime:0.0010s ]

[ 2017-04-06T11:22:01+08:00 ] ::1 /htdocs/index.php/Manage/User/checkAccount.html?account=sss
INFO: [ app_begin ] --START--
INFO: Run Behavior\ReadHtmlCacheBehavior [ RunTime:0.001000s ]
INFO: [ app_begin ] --END-- [ RunTime:0.002000s ]
SQL: SHOW COLUMNS FROM `db_manage` [ RunTime:0.0080s ]
SQL: SELECT * FROM `db_manage` WHERE `account` = 'sss' LIMIT 1   [ RunTime:0.0000s ]

[ 2017-04-06T11:41:04+08:00 ] ::1 /htdocs/index.php/Manage/Index/info.html
ERR: 非法操作:info

[ 2017-04-06T12:01:10+08:00 ] ::1 /htdocs/index.php/Manage/Index/info.html
ERR: 非法操作:info

[ 2017-04-06T13:24:13+08:00 ] ::1 /htdocs/index.php/Manage/Index/info.html
ERR: 非法操作:info

[ 2017-04-06T13:52:38+08:00 ] ::1 /htdocs/index.php/Manage/Index/info.html
ERR: 非法操作:info

[ 2017-04-06T13:56:11+08:00 ] ::1 /htdocs/index.php/Manage/Index/page.html
ERR: 非法操作:page

[ 2017-04-06T13:56:45+08:00 ] ::1 /htdocs/index.php/Manage/Index/page.html
ERR: 非法操作:page

[ 2017-04-06T13:56:48+08:00 ] ::1 /htdocs/index.php/Manage/Index/pass.html
ERR: 非法操作:pass

[ 2017-04-06T14:24:58+08:00 ] ::1 /htdocs/index.php/Manage/Index/info.html
ERR: 非法操作:info

[ 2017-04-06T15:20:33+08:00 ] ::1 /htdocs/index.php/Manage/User/checkAccount.html?account=
INFO: [ app_begin ] --START--
INFO: Run Behavior\ReadHtmlCacheBehavior [ RunTime:0.001000s ]
INFO: [ app_begin ] --END-- [ RunTime:0.001000s ]
SQL: SHOW COLUMNS FROM `db_manage` [ RunTime:0.0090s ]
SQL: SELECT * FROM `db_manage` WHERE `account` = '' LIMIT 1   [ RunTime:0.0000s ]

[ 2017-04-06T15:20:35+08:00 ] ::1 /htdocs/index.php/Manage/User/checkAccount.html?account=5464
INFO: [ app_begin ] --START--
INFO: Run Behavior\ReadHtmlCacheBehavior [ RunTime:0.000000s ]
INFO: [ app_begin ] --END-- [ RunTime:0.001000s ]
SQL: SHOW COLUMNS FROM `db_manage` [ RunTime:0.0030s ]
SQL: SELECT * FROM `db_manage` WHERE `account` = '5464' LIMIT 1   [ RunTime:0.0010s ]

[ 2017-04-06T15:23:18+08:00 ] ::1 /htdocs/index.php/Manage/User/checkAccount.html?account=123
INFO: [ app_begin ] --START--
INFO: Run Behavior\ReadHtmlCacheBehavior [ RunTime:0.001000s ]
INFO: [ app_begin ] --END-- [ RunTime:0.001000s ]
SQL: SHOW COLUMNS FROM `db_manage` [ RunTime:0.0060s ]
SQL: SELECT * FROM `db_manage` WHERE `account` = '123' LIMIT 1   [ RunTime:0.0000s ]

[ 2017-04-06T15:24:50+08:00 ] ::1 /htdocs/index.php/Manage/User/checkAccount.html?account=123
INFO: [ app_begin ] --START--
INFO: Run Behavior\ReadHtmlCacheBehavior [ RunTime:0.001000s ]
INFO: [ app_begin ] --END-- [ RunTime:0.001000s ]
SQL: SHOW COLUMNS FROM `db_manage` [ RunTime:0.0050s ]
SQL: SELECT * FROM `db_manage` WHERE `account` = '123' LIMIT 1   [ RunTime:0.0000s ]

[ 2017-04-06T15:28:23+08:00 ] ::1 /htdocs/index.php/Manage/Index/info.html
ERR: 非法操作:info

[ 2017-04-06T15:54:58+08:00 ] ::1 /htdocs/index.php/Manage/User/checkAccount.html?account=5464
INFO: [ app_begin ] --START--
INFO: Run Behavior\ReadHtmlCacheBehavior [ RunTime:0.001000s ]
INFO: [ app_begin ] --END-- [ RunTime:0.001000s ]
SQL: SHOW COLUMNS FROM `db_manage` [ RunTime:0.0050s ]
SQL: SELECT * FROM `db_manage` WHERE `account` = '5464' LIMIT 1   [ RunTime:0.0010s ]

[ 2017-04-06T15:55:12+08:00 ] ::1 /htdocs/index.php/Manage/User/checkAccount.html?account=5464
INFO: [ app_begin ] --START--
INFO: Run Behavior\ReadHtmlCacheBehavior [ RunTime:0.001000s ]
INFO: [ app_begin ] --END-- [ RunTime:0.001000s ]
SQL: SHOW COLUMNS FROM `db_manage` [ RunTime:0.0030s ]
SQL: SELECT * FROM `db_manage` WHERE `account` = '5464' LIMIT 1   [ RunTime:0.0000s ]

[ 2017-04-06T15:56:13+08:00 ] ::1 /htdocs/index.php/Manage/User/checkAccount.html?account=qq
INFO: [ app_begin ] --START--
INFO: Run Behavior\ReadHtmlCacheBehavior [ RunTime:0.001000s ]
INFO: [ app_begin ] --END-- [ RunTime:0.001000s ]
SQL: SHOW COLUMNS FROM `db_manage` [ RunTime:0.0040s ]
SQL: SELECT * FROM `db_manage` WHERE `account` = 'qq' LIMIT 1   [ RunTime:0.0000s ]

[ 2017-04-06T16:02:56+08:00 ] ::1 /htdocs/index.php/Manage/User/index.html
ERR: XML标签语法错误 : {$data.enclosure!=""}

[ 2017-04-06T16:09:09+08:00 ] ::1 /htdocs/index.php/Manage/Login/check_code.html?code=shfc
INFO: [ app_begin ] --START--
INFO: Run Behavior\ReadHtmlCacheBehavior [ RunTime:0.001000s ]
INFO: [ app_begin ] --END-- [ RunTime:0.001000s ]

[ 2017-04-06T16:09:14+08:00 ] ::1 /htdocs/index.php/Manage/Index/info.html
ERR: 非法操作:info

[ 2017-04-06T16:16:26+08:00 ] ::1 /htdocs/index.php/Manage/User/checkAccount.html?account=dddd
INFO: [ app_begin ] --START--
INFO: Run Behavior\ReadHtmlCacheBehavior [ RunTime:0.001000s ]
INFO: [ app_begin ] --END-- [ RunTime:0.001000s ]
SQL: SHOW COLUMNS FROM `db_manage` [ RunTime:0.0070s ]
SQL: SELECT * FROM `db_manage` WHERE `account` = 'dddd' LIMIT 1   [ RunTime:0.0010s ]

[ 2017-04-06T16:20:28+08:00 ] ::1 /htdocs/index.php/Manage/User/checkAccount.html?account=asd
INFO: [ app_begin ] --START--
INFO: Run Behavior\ReadHtmlCacheBehavior [ RunTime:0.001000s ]
INFO: [ app_begin ] --END-- [ RunTime:0.001000s ]
SQL: SHOW COLUMNS FROM `db_manage` [ RunTime:0.0030s ]
SQL: SELECT * FROM `db_manage` WHERE `account` = 'asd' LIMIT 1   [ RunTime:0.0000s ]

[ 2017-04-06T16:50:44+08:00 ] ::1 /htdocs/index.php/Manage/Index/info.html
ERR: 非法操作:info

[ 2017-04-06T16:51:25+08:00 ] ::1 /htdocs/index.php/Manage/Index/pass.html
ERR: 非法操作:pass

[ 2017-04-06T16:59:06+08:00 ] ::1 /htdocs/index.php/Manage/User/checkAccount.html?account=sss
INFO: [ app_begin ] --START--
INFO: Run Behavior\ReadHtmlCacheBehavior [ RunTime:0.000000s ]
INFO: [ app_begin ] --END-- [ RunTime:0.001000s ]
SQL: SHOW COLUMNS FROM `db_manage` [ RunTime:0.0070s ]
SQL: SELECT * FROM `db_manage` WHERE `account` = 'sss' LIMIT 1   [ RunTime:0.0010s ]

