[ 2017-04-18T07:41:55+08:00 ] ::1 /htdocs/index.php/Manage/Login/login
ERR: 非法操作:login

[ 2017-04-18T07:42:12+08:00 ] ::1 /htdocs/index.php/Manage/Login/check_code.html?code=mu6v
INFO: [ app_begin ] --START--
INFO: Run Behavior\ReadHtmlCacheBehavior [ RunTime:0.001000s ]
INFO: [ app_begin ] --END-- [ RunTime:0.002000s ]

[ 2017-04-18T10:06:12+08:00 ] ::1 /htdocs/index.php/Manage/Book/info/id/123.html
ERR: SQLSTATE[42S02]: Base table or view not found: 1146 Table 'paydemo.manage' doesn't exist

[ 2017-04-18T10:07:32+08:00 ] ::1 /htdocs/index.php/Manage/Book/info/id/123.html
ERR: SQLSTATE[42S02]: Base table or view not found: 1146 Table 'paydemo.manage' doesn't exist

[ 2017-04-18T10:30:22+08:00 ] ::1 /htdocs/index.php/Manage/Member/checkEmail.html?email=5464
INFO: [ app_begin ] --START--
INFO: Run Behavior\ReadHtmlCacheBehavior [ RunTime:0.000000s ]
INFO: [ app_begin ] --END-- [ RunTime:0.000000s ]
SQL: SHOW COLUMNS FROM `db_member` [ RunTime:0.0070s ]
SQL: SELECT `email` FROM `db_member` WHERE `email` = '5464' LIMIT 1   [ RunTime:0.0010s ]

[ 2017-04-18T10:30:24+08:00 ] ::1 /htdocs/index.php/Manage/Member/checkEmail.html?email=5464
INFO: [ app_begin ] --START--
INFO: Run Behavior\ReadHtmlCacheBehavior [ RunTime:0.001000s ]
INFO: [ app_begin ] --END-- [ RunTime:0.001000s ]
SQL: SHOW COLUMNS FROM `db_member` [ RunTime:0.0080s ]
SQL: SELECT `email` FROM `db_member` WHERE `email` = '5464' LIMIT 1   [ RunTime:0.0000s ]

[ 2017-04-18T10:41:38+08:00 ] ::1 /htdocs/index.php/Manage/Order/index.html
ERR: 无法加载控制器:Order

[ 2017-04-18T13:05:15+08:00 ] ::1 /htdocs/index.php/Manage/Member/checkEmail.html?email=123456
INFO: [ app_begin ] --START--
INFO: Run Behavior\ReadHtmlCacheBehavior [ RunTime:0.001000s ]
INFO: [ app_begin ] --END-- [ RunTime:0.001000s ]
SQL: SHOW COLUMNS FROM `db_member` [ RunTime:0.0230s ]
SQL: SELECT `email` FROM `db_member` WHERE `email` = '123456' LIMIT 1   [ RunTime:0.0000s ]

[ 2017-04-18T13:42:18+08:00 ] ::1 /htdocs/index.php/Manage/Role/index.html
NOTIC: D方法实例化没找到模型类manage\Model\RoleModel

[ 2017-04-18T14:05:21+08:00 ] ::1 /htdocs/index.php/Manage/News/info/id/56.html
ERR: 非法操作:info

[ 2017-04-18T14:31:58+08:00 ] ::1 /htdocs/index.php/Manage/Login/check_code.html?code=6rbw
INFO: [ app_begin ] --START--
INFO: Run Behavior\ReadHtmlCacheBehavior [ RunTime:0.001000s ]
INFO: [ app_begin ] --END-- [ RunTime:0.001000s ]

[ 2017-04-18T14:34:35+08:00 ] ::1 /htdocs/index.php/Manage/Login/check_code.html?code=khuw
INFO: [ app_begin ] --START--
INFO: Run Behavior\ReadHtmlCacheBehavior [ RunTime:0.002000s ]
INFO: [ app_begin ] --END-- [ RunTime:0.003000s ]

[ 2017-04-18T15:12:09+08:00 ] ::1 /htdocs/index.php/Manage/Order/index.html
ERR: 无法加载控制器:Order

[ 2017-04-18T16:15:19+08:00 ] ::1 /htdocs/index.php/Manage/News/upload.html
ERR: 模板不存在:./App/Manage/View/News/upload.html

[ 2017-04-18T16:16:09+08:00 ] ::1 /htdocs/index.php/Manage/News/jquery.wallform.js
ERR: 非法操作:jquery.wallform.js

[ 2017-04-18T16:16:56+08:00 ] ::1 /htdocs/index.php/Manage/News/jquery.wallform.js
ERR: 非法操作:jquery.wallform.js

[ 2017-04-18T16:18:09+08:00 ] ::1 /htdocs/index.php/Manage/News/jquery.wallform.js
ERR: 非法操作:jquery.wallform.js

[ 2017-04-18T16:18:19+08:00 ] ::1 /htdocs/index.php/Manage/News/upload.php
ERR: 非法操作:upload.php

[ 2017-04-18T16:18:47+08:00 ] ::1 /htdocs/index.php/Manage/News/upload.php
ERR: 非法操作:upload.php

[ 2017-04-18T16:19:30+08:00 ] ::1 /htdocs/index.php/Manage/News/upload.php
ERR: 非法操作:upload.php

[ 2017-04-18T16:20:13+08:00 ] ::1 /htdocs/index.php/Manage/News/upload.php
ERR: 非法操作:upload.php

[ 2017-04-18T16:20:53+08:00 ] ::1 /htdocs/index.php/Manage/News/upload.php
ERR: 非法操作:upload.php

[ 2017-04-18T16:45:03+08:00 ] ::1 /htdocs/index.php/Manage/News/upload.php
ERR: 非法操作:upload.php

[ 2017-04-18T16:45:22+08:00 ] ::1 /htdocs/index.php/Manage/News/upload.php
ERR: 非法操作:upload.php

[ 2017-04-18T16:47:05+08:00 ] ::1 /htdocs/index.php/Manage/News/upload.php
ERR: 非法操作:upload.php

