[ 2017-04-14T08:12:25+08:00 ] ::1 /htdocs/index.php/Manage/Login/login
ERR: 非法操作:login

[ 2017-04-14T08:12:50+08:00 ] ::1 /htdocs/index.php/Manage/Login/check_code.html?code=mr2j
INFO: [ app_begin ] --START--
INFO: Run Behavior\ReadHtmlCacheBehavior [ RunTime:0.001000s ]
INFO: [ app_begin ] --END-- [ RunTime:0.002000s ]

[ 2017-04-14T08:21:13+08:00 ] ::1 /htdocs/index.php/Manage/$v1.pri_controller_name/index.html
ERR: 无法加载控制器:$v1.pri_controller_name

[ 2017-04-14T08:32:05+08:00 ] ::1 /htdocs/index.php/Manage/Role/index.html
NOTIC: D方法实例化没找到模型类manage\Model\RoleModel

[ 2017-04-14T08:32:08+08:00 ] ::1 /htdocs/index.php/Manage/Role/index.html
NOTIC: D方法实例化没找到模型类manage\Model\RoleModel

[ 2017-04-14T08:46:35+08:00 ] ::1 /htdocs/index.php/Manage/Role/index.html
NOTIC: D方法实例化没找到模型类manage\Model\RoleModel

[ 2017-04-14T08:49:42+08:00 ] ::1 /htdocs/index.php/Manage/Role/index.html
NOTIC: D方法实例化没找到模型类manage\Model\RoleModel

[ 2017-04-14T08:49:49+08:00 ] ::1 /htdocs/index.php/Manage/News/index.html
ERR: 无法加载控制器:News

[ 2017-04-14T08:49:50+08:00 ] ::1 /htdocs/index.php/Manage/Order/index.html
ERR: 无法加载控制器:Order

[ 2017-04-14T08:50:26+08:00 ] ::1 /htdocs/index.php/Manage/Role/index.html
NOTIC: D方法实例化没找到模型类manage\Model\RoleModel

[ 2017-04-14T08:50:32+08:00 ] ::1 /htdocs/index.php/Manage/News/index.html
ERR: 无法加载控制器:News

[ 2017-04-14T08:50:32+08:00 ] ::1 /htdocs/index.php/Manage/Order/index.html
ERR: 无法加载控制器:Order

[ 2017-04-14T08:51:52+08:00 ] ::1 /htdocs/index.php/Manage/Role/index.html
NOTIC: D方法实例化没找到模型类manage\Model\RoleModel

[ 2017-04-14T08:54:06+08:00 ] ::1 /htdocs/index.php/Manage/Role/index.html
NOTIC: D方法实例化没找到模型类manage\Model\RoleModel

[ 2017-04-14T08:54:26+08:00 ] ::1 /htdocs/index.php/Manage/Role/index.html
NOTIC: D方法实例化没找到模型类manage\Model\RoleModel

[ 2017-04-14T08:54:31+08:00 ] ::1 /htdocs/index.php/Manage/Role/index.html
NOTIC: D方法实例化没找到模型类manage\Model\RoleModel

[ 2017-04-14T08:54:40+08:00 ] ::1 /htdocs/index.php/Manage/Role/edit.html
NOTIC: D方法实例化没找到模型类manage\Model\RoleModel

[ 2017-04-14T08:54:42+08:00 ] ::1 /htdocs/index.php/Manage/Role/index.html
NOTIC: D方法实例化没找到模型类manage\Model\RoleModel

[ 2017-04-14T08:54:52+08:00 ] ::1 /htdocs/index.php/Manage/Login/check_code.html?code=ek6y
INFO: [ app_begin ] --START--
INFO: Run Behavior\ReadHtmlCacheBehavior [ RunTime:0.001000s ]
INFO: [ app_begin ] --END-- [ RunTime:0.001000s ]

[ 2017-04-14T08:54:56+08:00 ] ::1 /htdocs/index.php/Manage/Index/index.html
ERR: SQLSTATE[42S02]: Base table or view not found: 1146 Table 'paydemo.db_admin_role' doesn't exist

[ 2017-04-14T08:58:20+08:00 ] ::1 /htdocs/index.php/Manage/Index/index.html
ERR: SQLSTATE[42S22]: Column not found: 1054 Unknown column 'c.admin_id' in 'where clause'

[ 2017-04-14T08:59:21+08:00 ] ::1 /htdocs/index.php/Manage/Login/check_code.html?code=ebxd
INFO: [ app_begin ] --START--
INFO: Run Behavior\ReadHtmlCacheBehavior [ RunTime:0.001000s ]
INFO: [ app_begin ] --END-- [ RunTime:0.001000s ]

[ 2017-04-14T08:59:31+08:00 ] ::1 /htdocs/index.php/Manage/Login/check_code.html?code=bsga
INFO: [ app_begin ] --START--
INFO: Run Behavior\ReadHtmlCacheBehavior [ RunTime:0.001000s ]
INFO: [ app_begin ] --END-- [ RunTime:0.001000s ]

[ 2017-04-14T08:59:36+08:00 ] ::1 /htdocs/index.php/Manage/Login/check_code.html?code=nsga
INFO: [ app_begin ] --START--
INFO: Run Behavior\ReadHtmlCacheBehavior [ RunTime:0.000000s ]
INFO: [ app_begin ] --END-- [ RunTime:0.001000s ]

[ 2017-04-14T08:59:43+08:00 ] ::1 /htdocs/index.php/Manage/Role/index.html
NOTIC: D方法实例化没找到模型类manage\Model\RoleModel

[ 2017-04-14T08:59:48+08:00 ] ::1 /htdocs/index.php/Manage/Role/index.html
NOTIC: D方法实例化没找到模型类manage\Model\RoleModel

[ 2017-04-14T09:01:05+08:00 ] ::1 /htdocs/index.php/Manage/Login/check_code.html?code=7r5a
INFO: [ app_begin ] --START--
INFO: Run Behavior\ReadHtmlCacheBehavior [ RunTime:0.000000s ]
INFO: [ app_begin ] --END-- [ RunTime:0.001000s ]

[ 2017-04-14T09:01:24+08:00 ] ::1 /htdocs/index.php/Manage/Login/check_code.html?code=fhmc
INFO: [ app_begin ] --START--
INFO: Run Behavior\ReadHtmlCacheBehavior [ RunTime:0.000000s ]
INFO: [ app_begin ] --END-- [ RunTime:0.001000s ]

[ 2017-04-14T09:11:20+08:00 ] ::1 /htdocs/index.php/Manage/Admin/index.html
ERR: 无法加载控制器:Admin

[ 2017-04-14T09:12:29+08:00 ] ::1 /htdocs/index.php/Manage/Admin/index.html
ERR: 无法加载控制器:Admin

[ 2017-04-14T09:12:57+08:00 ] ::1 /htdocs/index.php/Manage/Admin/index.html
ERR: 无法加载控制器:Admin

[ 2017-04-14T09:14:27+08:00 ] ::1 /htdocs/index.php/Manage/Admin/addUser.html
ERR: 非法操作:addUser

[ 2017-04-14T09:14:51+08:00 ] ::1 /htdocs/index.php/Manage/Admin/checkAccount.html?account=mmm
INFO: [ app_begin ] --START--
INFO: Run Behavior\ReadHtmlCacheBehavior [ RunTime:0.000000s ]
INFO: [ app_begin ] --END-- [ RunTime:0.000000s ]
SQL: SHOW COLUMNS FROM `db_manage` [ RunTime:0.0070s ]
ERR: SQLSTATE[42S22]: Column not found: 1054 Unknown column 'name' in 'field list'

[ 2017-04-14T09:46:08+08:00 ] ::1 /htdocs/index.php/Manage/Index/checkPwd
ERR: 非法操作:checkPwd

[ 2017-04-14T09:53:59+08:00 ] ::1 /htdocs/index.php/Manage/Admin/checkPwd.html
INFO: [ app_begin ] --START--
INFO: Run Behavior\ReadHtmlCacheBehavior [ RunTime:0.001000s ]
INFO: [ app_begin ] --END-- [ RunTime:0.001000s ]
SQL: SHOW COLUMNS FROM `db_manage` [ RunTime:0.0120s ]
SQL: SELECT `password` FROM `db_manage` WHERE `account` = 'mmm' LIMIT 1   [ RunTime:0.0000s ]

[ 2017-04-14T09:55:26+08:00 ] ::1 /htdocs/index.php/Manage/Admin/checkPwd.html
INFO: [ app_begin ] --START--
INFO: Run Behavior\ReadHtmlCacheBehavior [ RunTime:0.001000s ]
INFO: [ app_begin ] --END-- [ RunTime:0.001000s ]
SQL: SHOW COLUMNS FROM `db_manage` [ RunTime:0.0140s ]
SQL: SELECT `password` FROM `db_manage` WHERE `account` = 'mmm' LIMIT 1   [ RunTime:0.0000s ]

[ 2017-04-14T09:55:27+08:00 ] ::1 /htdocs/index.php/Manage/Admin/checkPwd.html
INFO: [ app_begin ] --START--
INFO: Run Behavior\ReadHtmlCacheBehavior [ RunTime:0.000000s ]
INFO: [ app_begin ] --END-- [ RunTime:0.002000s ]
SQL: SHOW COLUMNS FROM `db_manage` [ RunTime:0.0230s ]
SQL: SELECT `password` FROM `db_manage` WHERE `account` = 'mmm' LIMIT 1   [ RunTime:0.0000s ]

[ 2017-04-14T09:55:31+08:00 ] ::1 /htdocs/index.php/Manage/Admin/checkPwd.html
INFO: [ app_begin ] --START--
INFO: Run Behavior\ReadHtmlCacheBehavior [ RunTime:0.000000s ]
INFO: [ app_begin ] --END-- [ RunTime:0.001000s ]
SQL: SHOW COLUMNS FROM `db_manage` [ RunTime:0.0240s ]
SQL: SELECT `password` FROM `db_manage` WHERE `account` = 'mmm' LIMIT 1   [ RunTime:0.0000s ]

[ 2017-04-14T09:55:39+08:00 ] ::1 /htdocs/index.php/Manage/Admin/checkPwd.html
INFO: [ app_begin ] --START--
INFO: Run Behavior\ReadHtmlCacheBehavior [ RunTime:0.000000s ]
INFO: [ app_begin ] --END-- [ RunTime:0.001000s ]
SQL: SHOW COLUMNS FROM `db_manage` [ RunTime:0.0230s ]
SQL: SELECT `password` FROM `db_manage` WHERE `account` = 'mmm' LIMIT 1   [ RunTime:0.0000s ]

[ 2017-04-14T09:55:51+08:00 ] ::1 /htdocs/index.php/Manage/Admin/checkPwd.html
INFO: [ app_begin ] --START--
INFO: Run Behavior\ReadHtmlCacheBehavior [ RunTime:0.001000s ]
INFO: [ app_begin ] --END-- [ RunTime:0.001000s ]
SQL: SHOW COLUMNS FROM `db_manage` [ RunTime:0.0230s ]
SQL: SELECT `password` FROM `db_manage` WHERE `account` = 'mmm' LIMIT 1   [ RunTime:0.0000s ]

[ 2017-04-14T09:56:02+08:00 ] ::1 /htdocs/index.php/Manage/Admin/checkPwd.html
INFO: [ app_begin ] --START--
INFO: Run Behavior\ReadHtmlCacheBehavior [ RunTime:0.000000s ]
INFO: [ app_begin ] --END-- [ RunTime:0.001000s ]
SQL: SHOW COLUMNS FROM `db_manage` [ RunTime:0.0220s ]
SQL: SELECT `password` FROM `db_manage` WHERE `account` = 'mmm' LIMIT 1   [ RunTime:0.0010s ]

[ 2017-04-14T09:56:05+08:00 ] ::1 /htdocs/index.php/Manage/Admin/checkPwd.html
INFO: [ app_begin ] --START--
INFO: Run Behavior\ReadHtmlCacheBehavior [ RunTime:0.000000s ]
INFO: [ app_begin ] --END-- [ RunTime:0.000000s ]
SQL: SHOW COLUMNS FROM `db_manage` [ RunTime:0.0230s ]
SQL: SELECT `password` FROM `db_manage` WHERE `account` = 'mmm' LIMIT 1   [ RunTime:0.0000s ]

[ 2017-04-14T10:21:48+08:00 ] ::1 /htdocs/index.php/Manage/Admin/checkPwd.html
INFO: [ app_begin ] --START--
INFO: Run Behavior\ReadHtmlCacheBehavior [ RunTime:0.001000s ]
INFO: [ app_begin ] --END-- [ RunTime:0.001000s ]
SQL: SHOW COLUMNS FROM `db_manage` [ RunTime:0.0080s ]
SQL: SELECT `password` FROM `db_manage` WHERE `account` = 'mmm' LIMIT 1   [ RunTime:0.0000s ]

[ 2017-04-14T10:21:53+08:00 ] ::1 /htdocs/index.php/Manage/Admin/checkPwd.html
INFO: [ app_begin ] --START--
INFO: Run Behavior\ReadHtmlCacheBehavior [ RunTime:0.001000s ]
INFO: [ app_begin ] --END-- [ RunTime:0.002000s ]
SQL: SHOW COLUMNS FROM `db_manage` [ RunTime:0.0090s ]
SQL: SELECT `password` FROM `db_manage` WHERE `account` = 'mmm' LIMIT 1   [ RunTime:0.0000s ]

[ 2017-04-14T10:25:56+08:00 ] ::1 /htdocs/index.php/Manage/Admin/checkPwd.html
INFO: [ app_begin ] --START--
INFO: Run Behavior\ReadHtmlCacheBehavior [ RunTime:0.001000s ]
INFO: [ app_begin ] --END-- [ RunTime:0.001000s ]
SQL: SHOW COLUMNS FROM `db_manage` [ RunTime:0.0090s ]
SQL: SELECT `password` FROM `db_manage` WHERE `account` = 'mmm' LIMIT 1   [ RunTime:0.0010s ]

[ 2017-04-14T10:48:44+08:00 ] ::1 /htdocs/index.php/Manage/Admin/checkPwd.html
INFO: [ app_begin ] --START--
INFO: Run Behavior\ReadHtmlCacheBehavior [ RunTime:0.001000s ]
INFO: [ app_begin ] --END-- [ RunTime:0.001000s ]
SQL: SHOW COLUMNS FROM `db_manage` [ RunTime:0.0220s ]
SQL: SELECT `password` FROM `db_manage` WHERE `account` = 'mmm' LIMIT 1   [ RunTime:0.0010s ]

[ 2017-04-14T10:49:29+08:00 ] ::1 /htdocs/index.php/Manage/Admin/checkPwd.html
INFO: [ app_begin ] --START--
INFO: Run Behavior\ReadHtmlCacheBehavior [ RunTime:0.000000s ]
INFO: [ app_begin ] --END-- [ RunTime:0.001000s ]
SQL: SHOW COLUMNS FROM `db_manage` [ RunTime:0.0230s ]
SQL: SELECT `password` FROM `db_manage` WHERE `account` = 'mmm' LIMIT 1   [ RunTime:0.0010s ]

[ 2017-04-14T10:49:38+08:00 ] ::1 /htdocs/index.php/Manage/Admin/checkPwd.html
INFO: [ app_begin ] --START--
INFO: Run Behavior\ReadHtmlCacheBehavior [ RunTime:0.001000s ]
INFO: [ app_begin ] --END-- [ RunTime:0.001000s ]
SQL: SHOW COLUMNS FROM `db_manage` [ RunTime:0.0230s ]
SQL: SELECT `password` FROM `db_manage` WHERE `account` = 'mmm' LIMIT 1   [ RunTime:0.0010s ]

[ 2017-04-14T10:49:42+08:00 ] ::1 /htdocs/index.php/Manage/Admin/checkPwd.html
INFO: [ app_begin ] --START--
INFO: Run Behavior\ReadHtmlCacheBehavior [ RunTime:0.001000s ]
INFO: [ app_begin ] --END-- [ RunTime:0.001000s ]
SQL: SHOW COLUMNS FROM `db_manage` [ RunTime:0.0230s ]
SQL: SELECT `password` FROM `db_manage` WHERE `account` = 'mmm' LIMIT 1   [ RunTime:0.0000s ]

[ 2017-04-14T10:50:29+08:00 ] ::1 /htdocs/index.php/Manage/Admin/checkPwd.html
INFO: [ app_begin ] --START--
INFO: Run Behavior\ReadHtmlCacheBehavior [ RunTime:0.001000s ]
INFO: [ app_begin ] --END-- [ RunTime:0.002000s ]
SQL: SHOW COLUMNS FROM `db_manage` [ RunTime:0.0060s ]
SQL: SELECT `password` FROM `db_manage` WHERE `account` = 'mmm' LIMIT 1   [ RunTime:0.0000s ]

[ 2017-04-14T11:40:06+08:00 ] ::1 /htdocs/index.php/Manage/Admin/checkAccount.html?account=5464
INFO: [ app_begin ] --START--
INFO: Run Behavior\ReadHtmlCacheBehavior [ RunTime:0.000000s ]
INFO: [ app_begin ] --END-- [ RunTime:0.001000s ]
SQL: SHOW COLUMNS FROM `db_manage` [ RunTime:0.0230s ]
ERR: SQLSTATE[42S22]: Column not found: 1054 Unknown column 'name' in 'field list'

[ 2017-04-14T11:40:08+08:00 ] ::1 /htdocs/index.php/Manage/Admin/checkAccount.html?account=5464
INFO: [ app_begin ] --START--
INFO: Run Behavior\ReadHtmlCacheBehavior [ RunTime:0.001000s ]
INFO: [ app_begin ] --END-- [ RunTime:0.002000s ]
SQL: SHOW COLUMNS FROM `db_manage` [ RunTime:0.0080s ]
ERR: SQLSTATE[42S22]: Column not found: 1054 Unknown column 'name' in 'field list'

[ 2017-04-14T11:40:38+08:00 ] ::1 /htdocs/index.php/Manage/Admin/checkPwd.html
INFO: [ app_begin ] --START--
INFO: Run Behavior\ReadHtmlCacheBehavior [ RunTime:0.001000s ]
INFO: [ app_begin ] --END-- [ RunTime:0.001000s ]
SQL: SHOW COLUMNS FROM `db_manage` [ RunTime:0.0210s ]
SQL: SELECT `password` FROM `db_manage` WHERE `account` = 'mmm' LIMIT 1   [ RunTime:0.0000s ]

[ 2017-04-14T11:40:40+08:00 ] ::1 /htdocs/index.php/Manage/Admin/checkPwd.html
INFO: [ app_begin ] --START--
INFO: Run Behavior\ReadHtmlCacheBehavior [ RunTime:0.001000s ]
INFO: [ app_begin ] --END-- [ RunTime:0.001000s ]
SQL: SHOW COLUMNS FROM `db_manage` [ RunTime:0.0220s ]
SQL: SELECT `password` FROM `db_manage` WHERE `account` = 'mmm' LIMIT 1   [ RunTime:0.0000s ]

[ 2017-04-14T11:40:55+08:00 ] ::1 /htdocs/index.php/Manage/Role/index.html
NOTIC: D方法实例化没找到模型类manage\Model\RoleModel

[ 2017-04-14T11:48:49+08:00 ] ::1 /htdocs/index.php/Manage/Admin/checkPwd.html
INFO: [ app_begin ] --START--
INFO: Run Behavior\ReadHtmlCacheBehavior [ RunTime:0.001000s ]
INFO: [ app_begin ] --END-- [ RunTime:0.001000s ]
SQL: SHOW COLUMNS FROM `db_manage` [ RunTime:0.0220s ]
SQL: SELECT `password` FROM `db_manage` WHERE `account` = 'mmm' LIMIT 1   [ RunTime:0.0000s ]

[ 2017-04-14T11:48:56+08:00 ] ::1 /htdocs/index.php/Manage/Admin/checkPwd.html
INFO: [ app_begin ] --START--
INFO: Run Behavior\ReadHtmlCacheBehavior [ RunTime:0.000000s ]
INFO: [ app_begin ] --END-- [ RunTime:0.000000s ]
SQL: SHOW COLUMNS FROM `db_manage` [ RunTime:0.0200s ]
SQL: SELECT `password` FROM `db_manage` WHERE `account` = 'mmm' LIMIT 1   [ RunTime:0.0010s ]

[ 2017-04-14T11:48:58+08:00 ] ::1 /htdocs/index.php/Manage/Admin/checkPwd.html
INFO: [ app_begin ] --START--
INFO: Run Behavior\ReadHtmlCacheBehavior [ RunTime:0.000000s ]
INFO: [ app_begin ] --END-- [ RunTime:0.001000s ]
SQL: SHOW COLUMNS FROM `db_manage` [ RunTime:0.0220s ]
SQL: SELECT `password` FROM `db_manage` WHERE `account` = 'mmm' LIMIT 1   [ RunTime:0.0000s ]

[ 2017-04-14T11:48:59+08:00 ] ::1 /htdocs/index.php/Manage/Admin/checkPwd.html
INFO: [ app_begin ] --START--
INFO: Run Behavior\ReadHtmlCacheBehavior [ RunTime:0.001000s ]
INFO: [ app_begin ] --END-- [ RunTime:0.002000s ]
SQL: SHOW COLUMNS FROM `db_manage` [ RunTime:0.0100s ]
SQL: SELECT `password` FROM `db_manage` WHERE `account` = 'mmm' LIMIT 1   [ RunTime:0.0000s ]

[ 2017-04-14T11:49:01+08:00 ] ::1 /htdocs/index.php/Manage/Admin/checkPwd.html
INFO: [ app_begin ] --START--
INFO: Run Behavior\ReadHtmlCacheBehavior [ RunTime:0.000000s ]
INFO: [ app_begin ] --END-- [ RunTime:0.000000s ]
SQL: SHOW COLUMNS FROM `db_manage` [ RunTime:0.0220s ]
SQL: SELECT `password` FROM `db_manage` WHERE `account` = 'mmm' LIMIT 1   [ RunTime:0.0010s ]

[ 2017-04-14T11:49:03+08:00 ] ::1 /htdocs/index.php/Manage/Admin/checkPwd.html
INFO: [ app_begin ] --START--
INFO: Run Behavior\ReadHtmlCacheBehavior [ RunTime:0.000000s ]
INFO: [ app_begin ] --END-- [ RunTime:0.001000s ]
SQL: SHOW COLUMNS FROM `db_manage` [ RunTime:0.0240s ]
SQL: SELECT `password` FROM `db_manage` WHERE `account` = 'mmm' LIMIT 1   [ RunTime:0.0010s ]

[ 2017-04-14T11:50:35+08:00 ] ::1 /htdocs/index.php/Manage/Book/index.html
ERR: 无法加载控制器:Book

[ 2017-04-14T11:50:37+08:00 ] ::1 /htdocs/index.php/Manage/User/index.html
ERR: 无法加载控制器:User

[ 2017-04-14T11:50:38+08:00 ] ::1 /htdocs/index.php/Manage/Order/index.html
ERR: 无法加载控制器:Order

[ 2017-04-14T11:50:38+08:00 ] ::1 /htdocs/index.php/Manage/News/index.html
ERR: 无法加载控制器:News

[ 2017-04-14T11:51:38+08:00 ] ::1 /htdocs/index.php/Manage/News/index.html
ERR: 无法加载控制器:News

[ 2017-04-14T12:02:07+08:00 ] ::1 /htdocs/index.php/Manage/Login/check_code.html?code=mj7u
INFO: [ app_begin ] --START--
INFO: Run Behavior\ReadHtmlCacheBehavior [ RunTime:0.001000s ]
INFO: [ app_begin ] --END-- [ RunTime:0.002000s ]

[ 2017-04-14T12:02:19+08:00 ] ::1 /htdocs/index.php/Manage/Login/check_code.html?code=m4cx
INFO: [ app_begin ] --START--
INFO: Run Behavior\ReadHtmlCacheBehavior [ RunTime:0.001000s ]
INFO: [ app_begin ] --END-- [ RunTime:0.002000s ]

[ 2017-04-14T12:02:32+08:00 ] ::1 /htdocs/index.php/Manage/Index/back.html
ERR: 非法操作:back

[ 2017-04-14T12:03:51+08:00 ] ::1 /htdocs/index.php/Manage/Index/checkPwd.html
INFO: [ app_begin ] --START--
INFO: Run Behavior\ReadHtmlCacheBehavior [ RunTime:0.001000s ]
INFO: [ app_begin ] --END-- [ RunTime:0.001000s ]
SQL: SHOW COLUMNS FROM `db_manage` [ RunTime:0.0090s ]
SQL: SELECT `password` FROM `db_manage` WHERE `account` = '' LIMIT 1   [ RunTime:0.0010s ]

[ 2017-04-14T12:15:35+08:00 ] ::1 /htdocs/index.php/Manage/Index/checkPwd.html
INFO: [ app_begin ] --START--
INFO: Run Behavior\ReadHtmlCacheBehavior [ RunTime:0.001000s ]
INFO: [ app_begin ] --END-- [ RunTime:0.001000s ]
SQL: SHOW COLUMNS FROM `db_manage` [ RunTime:0.0050s ]
SQL: SELECT `password` FROM `db_manage` WHERE `account` = '' LIMIT 1   [ RunTime:0.0000s ]

[ 2017-04-14T12:15:47+08:00 ] ::1 /htdocs/index.php/Manage/Admin/checkAccount.html?account=
INFO: [ app_begin ] --START--
INFO: Run Behavior\ReadHtmlCacheBehavior [ RunTime:0.001000s ]
INFO: [ app_begin ] --END-- [ RunTime:0.001000s ]
SQL: SHOW COLUMNS FROM `db_manage` [ RunTime:0.0080s ]
ERR: SQLSTATE[42S22]: Column not found: 1054 Unknown column 'name' in 'field list'

[ 2017-04-14T12:15:48+08:00 ] ::1 /htdocs/index.php/Manage/Admin/checkAccount.html?account=
INFO: [ app_begin ] --START--
INFO: Run Behavior\ReadHtmlCacheBehavior [ RunTime:0.001000s ]
INFO: [ app_begin ] --END-- [ RunTime:0.001000s ]
SQL: SHOW COLUMNS FROM `db_manage` [ RunTime:0.0080s ]
ERR: SQLSTATE[42S22]: Column not found: 1054 Unknown column 'name' in 'field list'

[ 2017-04-14T12:15:49+08:00 ] ::1 /htdocs/index.php/Manage/Admin/checkAccount.html?account=
INFO: [ app_begin ] --START--
INFO: Run Behavior\ReadHtmlCacheBehavior [ RunTime:0.001000s ]
INFO: [ app_begin ] --END-- [ RunTime:0.001000s ]
SQL: SHOW COLUMNS FROM `db_manage` [ RunTime:0.0080s ]
ERR: SQLSTATE[42S22]: Column not found: 1054 Unknown column 'name' in 'field list'

[ 2017-04-14T12:15:50+08:00 ] ::1 /htdocs/index.php/Manage/Admin/checkAccount.html?account=
INFO: [ app_begin ] --START--
INFO: Run Behavior\ReadHtmlCacheBehavior [ RunTime:0.000000s ]
INFO: [ app_begin ] --END-- [ RunTime:0.002000s ]
SQL: SHOW COLUMNS FROM `db_manage` [ RunTime:0.0080s ]
ERR: SQLSTATE[42S22]: Column not found: 1054 Unknown column 'name' in 'field list'

[ 2017-04-14T12:15:51+08:00 ] ::1 /htdocs/index.php/Manage/Admin/checkAccount.html?account=
INFO: [ app_begin ] --START--
INFO: Run Behavior\ReadHtmlCacheBehavior [ RunTime:0.000000s ]
INFO: [ app_begin ] --END-- [ RunTime:0.001000s ]
SQL: SHOW COLUMNS FROM `db_manage` [ RunTime:0.0080s ]
ERR: SQLSTATE[42S22]: Column not found: 1054 Unknown column 'name' in 'field list'

[ 2017-04-14T12:15:53+08:00 ] ::1 /htdocs/index.php/Manage/Admin/checkAccount.html?account=
INFO: [ app_begin ] --START--
INFO: Run Behavior\ReadHtmlCacheBehavior [ RunTime:0.000000s ]
INFO: [ app_begin ] --END-- [ RunTime:0.001000s ]
SQL: SHOW COLUMNS FROM `db_manage` [ RunTime:0.0090s ]
ERR: SQLSTATE[42S22]: Column not found: 1054 Unknown column 'name' in 'field list'

[ 2017-04-14T12:15:57+08:00 ] ::1 /htdocs/index.php/Manage/Index/checkPwd.html
INFO: [ app_begin ] --START--
INFO: Run Behavior\ReadHtmlCacheBehavior [ RunTime:0.000000s ]
INFO: [ app_begin ] --END-- [ RunTime:0.001000s ]
SQL: SHOW COLUMNS FROM `db_manage` [ RunTime:0.0080s ]
SQL: SELECT `password` FROM `db_manage` WHERE `account` = '' LIMIT 1   [ RunTime:0.0000s ]

[ 2017-04-14T12:15:58+08:00 ] ::1 /htdocs/index.php/Manage/Index/checkPwd.html
INFO: [ app_begin ] --START--
INFO: Run Behavior\ReadHtmlCacheBehavior [ RunTime:0.001000s ]
INFO: [ app_begin ] --END-- [ RunTime:0.001000s ]
SQL: SHOW COLUMNS FROM `db_manage` [ RunTime:0.0080s ]
SQL: SELECT `password` FROM `db_manage` WHERE `account` = '' LIMIT 1   [ RunTime:0.0000s ]

[ 2017-04-14T12:16:00+08:00 ] ::1 /htdocs/index.php/Manage/Index/checkPwd.html
INFO: [ app_begin ] --START--
INFO: Run Behavior\ReadHtmlCacheBehavior [ RunTime:0.000000s ]
INFO: [ app_begin ] --END-- [ RunTime:0.001000s ]
SQL: SHOW COLUMNS FROM `db_manage` [ RunTime:0.0090s ]
SQL: SELECT `password` FROM `db_manage` WHERE `account` = '' LIMIT 1   [ RunTime:0.0010s ]

[ 2017-04-14T12:16:01+08:00 ] ::1 /htdocs/index.php/Manage/Index/checkPwd.html
INFO: [ app_begin ] --START--
INFO: Run Behavior\ReadHtmlCacheBehavior [ RunTime:0.001000s ]
INFO: [ app_begin ] --END-- [ RunTime:0.001000s ]
SQL: SHOW COLUMNS FROM `db_manage` [ RunTime:0.0080s ]
SQL: SELECT `password` FROM `db_manage` WHERE `account` = '' LIMIT 1   [ RunTime:0.0000s ]

[ 2017-04-14T12:16:02+08:00 ] ::1 /htdocs/index.php/Manage/Index/checkPwd.html
INFO: [ app_begin ] --START--
INFO: Run Behavior\ReadHtmlCacheBehavior [ RunTime:0.001000s ]
INFO: [ app_begin ] --END-- [ RunTime:0.002000s ]
SQL: SHOW COLUMNS FROM `db_manage` [ RunTime:0.0090s ]
SQL: SELECT `password` FROM `db_manage` WHERE `account` = '' LIMIT 1   [ RunTime:0.0010s ]

[ 2017-04-14T12:16:03+08:00 ] ::1 /htdocs/index.php/Manage/Index/checkPwd.html
INFO: [ app_begin ] --START--
INFO: Run Behavior\ReadHtmlCacheBehavior [ RunTime:0.001000s ]
INFO: [ app_begin ] --END-- [ RunTime:0.001000s ]
SQL: SHOW COLUMNS FROM `db_manage` [ RunTime:0.0080s ]
SQL: SELECT `password` FROM `db_manage` WHERE `account` = '' LIMIT 1   [ RunTime:0.0000s ]

[ 2017-04-14T12:16:30+08:00 ] ::1 /htdocs/index.php/Manage/Index/back.html
ERR: 非法操作:back

[ 2017-04-14T12:27:34+08:00 ] ::1 /htdocs/index.php/Manage/Index/checkPwd.html
INFO: [ app_begin ] --START--
INFO: Run Behavior\ReadHtmlCacheBehavior [ RunTime:0.001000s ]
INFO: [ app_begin ] --END-- [ RunTime:0.001000s ]
SQL: SHOW COLUMNS FROM `db_manage` [ RunTime:0.0080s ]
SQL: SELECT `password` FROM `db_manage` WHERE `account` = 'admin' LIMIT 1   [ RunTime:0.0000s ]

[ 2017-04-14T12:27:35+08:00 ] ::1 /htdocs/index.php/Manage/Index/checkPwd.html
INFO: [ app_begin ] --START--
INFO: Run Behavior\ReadHtmlCacheBehavior [ RunTime:0.000000s ]
INFO: [ app_begin ] --END-- [ RunTime:0.000000s ]
SQL: SHOW COLUMNS FROM `db_manage` [ RunTime:0.0090s ]
SQL: SELECT `password` FROM `db_manage` WHERE `account` = 'admin' LIMIT 1   [ RunTime:0.0010s ]

[ 2017-04-14T12:27:38+08:00 ] ::1 /htdocs/index.php/Manage/Index/checkPwd.html
INFO: [ app_begin ] --START--
INFO: Run Behavior\ReadHtmlCacheBehavior [ RunTime:0.001000s ]
INFO: [ app_begin ] --END-- [ RunTime:0.001000s ]
SQL: SHOW COLUMNS FROM `db_manage` [ RunTime:0.0080s ]
SQL: SELECT `password` FROM `db_manage` WHERE `account` = 'admin' LIMIT 1   [ RunTime:0.0000s ]

[ 2017-04-14T12:27:39+08:00 ] ::1 /htdocs/index.php/Manage/Index/checkPwd.html
INFO: [ app_begin ] --START--
INFO: Run Behavior\ReadHtmlCacheBehavior [ RunTime:0.001000s ]
INFO: [ app_begin ] --END-- [ RunTime:0.001000s ]
SQL: SHOW COLUMNS FROM `db_manage` [ RunTime:0.0040s ]
SQL: SELECT `password` FROM `db_manage` WHERE `account` = 'admin' LIMIT 1   [ RunTime:0.0000s ]

[ 2017-04-14T12:27:40+08:00 ] ::1 /htdocs/index.php/Manage/Index/checkPwd.html
INFO: [ app_begin ] --START--
INFO: Run Behavior\ReadHtmlCacheBehavior [ RunTime:0.001000s ]
INFO: [ app_begin ] --END-- [ RunTime:0.002000s ]
SQL: SHOW COLUMNS FROM `db_manage` [ RunTime:0.0080s ]
SQL: SELECT `password` FROM `db_manage` WHERE `account` = 'admin' LIMIT 1   [ RunTime:0.0000s ]

[ 2017-04-14T12:37:40+08:00 ] ::1 /htdocs/index.php/Manage/Index/checkPwd.html
INFO: [ app_begin ] --START--
INFO: Run Behavior\ReadHtmlCacheBehavior [ RunTime:0.000000s ]
INFO: [ app_begin ] --END-- [ RunTime:0.001000s ]
SQL: SHOW COLUMNS FROM `db_manage` [ RunTime:0.0080s ]
SQL: SELECT `password` FROM `db_manage` WHERE `account` = 'admin' LIMIT 1   [ RunTime:0.0000s ]

[ 2017-04-14T12:37:43+08:00 ] ::1 /htdocs/index.php/Manage/Index/checkPwd.html
INFO: [ app_begin ] --START--
INFO: Run Behavior\ReadHtmlCacheBehavior [ RunTime:0.000000s ]
INFO: [ app_begin ] --END-- [ RunTime:0.001000s ]
SQL: SHOW COLUMNS FROM `db_manage` [ RunTime:0.0050s ]
SQL: SELECT `password` FROM `db_manage` WHERE `account` = 'admin' LIMIT 1   [ RunTime:0.0010s ]

[ 2017-04-14T12:37:44+08:00 ] ::1 /htdocs/index.php/Manage/Index/checkPwd.html
INFO: [ app_begin ] --START--
INFO: Run Behavior\ReadHtmlCacheBehavior [ RunTime:0.001000s ]
INFO: [ app_begin ] --END-- [ RunTime:0.001000s ]
SQL: SHOW COLUMNS FROM `db_manage` [ RunTime:0.0070s ]
SQL: SELECT `password` FROM `db_manage` WHERE `account` = 'admin' LIMIT 1   [ RunTime:0.0010s ]

[ 2017-04-14T12:37:45+08:00 ] ::1 /htdocs/index.php/Manage/Index/checkPwd.html
INFO: [ app_begin ] --START--
INFO: Run Behavior\ReadHtmlCacheBehavior [ RunTime:0.001000s ]
INFO: [ app_begin ] --END-- [ RunTime:0.002000s ]
SQL: SHOW COLUMNS FROM `db_manage` [ RunTime:0.0040s ]
SQL: SELECT `password` FROM `db_manage` WHERE `account` = 'admin' LIMIT 1   [ RunTime:0.0010s ]

[ 2017-04-14T12:37:48+08:00 ] ::1 /htdocs/index.php/Manage/Index/checkPwd.html
INFO: [ app_begin ] --START--
INFO: Run Behavior\ReadHtmlCacheBehavior [ RunTime:0.001000s ]
INFO: [ app_begin ] --END-- [ RunTime:0.001000s ]
SQL: SHOW COLUMNS FROM `db_manage` [ RunTime:0.0090s ]
SQL: SELECT `password` FROM `db_manage` WHERE `account` = 'admin' LIMIT 1   [ RunTime:0.0010s ]

[ 2017-04-14T13:26:39+08:00 ] ::1 /htdocs/index.php/Manage/Login/check_code.html?code=anlj
INFO: [ app_begin ] --START--
INFO: Run Behavior\ReadHtmlCacheBehavior [ RunTime:0.002000s ]
INFO: [ app_begin ] --END-- [ RunTime:0.002000s ]

[ 2017-04-14T13:27:03+08:00 ] ::1 /htdocs/index.php/Manage/Login/check_code.html?code=bfiw
INFO: [ app_begin ] --START--
INFO: Run Behavior\ReadHtmlCacheBehavior [ RunTime:0.000000s ]
INFO: [ app_begin ] --END-- [ RunTime:0.001000s ]

[ 2017-04-14T13:27:34+08:00 ] ::1 /htdocs/index.php/Manage/Index/checkPwd.html
INFO: [ app_begin ] --START--
INFO: Run Behavior\ReadHtmlCacheBehavior [ RunTime:0.000000s ]
INFO: [ app_begin ] --END-- [ RunTime:0.000000s ]
SQL: SHOW COLUMNS FROM `db_manage` [ RunTime:0.0080s ]
SQL: SELECT `password` FROM `db_manage` WHERE `account` = 'admin' LIMIT 1   [ RunTime:0.0000s ]

[ 2017-04-14T13:27:37+08:00 ] ::1 /htdocs/index.php/Manage/Index/checkPwd.html
INFO: [ app_begin ] --START--
INFO: Run Behavior\ReadHtmlCacheBehavior [ RunTime:0.000000s ]
INFO: [ app_begin ] --END-- [ RunTime:0.001000s ]
SQL: SHOW COLUMNS FROM `db_manage` [ RunTime:0.0080s ]
SQL: SELECT `password` FROM `db_manage` WHERE `account` = 'admin' LIMIT 1   [ RunTime:0.0000s ]

[ 2017-04-14T13:27:40+08:00 ] ::1 /htdocs/index.php/Manage/Index/checkPwd.html
INFO: [ app_begin ] --START--
INFO: Run Behavior\ReadHtmlCacheBehavior [ RunTime:0.000000s ]
INFO: [ app_begin ] --END-- [ RunTime:0.001000s ]
SQL: SHOW COLUMNS FROM `db_manage` [ RunTime:0.0090s ]
SQL: SELECT `password` FROM `db_manage` WHERE `account` = 'admin' LIMIT 1   [ RunTime:0.0010s ]

[ 2017-04-14T13:27:44+08:00 ] ::1 /htdocs/index.php/Manage/Index/checkPwd.html
INFO: [ app_begin ] --START--
INFO: Run Behavior\ReadHtmlCacheBehavior [ RunTime:0.001000s ]
INFO: [ app_begin ] --END-- [ RunTime:0.001000s ]
SQL: SHOW COLUMNS FROM `db_manage` [ RunTime:0.0080s ]
SQL: SELECT `password` FROM `db_manage` WHERE `account` = 'admin' LIMIT 1   [ RunTime:0.0000s ]

[ 2017-04-14T13:27:47+08:00 ] ::1 /htdocs/index.php/Manage/Index/checkPwd.html
INFO: [ app_begin ] --START--
INFO: Run Behavior\ReadHtmlCacheBehavior [ RunTime:0.001000s ]
INFO: [ app_begin ] --END-- [ RunTime:0.002000s ]
SQL: SHOW COLUMNS FROM `db_manage` [ RunTime:0.0080s ]
SQL: SELECT `password` FROM `db_manage` WHERE `account` = 'admin' LIMIT 1   [ RunTime:0.0010s ]

[ 2017-04-14T13:27:48+08:00 ] ::1 /htdocs/index.php/Manage/Index/checkPwd.html
INFO: [ app_begin ] --START--
INFO: Run Behavior\ReadHtmlCacheBehavior [ RunTime:0.001000s ]
INFO: [ app_begin ] --END-- [ RunTime:0.001000s ]
SQL: SHOW COLUMNS FROM `db_manage` [ RunTime:0.0040s ]
SQL: SELECT `password` FROM `db_manage` WHERE `account` = 'admin' LIMIT 1   [ RunTime:0.0000s ]

[ 2017-04-14T13:27:50+08:00 ] ::1 /htdocs/index.php/Manage/Index/checkPwd.html
INFO: [ app_begin ] --START--
INFO: Run Behavior\ReadHtmlCacheBehavior [ RunTime:0.001000s ]
INFO: [ app_begin ] --END-- [ RunTime:0.001000s ]
SQL: SHOW COLUMNS FROM `db_manage` [ RunTime:0.0080s ]
SQL: SELECT `password` FROM `db_manage` WHERE `account` = 'admin' LIMIT 1   [ RunTime:0.0000s ]

[ 2017-04-14T13:27:51+08:00 ] ::1 /htdocs/index.php/Manage/Index/checkPwd.html
INFO: [ app_begin ] --START--
INFO: Run Behavior\ReadHtmlCacheBehavior [ RunTime:0.000000s ]
INFO: [ app_begin ] --END-- [ RunTime:0.001000s ]
SQL: SHOW COLUMNS FROM `db_manage` [ RunTime:0.0050s ]
SQL: SELECT `password` FROM `db_manage` WHERE `account` = 'admin' LIMIT 1   [ RunTime:0.0000s ]

[ 2017-04-14T13:27:52+08:00 ] ::1 /htdocs/index.php/Manage/Index/checkPwd.html
INFO: [ app_begin ] --START--
INFO: Run Behavior\ReadHtmlCacheBehavior [ RunTime:0.000000s ]
INFO: [ app_begin ] --END-- [ RunTime:0.001000s ]
SQL: SHOW COLUMNS FROM `db_manage` [ RunTime:0.0080s ]
SQL: SELECT `password` FROM `db_manage` WHERE `account` = 'admin' LIMIT 1   [ RunTime:0.0010s ]

[ 2017-04-14T13:28:31+08:00 ] ::1 /htdocs/index.php/Manage/Login/check_code.html?code=rzvt
INFO: [ app_begin ] --START--
INFO: Run Behavior\ReadHtmlCacheBehavior [ RunTime:0.001000s ]
INFO: [ app_begin ] --END-- [ RunTime:0.002000s ]

[ 2017-04-14T13:29:50+08:00 ] ::1 /htdocs/index.php/Manage/Index/checkPwd.html
INFO: [ app_begin ] --START--
INFO: Run Behavior\ReadHtmlCacheBehavior [ RunTime:0.000000s ]
INFO: [ app_begin ] --END-- [ RunTime:0.000000s ]
SQL: SHOW COLUMNS FROM `db_manage` [ RunTime:0.0080s ]
SQL: SELECT `password` FROM `db_manage` WHERE `account` = '666' LIMIT 1   [ RunTime:0.0010s ]

[ 2017-04-14T13:29:52+08:00 ] ::1 /htdocs/index.php/Manage/Index/checkPwd.html
INFO: [ app_begin ] --START--
INFO: Run Behavior\ReadHtmlCacheBehavior [ RunTime:0.000000s ]
INFO: [ app_begin ] --END-- [ RunTime:0.001000s ]
SQL: SHOW COLUMNS FROM `db_manage` [ RunTime:0.0080s ]
SQL: SELECT `password` FROM `db_manage` WHERE `account` = '666' LIMIT 1   [ RunTime:0.0000s ]

[ 2017-04-14T13:29:54+08:00 ] ::1 /htdocs/index.php/Manage/Index/checkPwd.html
INFO: [ app_begin ] --START--
INFO: Run Behavior\ReadHtmlCacheBehavior [ RunTime:0.001000s ]
INFO: [ app_begin ] --END-- [ RunTime:0.001000s ]
SQL: SHOW COLUMNS FROM `db_manage` [ RunTime:0.0080s ]
SQL: SELECT `password` FROM `db_manage` WHERE `account` = '666' LIMIT 1   [ RunTime:0.0000s ]

[ 2017-04-14T13:29:59+08:00 ] ::1 /htdocs/index.php/Manage/Index/checkPwd.html
INFO: [ app_begin ] --START--
INFO: Run Behavior\ReadHtmlCacheBehavior [ RunTime:0.001000s ]
INFO: [ app_begin ] --END-- [ RunTime:0.001000s ]
SQL: SHOW COLUMNS FROM `db_manage` [ RunTime:0.0030s ]
SQL: SELECT `password` FROM `db_manage` WHERE `account` = '666' LIMIT 1   [ RunTime:0.0000s ]

[ 2017-04-14T13:30:33+08:00 ] ::1 /htdocs/index.php/Manage/Login/check_code.html?code=hz5v
INFO: [ app_begin ] --START--
INFO: Run Behavior\ReadHtmlCacheBehavior [ RunTime:0.000000s ]
INFO: [ app_begin ] --END-- [ RunTime:0.001000s ]

[ 2017-04-14T13:30:49+08:00 ] ::1 /htdocs/index.php/Manage/Login/check_code.html?code=brmm
INFO: [ app_begin ] --START--
INFO: Run Behavior\ReadHtmlCacheBehavior [ RunTime:0.001000s ]
INFO: [ app_begin ] --END-- [ RunTime:0.001000s ]

[ 2017-04-14T13:31:04+08:00 ] ::1 /htdocs/index.php/Manage/Login/check_code.html?code=7nhn
INFO: [ app_begin ] --START--
INFO: Run Behavior\ReadHtmlCacheBehavior [ RunTime:0.001000s ]
INFO: [ app_begin ] --END-- [ RunTime:0.001000s ]

[ 2017-04-14T13:31:16+08:00 ] ::1 /htdocs/index.php/Manage/Login/check_code.html?code=hqls
INFO: [ app_begin ] --START--
INFO: Run Behavior\ReadHtmlCacheBehavior [ RunTime:0.001000s ]
INFO: [ app_begin ] --END-- [ RunTime:0.001000s ]

[ 2017-04-14T13:33:04+08:00 ] ::1 /htdocs/index.php/Manage/Login/check_code.html?code=uyif
INFO: [ app_begin ] --START--
INFO: Run Behavior\ReadHtmlCacheBehavior [ RunTime:0.001000s ]
INFO: [ app_begin ] --END-- [ RunTime:0.001000s ]

[ 2017-04-14T13:33:25+08:00 ] ::1 /htdocs/index.php/Manage/Index/checkPwd.html
INFO: [ app_begin ] --START--
INFO: Run Behavior\ReadHtmlCacheBehavior [ RunTime:0.000000s ]
INFO: [ app_begin ] --END-- [ RunTime:0.000000s ]
SQL: SHOW COLUMNS FROM `db_manage` [ RunTime:0.0070s ]
SQL: SELECT `password` FROM `db_manage` WHERE `account` = '666' LIMIT 1   [ RunTime:0.0010s ]

[ 2017-04-14T13:33:28+08:00 ] ::1 /htdocs/index.php/Manage/Index/checkPwd.html
INFO: [ app_begin ] --START--
INFO: Run Behavior\ReadHtmlCacheBehavior [ RunTime:0.000000s ]
INFO: [ app_begin ] --END-- [ RunTime:0.001000s ]
SQL: SHOW COLUMNS FROM `db_manage` [ RunTime:0.0080s ]
SQL: SELECT `password` FROM `db_manage` WHERE `account` = '666' LIMIT 1   [ RunTime:0.0000s ]

[ 2017-04-14T13:33:33+08:00 ] ::1 /htdocs/index.php/Manage/Index/checkPwd.html
INFO: [ app_begin ] --START--
INFO: Run Behavior\ReadHtmlCacheBehavior [ RunTime:0.000000s ]
INFO: [ app_begin ] --END-- [ RunTime:0.001000s ]
SQL: SHOW COLUMNS FROM `db_manage` [ RunTime:0.0030s ]
SQL: SELECT `password` FROM `db_manage` WHERE `account` = '666' LIMIT 1   [ RunTime:0.0000s ]

[ 2017-04-14T13:36:37+08:00 ] ::1 /htdocs/index.php/Manage/Index/checkPwd.html
INFO: [ app_begin ] --START--
INFO: Run Behavior\ReadHtmlCacheBehavior [ RunTime:0.000000s ]
INFO: [ app_begin ] --END-- [ RunTime:0.001000s ]
SQL: SHOW COLUMNS FROM `db_manage` [ RunTime:0.0080s ]
SQL: SELECT `password` FROM `db_manage` WHERE `account` = '666' LIMIT 1   [ RunTime:0.0000s ]

[ 2017-04-14T13:36:49+08:00 ] ::1 /htdocs/index.php/Manage/Index/checkPwd.html
INFO: [ app_begin ] --START--
INFO: Run Behavior\ReadHtmlCacheBehavior [ RunTime:0.000000s ]
INFO: [ app_begin ] --END-- [ RunTime:0.001000s ]
SQL: SHOW COLUMNS FROM `db_manage` [ RunTime:0.0080s ]
SQL: SELECT `password` FROM `db_manage` WHERE `account` = '666' LIMIT 1   [ RunTime:0.0000s ]

[ 2017-04-14T13:37:15+08:00 ] ::1 /htdocs/index.php/Manage/Login/check_code.html?code=72kj
INFO: [ app_begin ] --START--
INFO: Run Behavior\ReadHtmlCacheBehavior [ RunTime:0.001000s ]
INFO: [ app_begin ] --END-- [ RunTime:0.002000s ]

[ 2017-04-14T13:38:24+08:00 ] ::1 /htdocs/index.php/Manage/Index/checkPwd.html
INFO: [ app_begin ] --START--
INFO: Run Behavior\ReadHtmlCacheBehavior [ RunTime:0.000000s ]
INFO: [ app_begin ] --END-- [ RunTime:0.001000s ]
SQL: SHOW COLUMNS FROM `db_manage` [ RunTime:0.0080s ]
SQL: SELECT `password` FROM `db_manage` WHERE `account` = '666' LIMIT 1   [ RunTime:0.0000s ]

[ 2017-04-14T13:38:27+08:00 ] ::1 /htdocs/index.php/Manage/Index/checkPwd.html
INFO: [ app_begin ] --START--
INFO: Run Behavior\ReadHtmlCacheBehavior [ RunTime:0.000000s ]
INFO: [ app_begin ] --END-- [ RunTime:0.000000s ]
SQL: SHOW COLUMNS FROM `db_manage` [ RunTime:0.0050s ]
SQL: SELECT `password` FROM `db_manage` WHERE `account` = '666' LIMIT 1   [ RunTime:0.0000s ]

[ 2017-04-14T13:39:05+08:00 ] ::1 /htdocs/index.php/Manage/Index/checkPwd.html
INFO: [ app_begin ] --START--
INFO: Run Behavior\ReadHtmlCacheBehavior [ RunTime:0.000000s ]
INFO: [ app_begin ] --END-- [ RunTime:0.000000s ]
SQL: SHOW COLUMNS FROM `db_manage` [ RunTime:0.0090s ]
SQL: SELECT `password` FROM `db_manage` WHERE `account` = '666' LIMIT 1   [ RunTime:0.0010s ]

[ 2017-04-14T13:39:17+08:00 ] ::1 /htdocs/index.php/Manage/Index/checkPwd.html
INFO: [ app_begin ] --START--
INFO: Run Behavior\ReadHtmlCacheBehavior [ RunTime:0.000000s ]
INFO: [ app_begin ] --END-- [ RunTime:0.001000s ]
SQL: SHOW COLUMNS FROM `db_manage` [ RunTime:0.0030s ]
SQL: SELECT `password` FROM `db_manage` WHERE `account` = '666' LIMIT 1   [ RunTime:0.0000s ]

[ 2017-04-14T13:39:19+08:00 ] ::1 /htdocs/index.php/Manage/Index/checkPwd.html
INFO: [ app_begin ] --START--
INFO: Run Behavior\ReadHtmlCacheBehavior [ RunTime:0.000000s ]
INFO: [ app_begin ] --END-- [ RunTime:0.000000s ]
SQL: SHOW COLUMNS FROM `db_manage` [ RunTime:0.0090s ]
SQL: SELECT `password` FROM `db_manage` WHERE `account` = '666' LIMIT 1   [ RunTime:0.0010s ]

[ 2017-04-14T13:39:22+08:00 ] ::1 /htdocs/index.php/Manage/Index/checkPwd.html
INFO: [ app_begin ] --START--
INFO: Run Behavior\ReadHtmlCacheBehavior [ RunTime:0.001000s ]
INFO: [ app_begin ] --END-- [ RunTime:0.001000s ]
SQL: SHOW COLUMNS FROM `db_manage` [ RunTime:0.0060s ]
SQL: SELECT `password` FROM `db_manage` WHERE `account` = '666' LIMIT 1   [ RunTime:0.0010s ]

[ 2017-04-14T13:41:03+08:00 ] ::1 /htdocs/index.php/Manage/Login/check_code.html?code=bbsb
INFO: [ app_begin ] --START--
INFO: Run Behavior\ReadHtmlCacheBehavior [ RunTime:0.000000s ]
INFO: [ app_begin ] --END-- [ RunTime:0.001000s ]

[ 2017-04-14T15:57:31+08:00 ] ::1 /htdocs/index.php/Manage/News/index.html
ERR: 无法加载控制器:News

[ 2017-04-14T16:11:02+08:00 ] ::1 /htdocs/index.php/Manage/News/index.html
ERR: 无法加载控制器:News

[ 2017-04-14T16:46:56+08:00 ] ::1 /htdocs/index.php/Manage/Picture/edit.html
ERR: SQLSTATE[23000]: Integrity constraint violation: 1062 Duplicate entry '24' for key 'PRIMARY'

[ 2017-04-14T16:53:08+08:00 ] ::1 /htdocs/index.php/Manage/User/index.html
ERR: 无法加载控制器:User

