[ 2017-08-02T12:11:19+08:00 ] ::1 /luneng/index.php/Manage/Login/check_code.html?code=sjf8
INFO: [ app_begin ] --START--
INFO: Run Behavior\ReadHtmlCacheBehavior [ RunTime:0.001000s ]
INFO: [ app_begin ] --END-- [ RunTime:0.002000s ]

[ 2017-08-02T12:11:21+08:00 ] ::1 /luneng/index.php/Manage/Login/index.html
ERR: SQLSTATE[42S02]: Base table or view not found: 1146 Table 'paydemo.db_manage' doesn't exist

[ 2017-08-02T12:12:56+08:00 ] ::1 /luneng/index.php/Manage/Role/index.html
NOTIC: D方法实例化没找到模型类manage\Model\RoleModel

[ 2017-08-02T13:12:46+08:00 ] ::1 /luneng/index.php/Manage/Role/index.html
NOTIC: D方法实例化没找到模型类manage\Model\RoleModel

[ 2017-08-02T13:13:34+08:00 ] ::1 /luneng/index.php/Manage/Role/index.html
NOTIC: D方法实例化没找到模型类manage\Model\RoleModel

[ 2017-08-02T13:15:44+08:00 ] ::1 /luneng/index.php/Manage/Role/index.html
NOTIC: D方法实例化没找到模型类manage\Model\RoleModel

[ 2017-08-02T13:16:00+08:00 ] ::1 /luneng/index.php/Manage/Role/index.html
NOTIC: D方法实例化没找到模型类manage\Model\RoleModel

[ 2017-08-02T13:16:10+08:00 ] ::1 /luneng/index.php/Manage/Role/index.html
NOTIC: D方法实例化没找到模型类manage\Model\RoleModel

[ 2017-08-02T13:16:14+08:00 ] ::1 /luneng/index.php/Manage/Role/index/p/2.html
NOTIC: D方法实例化没找到模型类manage\Model\RoleModel

[ 2017-08-02T13:16:15+08:00 ] ::1 /luneng/index.php/Manage/Role/index/p/4.html
NOTIC: D方法实例化没找到模型类manage\Model\RoleModel

[ 2017-08-02T13:16:22+08:00 ] ::1 /luneng/index.php/Manage/Role/index.html
NOTIC: D方法实例化没找到模型类manage\Model\RoleModel

[ 2017-08-02T13:16:37+08:00 ] ::1 /luneng/index.php/Manage/Role/index.html
NOTIC: D方法实例化没找到模型类manage\Model\RoleModel

[ 2017-08-02T13:35:11+08:00 ] ::1 /luneng/index.php/Manage/Order/index.html
ERR: 无法加载控制器:Order

[ 2017-08-02T13:48:49+08:00 ] ::1 /luneng/index.php/Manage/Role/index.html
NOTIC: D方法实例化没找到模型类manage\Model\RoleModel

