[ 2017-05-18T08:23:39+08:00 ] ::1 /htdocs/index.php/Manage/Login/check_code.html?code=f5is
INFO: [ app_begin ] --START--
INFO: Run Behavior\ReadHtmlCacheBehavior [ RunTime:0.001000s ]
INFO: [ app_begin ] --END-- [ RunTime:0.001000s ]

[ 2017-05-18T08:41:58+08:00 ] ::1 /htdocs/index.php/Manage/News/ajax.php
ERR: 非法操作:ajax.php

[ 2017-05-18T08:49:07+08:00 ] ::1 /htdocs/index.php/Manage/News/ajax.php
ERR: 非法操作:ajax.php

[ 2017-05-18T10:56:17+08:00 ] ::1 /htdocs/index.php/Manage/Login/check_code.html?code=xyhv
INFO: [ app_begin ] --START--
INFO: Run Behavior\ReadHtmlCacheBehavior [ RunTime:0.001000s ]
INFO: [ app_begin ] --END-- [ RunTime:0.001000s ]

[ 2017-05-18T11:13:42+08:00 ] ::1 /htdocs/index.php/Manage/News/undefined
ERR: 非法操作:undefined

[ 2017-05-18T11:14:40+08:00 ] ::1 /htdocs/index.php/Manage/News/undefined
ERR: 非法操作:undefined

[ 2017-05-18T11:18:41+08:00 ] ::1 /htdocs/index.php/Manage/News/undefined
ERR: 非法操作:undefined

[ 2017-05-18T11:19:02+08:00 ] ::1 /htdocs/index.php/Manage/News/undefined
ERR: 非法操作:undefined

[ 2017-05-18T11:23:25+08:00 ] ::1 /htdocs/index.php/Manage/News/undefined
ERR: 非法操作:undefined

[ 2017-05-18T13:21:31+08:00 ] ::1 /htdocs/index.php/Manage/News/undefined
ERR: 非法操作:undefined

[ 2017-05-18T13:22:45+08:00 ] ::1 /htdocs/index.php/Manage/News/undefined
ERR: 非法操作:undefined

[ 2017-05-18T13:27:25+08:00 ] ::1 /htdocs/index.php/Manage/News/undefined
ERR: 非法操作:undefined

[ 2017-05-18T13:27:40+08:00 ] ::1 /htdocs/index.php/Manage/News/undefined
ERR: 非法操作:undefined

[ 2017-05-18T14:17:12+08:00 ] ::1 /htdocs/index.php/Manage/News/undefined
ERR: 非法操作:undefined

[ 2017-05-18T14:17:44+08:00 ] ::1 /htdocs/index.php/Manage/News/undefined
ERR: 非法操作:undefined

[ 2017-05-18T14:18:22+08:00 ] ::1 /htdocs/index.php/Manage/News/undefined
ERR: 非法操作:undefined

[ 2017-05-18T14:19:05+08:00 ] ::1 /htdocs/index.php/Manage/News/undefined
ERR: 非法操作:undefined

[ 2017-05-18T14:19:49+08:00 ] ::1 /htdocs/index.php/Manage/News/undefined
ERR: 非法操作:undefined

[ 2017-05-18T14:21:00+08:00 ] ::1 /htdocs/index.php/Manage/News/undefined
ERR: 非法操作:undefined

[ 2017-05-18T14:22:15+08:00 ] ::1 /htdocs/index.php/Manage/News/undefined
ERR: 非法操作:undefined

[ 2017-05-18T14:25:43+08:00 ] ::1 /htdocs/index.php/Manage/News/undefined
ERR: 非法操作:undefined

[ 2017-05-18T14:27:52+08:00 ] ::1 /htdocs/index.php/Manage/News/undefined
ERR: 非法操作:undefined

[ 2017-05-18T14:31:49+08:00 ] ::1 /htdocs/index.php/Manage/News/undefined
ERR: 非法操作:undefined

[ 2017-05-18T14:33:43+08:00 ] ::1 /htdocs/index.php/Manage/News/undefined
ERR: 非法操作:undefined

[ 2017-05-18T14:35:01+08:00 ] ::1 /htdocs/index.php/Manage/News/undefined
ERR: 非法操作:undefined

[ 2017-05-18T14:37:08+08:00 ] ::1 /htdocs/index.php/Manage/News/undefined
ERR: 非法操作:undefined

[ 2017-05-18T14:37:33+08:00 ] ::1 /htdocs/index.php/Manage/News/undefined
ERR: 非法操作:undefined

