[ 2017-08-29T08:22:04+08:00 ] ::1 /web/index.php/Manage/Login/check_code.html?code=yvyd
INFO: [ app_begin ] --START--
INFO: Run Behavior\ReadHtmlCacheBehavior [ RunTime:0.000000s ]
INFO: [ app_begin ] --END-- [ RunTime:0.000000s ]

[ 2017-08-29T08:22:21+08:00 ] ::1 /web/index.php/Manage/Login/check_code.html?code=kdfv
INFO: [ app_begin ] --START--
INFO: Run Behavior\ReadHtmlCacheBehavior [ RunTime:0.000000s ]
INFO: [ app_begin ] --END-- [ RunTime:0.000000s ]

[ 2017-08-29T08:26:24+08:00 ] ::1 /web/index.php/Manage/Video/index.html
ERR: 无法加载控制器:Video

[ 2017-08-29T08:44:07+08:00 ] ::1 /web/index.php/Manage/Video/index.html
ERR: 无法加载控制器:Video

[ 2017-08-29T08:45:32+08:00 ] ::1 /web/index.php/Manage/Video/index.html
ERR: 模板不存在:./App/Manage/View/Video/index.html

[ 2017-08-29T09:38:34+08:00 ] ::1 /web/index.php/Manage/Book/index.html
ERR: 无法加载控制器:Book

[ 2017-08-29T09:39:06+08:00 ] ::1 /web/index.php/Manage/Book/index.html
ERR: 无法加载控制器:Book

[ 2017-08-29T09:39:07+08:00 ] ::1 /web/index.php/Manage/Book/index.html
ERR: 无法加载控制器:Book

[ 2017-08-29T09:39:14+08:00 ] ::1 /web/index.php/Manage/Book/index.html
ERR: 无法加载控制器:Book

[ 2017-08-29T10:08:30+08:00 ] ::1 /web/index.php/Manage/Login/check_code.html?code=sfub
INFO: [ app_begin ] --START--
INFO: Run Behavior\ReadHtmlCacheBehavior [ RunTime:0.000000s ]
INFO: [ app_begin ] --END-- [ RunTime:0.000000s ]

[ 2017-08-29T10:08:32+08:00 ] ::1 /web/index.php/Manage/Login/check_code.html?code=sfun
INFO: [ app_begin ] --START--
INFO: Run Behavior\ReadHtmlCacheBehavior [ RunTime:0.000000s ]
INFO: [ app_begin ] --END-- [ RunTime:0.000000s ]

[ 2017-08-29T10:10:10+08:00 ] ::1 /web/index.php/Manage/Video/addVideo.html
NOTIC: D方法实例化没找到模型类manage\Model\PrivilegeModel
ERR: Think\Model:getTree方法不存在！

[ 2017-08-29T13:42:51+08:00 ] 127.0.0.1 /index.php/Manage/Login/check_code.html?code=3fij
INFO: [ app_begin ] --START--
INFO: Run Behavior\ReadHtmlCacheBehavior [ RunTime:0.001000s ]
INFO: [ app_begin ] --END-- [ RunTime:0.002000s ]

[ 2017-08-29T13:42:54+08:00 ] 127.0.0.1 /index.php/Manage/Login/check_code.html?code=3ftj
INFO: [ app_begin ] --START--
INFO: Run Behavior\ReadHtmlCacheBehavior [ RunTime:0.001000s ]
INFO: [ app_begin ] --END-- [ RunTime:0.002000s ]

[ 2017-08-29T13:42:54+08:00 ] 127.0.0.1 /index.php/Manage/Login/check_code.html?code=3ftj
INFO: [ app_begin ] --START--
INFO: Run Behavior\ReadHtmlCacheBehavior [ RunTime:0.001000s ]
INFO: [ app_begin ] --END-- [ RunTime:0.001000s ]

[ 2017-08-29T13:43:05+08:00 ] 127.0.0.1 /index.php/Manage/Login/check_code.html?code=qtrs
INFO: [ app_begin ] --START--
INFO: Run Behavior\ReadHtmlCacheBehavior [ RunTime:0.001000s ]
INFO: [ app_begin ] --END-- [ RunTime:0.003000s ]

[ 2017-08-29T14:34:21+08:00 ] 127.0.0.1 /index.php/Manage/News/index.html
ERR: SQLSTATE[42S02]: Base table or view not found: 1146 Table 'tengfang.db_news_type' doesn't exist

[ 2017-08-29T14:36:28+08:00 ] 127.0.0.1 /index.php/Manage/Role/index.html
NOTIC: D方法实例化没找到模型类manage\Model\RoleModel

[ 2017-08-29T14:36:58+08:00 ] 127.0.0.1 /index.php/Manage/Admin/ajaxUpdateStatus/id/32
INFO: [ app_begin ] --START--
INFO: Run Behavior\ReadHtmlCacheBehavior [ RunTime:0.000000s ]
INFO: [ app_begin ] --END-- [ RunTime:0.002000s ]
SQL: SHOW COLUMNS FROM `db_manage` [ RunTime:0.0110s ]
SQL: SELECT * FROM `db_manage` WHERE `id` = 32 LIMIT 1   [ RunTime:0.0010s ]
SQL: UPDATE `db_manage` SET `status`='0' WHERE `id` = '32' [ RunTime:0.0270s ]
INFO: [ app_end ] --START--
INFO: Run Behavior\ShowPageTraceBehavior [ RunTime:0.001000s ]
INFO: [ app_end ] --END-- [ RunTime:0.002000s ]

[ 2017-08-29T14:37:01+08:00 ] 127.0.0.1 /index.php/Manage/Admin/ajaxUpdateStatus/id/33
INFO: [ app_begin ] --START--
INFO: Run Behavior\ReadHtmlCacheBehavior [ RunTime:0.001000s ]
INFO: [ app_begin ] --END-- [ RunTime:0.001000s ]
SQL: SHOW COLUMNS FROM `db_manage` [ RunTime:0.0040s ]
SQL: SELECT * FROM `db_manage` WHERE `id` = 33 LIMIT 1   [ RunTime:0.0000s ]
SQL: UPDATE `db_manage` SET `status`='0' WHERE `id` = '33' [ RunTime:0.0322s ]
INFO: [ app_end ] --START--
INFO: Run Behavior\ShowPageTraceBehavior [ RunTime:0.000000s ]
INFO: [ app_end ] --END-- [ RunTime:0.000000s ]

[ 2017-08-29T14:37:03+08:00 ] 127.0.0.1 /index.php/Manage/Admin/ajaxUpdateStatus/id/34
INFO: [ app_begin ] --START--
INFO: Run Behavior\ReadHtmlCacheBehavior [ RunTime:0.001000s ]
INFO: [ app_begin ] --END-- [ RunTime:0.002000s ]
SQL: SHOW COLUMNS FROM `db_manage` [ RunTime:0.0120s ]
SQL: SELECT * FROM `db_manage` WHERE `id` = 34 LIMIT 1   [ RunTime:0.0010s ]
SQL: UPDATE `db_manage` SET `status`='0' WHERE `id` = '34' [ RunTime:0.0250s ]
INFO: [ app_end ] --START--
INFO: Run Behavior\ShowPageTraceBehavior [ RunTime:0.001000s ]
INFO: [ app_end ] --END-- [ RunTime:0.001000s ]

[ 2017-08-29T14:39:20+08:00 ] 127.0.0.1 /index.php/Manage/Role/index.html
NOTIC: D方法实例化没找到模型类manage\Model\RoleModel

[ 2017-08-29T14:41:30+08:00 ] 127.0.0.1 /index.php/Manage/Protect/index.html
ERR: 无法加载控制器:Protect

[ 2017-08-29T14:41:40+08:00 ] 127.0.0.1 /index.php/Manage/Product/index.html
ERR: SQLSTATE[42S02]: Base table or view not found: 1146 Table 'tengfang.db_product_content' doesn't exist

