[ 2017-04-19T08:12:43+08:00 ] ::1 /htdocs/index.php/Manage/Login/check_code.html?code=mbhy
INFO: [ app_begin ] --START--
INFO: Run Behavior\ReadHtmlCacheBehavior [ RunTime:0.001000s ]
INFO: [ app_begin ] --END-- [ RunTime:0.002000s ]

[ 2017-04-19T08:12:46+08:00 ] ::1 /htdocs/index.php/Manage/Login/check_code.html?code=mbhv
INFO: [ app_begin ] --START--
INFO: Run Behavior\ReadHtmlCacheBehavior [ RunTime:0.001000s ]
INFO: [ app_begin ] --END-- [ RunTime:0.002000s ]

[ 2017-04-19T08:12:53+08:00 ] ::1 /htdocs/index.php/Manage/Login/check_code.html?code=mrhv
INFO: [ app_begin ] --START--
INFO: Run Behavior\ReadHtmlCacheBehavior [ RunTime:0.001000s ]
INFO: [ app_begin ] --END-- [ RunTime:0.001000s ]

[ 2017-04-19T10:52:44+08:00 ] ::1 /htdocs/index.php/Manage/Order/index.html
ERR: 无法加载控制器:Order

[ 2017-04-19T12:03:00+08:00 ] ::1 /htdocs/index.php/Manage/Order/index.html
ERR: 无法加载控制器:Order

[ 2017-04-19T14:06:15+08:00 ] ::1 /htdocs/index.php/Manage/Login/check_code.html?code=bpia
INFO: [ app_begin ] --START--
INFO: Run Behavior\ReadHtmlCacheBehavior [ RunTime:0.001000s ]
INFO: [ app_begin ] --END-- [ RunTime:0.001000s ]

[ 2017-04-19T14:06:24+08:00 ] ::1 /htdocs/index.php/Manage/Login/check_code.html?code=8pia
INFO: [ app_begin ] --START--
INFO: Run Behavior\ReadHtmlCacheBehavior [ RunTime:0.002000s ]
INFO: [ app_begin ] --END-- [ RunTime:0.003000s ]

[ 2017-04-19T14:06:30+08:00 ] ::1 /htdocs/index.php/Manage/Login/check_code.html?code=yg2r
INFO: [ app_begin ] --START--
INFO: Run Behavior\ReadHtmlCacheBehavior [ RunTime:0.001000s ]
INFO: [ app_begin ] --END-- [ RunTime:0.001000s ]

[ 2017-04-19T14:48:52+08:00 ] ::1 /htdocs/index.php/Manage/News/upload.php
INFO: [ app_begin ] --START--
INFO: Run Behavior\ReadHtmlCacheBehavior [ RunTime:0.000000s ]
INFO: [ app_begin ] --END-- [ RunTime:0.001000s ]
ERR: 非法操作:upload.php

[ 2017-04-19T14:48:55+08:00 ] ::1 /htdocs/index.php/Manage/News/upload.php
INFO: [ app_begin ] --START--
INFO: Run Behavior\ReadHtmlCacheBehavior [ RunTime:0.001000s ]
INFO: [ app_begin ] --END-- [ RunTime:0.001000s ]
ERR: 非法操作:upload.php

[ 2017-04-19T14:49:08+08:00 ] ::1 /htdocs/index.php/Manage/News/upload.php
INFO: [ app_begin ] --START--
INFO: Run Behavior\ReadHtmlCacheBehavior [ RunTime:0.001000s ]
INFO: [ app_begin ] --END-- [ RunTime:0.001000s ]
ERR: 非法操作:upload.php

[ 2017-04-19T14:50:25+08:00 ] ::1 /htdocs/index.php/Manage/News/upload.php
INFO: [ app_begin ] --START--
INFO: Run Behavior\ReadHtmlCacheBehavior [ RunTime:0.001000s ]
INFO: [ app_begin ] --END-- [ RunTime:0.001000s ]
ERR: 非法操作:upload.php

[ 2017-04-19T14:50:46+08:00 ] ::1 /htdocs/index.php/Manage/News/upload.php
INFO: [ app_begin ] --START--
INFO: Run Behavior\ReadHtmlCacheBehavior [ RunTime:0.001000s ]
INFO: [ app_begin ] --END-- [ RunTime:0.001000s ]
ERR: 非法操作:upload.php

[ 2017-04-19T15:22:29+08:00 ] ::1 /htdocs/index.php/Manage/News/uploads
INFO: [ app_begin ] --START--
INFO: Run Behavior\ReadHtmlCacheBehavior [ RunTime:0.001000s ]
INFO: [ app_begin ] --END-- [ RunTime:0.001000s ]
ERR: 非法操作:uploads

[ 2017-04-19T16:04:44+08:00 ] ::1 /htdocs/index.php/Manage/News/uploads
INFO: [ app_begin ] --START--
INFO: Run Behavior\ReadHtmlCacheBehavior [ RunTime:0.000000s ]
INFO: [ app_begin ] --END-- [ RunTime:0.000000s ]
ERR: 非法操作:uploads

[ 2017-04-19T16:07:43+08:00 ] ::1 /htdocs/index.php/Manage/Order/index.html
ERR: 无法加载控制器:Order

[ 2017-04-19T16:15:25+08:00 ] ::1 /htdocs/index.php/Manage/Login/check_code.html?code=vbnr
INFO: [ app_begin ] --START--
INFO: Run Behavior\ReadHtmlCacheBehavior [ RunTime:0.000000s ]
INFO: [ app_begin ] --END-- [ RunTime:0.000000s ]

[ 2017-04-19T16:39:15+08:00 ] ::1 /htdocs/index.php/Manage/News/delPic.html?pic_id=8
INFO: [ app_begin ] --START--
INFO: Run Behavior\ReadHtmlCacheBehavior [ RunTime:0.001000s ]
INFO: [ app_begin ] --END-- [ RunTime:0.001000s ]
SQL: SHOW COLUMNS FROM `db_news_picture` [ RunTime:0.0070s ]

[ 2017-04-19T16:40:25+08:00 ] ::1 /htdocs/index.php/Manage/News/delPic.html?pic_id=8
INFO: [ app_begin ] --START--
INFO: Run Behavior\ReadHtmlCacheBehavior [ RunTime:0.001000s ]
INFO: [ app_begin ] --END-- [ RunTime:0.001000s ]

[ 2017-04-19T16:42:12+08:00 ] ::1 /htdocs/index.php/Manage/News/delPic.html?pic_id=8
INFO: [ app_begin ] --START--
INFO: Run Behavior\ReadHtmlCacheBehavior [ RunTime:0.001000s ]
INFO: [ app_begin ] --END-- [ RunTime:0.001000s ]

[ 2017-04-19T16:49:57+08:00 ] ::1 /htdocs/index.php/Manage/News/delPic.html?pic_id=8
INFO: [ app_begin ] --START--
INFO: Run Behavior\ReadHtmlCacheBehavior [ RunTime:0.001000s ]
INFO: [ app_begin ] --END-- [ RunTime:0.001000s ]

[ 2017-04-19T16:52:36+08:00 ] ::1 /htdocs/index.php/Manage/News/delPic.html?pic_id=8
INFO: [ app_begin ] --START--
INFO: Run Behavior\ReadHtmlCacheBehavior [ RunTime:0.000000s ]
INFO: [ app_begin ] --END-- [ RunTime:0.000000s ]

[ 2017-04-19T16:52:50+08:00 ] ::1 /htdocs/index.php/Manage/News/delPic.html?pic_id=8
INFO: [ app_begin ] --START--
INFO: Run Behavior\ReadHtmlCacheBehavior [ RunTime:0.000000s ]
INFO: [ app_begin ] --END-- [ RunTime:0.001000s ]

[ 2017-04-19T16:52:57+08:00 ] ::1 /htdocs/index.php/Manage/News/delPic.html?pic_id=8
INFO: [ app_begin ] --START--
INFO: Run Behavior\ReadHtmlCacheBehavior [ RunTime:0.000000s ]
INFO: [ app_begin ] --END-- [ RunTime:0.001000s ]

[ 2017-04-19T16:53:29+08:00 ] ::1 /htdocs/index.php/Manage/News/delPic.html
INFO: [ app_begin ] --START--
INFO: Run Behavior\ReadHtmlCacheBehavior [ RunTime:0.000000s ]
INFO: [ app_begin ] --END-- [ RunTime:0.001000s ]
NOTIC: [8] Undefined index: pic_id D:\xampp\htdocs\htdocs\App\Manage\Controller\NewsController.class.php 第 90 行.
NOTIC: [8] Undefined index: pic_id D:\xampp\htdocs\htdocs\App\Manage\Controller\NewsController.class.php 第 91 行.

[ 2017-04-19T16:53:33+08:00 ] ::1 /htdocs/index.php/Manage/News/delPic.html
INFO: [ app_begin ] --START--
INFO: Run Behavior\ReadHtmlCacheBehavior [ RunTime:0.000000s ]
INFO: [ app_begin ] --END-- [ RunTime:0.001000s ]
NOTIC: [8] Undefined index: pic_id D:\xampp\htdocs\htdocs\App\Manage\Controller\NewsController.class.php 第 90 行.
NOTIC: [8] Undefined index: pic_id D:\xampp\htdocs\htdocs\App\Manage\Controller\NewsController.class.php 第 91 行.

[ 2017-04-19T16:53:42+08:00 ] ::1 /htdocs/index.php/Manage/News/delPic.html
INFO: [ app_begin ] --START--
INFO: Run Behavior\ReadHtmlCacheBehavior [ RunTime:0.000000s ]
INFO: [ app_begin ] --END-- [ RunTime:0.000000s ]
NOTIC: [8] Undefined index: pic_id D:\xampp\htdocs\htdocs\App\Manage\Controller\NewsController.class.php 第 90 行.
NOTIC: [8] Undefined index: pic_id D:\xampp\htdocs\htdocs\App\Manage\Controller\NewsController.class.php 第 91 行.

[ 2017-04-19T16:58:50+08:00 ] ::1 /htdocs/index.php/Manage/News/delPic.html
INFO: [ app_begin ] --START--
INFO: Run Behavior\ReadHtmlCacheBehavior [ RunTime:0.001000s ]
INFO: [ app_begin ] --END-- [ RunTime:0.001000s ]
NOTIC: [8] Undefined index: pic_id D:\xampp\htdocs\htdocs\App\Manage\Controller\NewsController.class.php 第 90 行.
NOTIC: [8] Undefined index: pic_id D:\xampp\htdocs\htdocs\App\Manage\Controller\NewsController.class.php 第 91 行.

[ 2017-04-19T16:58:53+08:00 ] ::1 /htdocs/index.php/Manage/News/delPic.html
INFO: [ app_begin ] --START--
INFO: Run Behavior\ReadHtmlCacheBehavior [ RunTime:0.000000s ]
INFO: [ app_begin ] --END-- [ RunTime:0.000000s ]
NOTIC: [8] Undefined index: pic_id D:\xampp\htdocs\htdocs\App\Manage\Controller\NewsController.class.php 第 90 行.
NOTIC: [8] Undefined index: pic_id D:\xampp\htdocs\htdocs\App\Manage\Controller\NewsController.class.php 第 91 行.

[ 2017-04-19T17:01:00+08:00 ] ::1 /htdocs/index.php/Manage/News/delPic.html
INFO: [ app_begin ] --START--
INFO: Run Behavior\ReadHtmlCacheBehavior [ RunTime:0.001000s ]
INFO: [ app_begin ] --END-- [ RunTime:0.001000s ]
NOTIC: [8] Undefined index: pic_id D:\xampp\htdocs\htdocs\App\Manage\Controller\NewsController.class.php 第 90 行.
NOTIC: [8] Undefined index: pic_id D:\xampp\htdocs\htdocs\App\Manage\Controller\NewsController.class.php 第 91 行.

[ 2017-04-19T17:01:03+08:00 ] ::1 /htdocs/index.php/Manage/News/delPic.html
INFO: [ app_begin ] --START--
INFO: Run Behavior\ReadHtmlCacheBehavior [ RunTime:0.000000s ]
INFO: [ app_begin ] --END-- [ RunTime:0.001000s ]
NOTIC: [8] Undefined index: pic_id D:\xampp\htdocs\htdocs\App\Manage\Controller\NewsController.class.php 第 90 行.
NOTIC: [8] Undefined index: pic_id D:\xampp\htdocs\htdocs\App\Manage\Controller\NewsController.class.php 第 91 行.

