[ 2017-05-05T08:33:33+08:00 ] ::1 /htdocs/index.php/Manage/Login/login
ERR: 非法操作:login

[ 2017-05-05T08:34:15+08:00 ] ::1 /htdocs/index.php/Manage/Login/check_code.html?code=7j0a
INFO: [ app_begin ] --START--
INFO: Run Behavior\ReadHtmlCacheBehavior [ RunTime:0.001000s ]
INFO: [ app_begin ] --END-- [ RunTime:0.002000s ]

[ 2017-05-05T08:34:18+08:00 ] ::1 /htdocs/index.php/Manage/Login/check_code.html?code=7joa
INFO: [ app_begin ] --START--
INFO: Run Behavior\ReadHtmlCacheBehavior [ RunTime:0.001000s ]
INFO: [ app_begin ] --END-- [ RunTime:0.002000s ]

[ 2017-05-05T08:34:22+08:00 ] ::1 /htdocs/index.php/Manage/Login/check_code.html?code=7j0a
INFO: [ app_begin ] --START--
INFO: Run Behavior\ReadHtmlCacheBehavior [ RunTime:0.000000s ]
INFO: [ app_begin ] --END-- [ RunTime:0.001000s ]

[ 2017-05-05T08:34:24+08:00 ] ::1 /htdocs/index.php/Manage/Login/check_code.html?code=7joa
INFO: [ app_begin ] --START--
INFO: Run Behavior\ReadHtmlCacheBehavior [ RunTime:0.001000s ]
INFO: [ app_begin ] --END-- [ RunTime:0.002000s ]

[ 2017-05-05T08:34:26+08:00 ] ::1 /htdocs/index.php/Manage/Login/check_code.html?code=7jqa
INFO: [ app_begin ] --START--
INFO: Run Behavior\ReadHtmlCacheBehavior [ RunTime:0.001000s ]
INFO: [ app_begin ] --END-- [ RunTime:0.002000s ]

[ 2017-05-05T08:34:33+08:00 ] ::1 /htdocs/index.php/Manage/Login/check_code.html?code=k5vy
INFO: [ app_begin ] --START--
INFO: Run Behavior\ReadHtmlCacheBehavior [ RunTime:0.001000s ]
INFO: [ app_begin ] --END-- [ RunTime:0.002000s ]

