[ 2017-04-20T07:57:56+08:00 ] ::1 /htdocs/index.php/Manage/Login/login
ERR: 非法操作:login

[ 2017-04-20T07:58:12+08:00 ] ::1 /htdocs/index.php/Manage/Login/check_code.html?code=nmmg
INFO: [ app_begin ] --START--
INFO: Run Behavior\ReadHtmlCacheBehavior [ RunTime:0.001000s ]
INFO: [ app_begin ] --END-- [ RunTime:0.001000s ]

[ 2017-04-20T09:00:58+08:00 ] ::1 /htdocs/index.php/Manage/News/delPic.html
INFO: [ app_begin ] --START--
INFO: Run Behavior\ReadHtmlCacheBehavior [ RunTime:0.000000s ]
INFO: [ app_begin ] --END-- [ RunTime:0.000000s ]
NOTIC: [8] Undefined index: pic_id D:\xampp\htdocs\htdocs\App\Manage\Controller\NewsController.class.php 第 90 行.
NOTIC: [8] Undefined index: pic_id D:\xampp\htdocs\htdocs\App\Manage\Controller\NewsController.class.php 第 91 行.

[ 2017-04-20T09:05:37+08:00 ] ::1 /htdocs/index.php/Manage/News/delPic.html
INFO: [ app_begin ] --START--
INFO: Run Behavior\ReadHtmlCacheBehavior [ RunTime:0.000000s ]
INFO: [ app_begin ] --END-- [ RunTime:0.000000s ]
NOTIC: [8] Undefined index: pic_id D:\xampp\htdocs\htdocs\App\Manage\Controller\NewsController.class.php 第 90 行.
NOTIC: [8] Undefined index: pic_id D:\xampp\htdocs\htdocs\App\Manage\Controller\NewsController.class.php 第 91 行.

[ 2017-04-20T09:05:42+08:00 ] ::1 /htdocs/index.php/Manage/News/delPic.html
INFO: [ app_begin ] --START--
INFO: Run Behavior\ReadHtmlCacheBehavior [ RunTime:0.001000s ]
INFO: [ app_begin ] --END-- [ RunTime:0.001000s ]
NOTIC: [8] Undefined index: pic_id D:\xampp\htdocs\htdocs\App\Manage\Controller\NewsController.class.php 第 90 行.
NOTIC: [8] Undefined index: pic_id D:\xampp\htdocs\htdocs\App\Manage\Controller\NewsController.class.php 第 91 行.

[ 2017-04-20T09:06:27+08:00 ] ::1 /htdocs/index.php/Manage/News/delPic.html
INFO: [ app_begin ] --START--
INFO: Run Behavior\ReadHtmlCacheBehavior [ RunTime:0.001000s ]
INFO: [ app_begin ] --END-- [ RunTime:0.001000s ]
NOTIC: [8] Undefined index: pic_id D:\xampp\htdocs\htdocs\App\Manage\Controller\NewsController.class.php 第 90 行.
NOTIC: [8] Undefined index: pic_id D:\xampp\htdocs\htdocs\App\Manage\Controller\NewsController.class.php 第 91 行.

[ 2017-04-20T09:06:32+08:00 ] ::1 /htdocs/index.php/Manage/News/delPic.html
INFO: [ app_begin ] --START--
INFO: Run Behavior\ReadHtmlCacheBehavior [ RunTime:0.000000s ]
INFO: [ app_begin ] --END-- [ RunTime:0.001000s ]
NOTIC: [8] Undefined index: pic_id D:\xampp\htdocs\htdocs\App\Manage\Controller\NewsController.class.php 第 90 行.
NOTIC: [8] Undefined index: pic_id D:\xampp\htdocs\htdocs\App\Manage\Controller\NewsController.class.php 第 91 行.

[ 2017-04-20T09:07:10+08:00 ] ::1 /htdocs/index.php/Manage/News/delPic.html?pic_id=8
INFO: [ app_begin ] --START--
INFO: Run Behavior\ReadHtmlCacheBehavior [ RunTime:0.001000s ]
INFO: [ app_begin ] --END-- [ RunTime:0.001000s ]

[ 2017-04-20T09:07:14+08:00 ] ::1 /htdocs/index.php/Manage/News/delPic.html?pic_id=9
INFO: [ app_begin ] --START--
INFO: Run Behavior\ReadHtmlCacheBehavior [ RunTime:0.000000s ]
INFO: [ app_begin ] --END-- [ RunTime:0.001000s ]

[ 2017-04-20T09:10:15+08:00 ] ::1 /htdocs/index.php/Manage/News/delPic.html?pic_id=4
INFO: [ app_begin ] --START--
INFO: Run Behavior\ReadHtmlCacheBehavior [ RunTime:0.000000s ]
INFO: [ app_begin ] --END-- [ RunTime:0.001000s ]
SQL: SHOW COLUMNS FROM `db_news_picture` [ RunTime:0.0080s ]
SQL: DELETE FROM `db_news_picture` WHERE `id` = 4 [ RunTime:0.0070s ]

[ 2017-04-20T09:14:57+08:00 ] ::1 /htdocs/index.php/Manage/News/delPic.html?pic_id=8
INFO: [ app_begin ] --START--
INFO: Run Behavior\ReadHtmlCacheBehavior [ RunTime:0.001000s ]
INFO: [ app_begin ] --END-- [ RunTime:0.001000s ]
SQL: SHOW COLUMNS FROM `db_news_picture` [ RunTime:0.0100s ]
SQL: DELETE FROM `db_news_picture` WHERE `id` = 8 [ RunTime:0.0220s ]

[ 2017-04-20T09:15:21+08:00 ] ::1 /htdocs/index.php/Manage/News/delPic.html?pic_id=5
INFO: [ app_begin ] --START--
INFO: Run Behavior\ReadHtmlCacheBehavior [ RunTime:0.001000s ]
INFO: [ app_begin ] --END-- [ RunTime:0.001000s ]
SQL: SHOW COLUMNS FROM `db_news_picture` [ RunTime:0.0090s ]
SQL: DELETE FROM `db_news_picture` WHERE `id` = 5 [ RunTime:0.0070s ]

[ 2017-04-20T09:18:02+08:00 ] ::1 /htdocs/index.php/Manage/News/delPic.html?pic_id=6
INFO: [ app_begin ] --START--
INFO: Run Behavior\ReadHtmlCacheBehavior [ RunTime:0.001000s ]
INFO: [ app_begin ] --END-- [ RunTime:0.001000s ]

[ 2017-04-20T09:18:22+08:00 ] ::1 /htdocs/index.php/Manage/News/delPic.html?pic_id=6
INFO: [ app_begin ] --START--
INFO: Run Behavior\ReadHtmlCacheBehavior [ RunTime:0.000000s ]
INFO: [ app_begin ] --END-- [ RunTime:0.001000s ]

[ 2017-04-20T09:18:50+08:00 ] ::1 /htdocs/index.php/Manage/News/delPic.html?pic_id=6
INFO: [ app_begin ] --START--
INFO: Run Behavior\ReadHtmlCacheBehavior [ RunTime:0.001000s ]
INFO: [ app_begin ] --END-- [ RunTime:0.001000s ]

[ 2017-04-20T09:20:38+08:00 ] ::1 /htdocs/index.php/Manage/News/delPic.html?pic_id=6
INFO: [ app_begin ] --START--
INFO: Run Behavior\ReadHtmlCacheBehavior [ RunTime:0.001000s ]
INFO: [ app_begin ] --END-- [ RunTime:0.001000s ]
SQL: SHOW COLUMNS FROM `db_news_picture` [ RunTime:0.0080s ]
SQL: DELETE FROM `db_news_picture` WHERE `id` = 6 [ RunTime:0.0180s ]

[ 2017-04-20T09:58:38+08:00 ] ::1 /htdocs/index.php/Manage/News/delPic.html?pic_id=10
INFO: [ app_begin ] --START--
INFO: Run Behavior\ReadHtmlCacheBehavior [ RunTime:0.000000s ]
INFO: [ app_begin ] --END-- [ RunTime:0.001000s ]
SQL: SHOW COLUMNS FROM `db_news_picture` [ RunTime:0.0050s ]
SQL: DELETE FROM `db_news_picture` WHERE `id` = 10 [ RunTime:0.0160s ]

[ 2017-04-20T10:02:42+08:00 ] ::1 /htdocs/index.php/Manage/News/delPic.html?pic_id=14
INFO: [ app_begin ] --START--
INFO: Run Behavior\ReadHtmlCacheBehavior [ RunTime:0.000000s ]
INFO: [ app_begin ] --END-- [ RunTime:0.002000s ]
SQL: SHOW COLUMNS FROM `db_news_picture` [ RunTime:0.0100s ]
SQL: DELETE FROM `db_news_picture` WHERE `id` = 14 [ RunTime:0.0230s ]

[ 2017-04-20T10:08:31+08:00 ] ::1 /htdocs/index.php/Manage/News/delPic.html?pic_id=11
INFO: [ app_begin ] --START--
INFO: Run Behavior\ReadHtmlCacheBehavior [ RunTime:0.001000s ]
INFO: [ app_begin ] --END-- [ RunTime:0.001000s ]
SQL: SHOW COLUMNS FROM `db_news_picture` [ RunTime:0.0130s ]
SQL: DELETE FROM `db_news_picture` WHERE `id` = 11 [ RunTime:0.0070s ]

[ 2017-04-20T14:01:12+08:00 ] ::1 /htdocs/index.php/Manage/News/delPic.html?pic_id=13
INFO: [ app_begin ] --START--
INFO: Run Behavior\ReadHtmlCacheBehavior [ RunTime:0.001000s ]
INFO: [ app_begin ] --END-- [ RunTime:0.001000s ]
SQL: SHOW COLUMNS FROM `db_news_picture` [ RunTime:0.0240s ]
SQL: DELETE FROM `db_news_picture` WHERE `id` = 13 [ RunTime:0.0200s ]

[ 2017-04-20T14:20:31+08:00 ] ::1 /htdocs/index.php/Manage/News/delPic.html?pic_id=19
INFO: [ app_begin ] --START--
INFO: Run Behavior\ReadHtmlCacheBehavior [ RunTime:0.001000s ]
INFO: [ app_begin ] --END-- [ RunTime:0.001000s ]
SQL: SHOW COLUMNS FROM `db_news_picture` [ RunTime:0.0080s ]
SQL: DELETE FROM `db_news_picture` WHERE `id` = 19 [ RunTime:0.0060s ]

[ 2017-04-20T14:20:35+08:00 ] ::1 /htdocs/index.php/Manage/News/delPic.html?pic_id=18
INFO: [ app_begin ] --START--
INFO: Run Behavior\ReadHtmlCacheBehavior [ RunTime:0.001000s ]
INFO: [ app_begin ] --END-- [ RunTime:0.001000s ]
SQL: SHOW COLUMNS FROM `db_news_picture` [ RunTime:0.0070s ]
SQL: DELETE FROM `db_news_picture` WHERE `id` = 18 [ RunTime:0.0060s ]

[ 2017-04-20T14:26:44+08:00 ] ::1 /htdocs/index.php/Manage/News/delPic.html?pic_id=12
INFO: [ app_begin ] --START--
INFO: Run Behavior\ReadHtmlCacheBehavior [ RunTime:0.001000s ]
INFO: [ app_begin ] --END-- [ RunTime:0.001000s ]
SQL: SHOW COLUMNS FROM `db_news_picture` [ RunTime:0.0080s ]
SQL: DELETE FROM `db_news_picture` WHERE `id` = 12 [ RunTime:0.0220s ]

[ 2017-04-20T14:27:59+08:00 ] ::1 /htdocs/index.php/Manage/News/delPic.html?pic_id=15
INFO: [ app_begin ] --START--
INFO: Run Behavior\ReadHtmlCacheBehavior [ RunTime:0.001000s ]
INFO: [ app_begin ] --END-- [ RunTime:0.002000s ]
SQL: SHOW COLUMNS FROM `db_news_picture` [ RunTime:0.0030s ]
SQL: DELETE FROM `db_news_picture` WHERE `id` = 15 [ RunTime:0.0030s ]

[ 2017-04-20T14:28:09+08:00 ] ::1 /htdocs/index.php/Manage/News/delPic.html?pic_id=16
INFO: [ app_begin ] --START--
INFO: Run Behavior\ReadHtmlCacheBehavior [ RunTime:0.001000s ]
INFO: [ app_begin ] --END-- [ RunTime:0.002000s ]
SQL: SHOW COLUMNS FROM `db_news_picture` [ RunTime:0.0070s ]
SQL: DELETE FROM `db_news_picture` WHERE `id` = 16 [ RunTime:0.0210s ]

[ 2017-04-20T14:51:31+08:00 ] ::1 /htdocs/index.php/Manage/Role/index.html
NOTIC: D方法实例化没找到模型类manage\Model\RoleModel

[ 2017-04-20T14:51:39+08:00 ] ::1 /htdocs/index.php/Manage/Order/index.html
ERR: 无法加载控制器:Order

[ 2017-04-20T14:52:17+08:00 ] ::1 /htdocs/index.php/Manage/Order/index.html
ERR: 无法加载控制器:Order

[ 2017-04-20T14:58:05+08:00 ] ::1 /htdocs/index.php/Manage/News/delPic.html?pic_id=17
INFO: [ app_begin ] --START--
INFO: Run Behavior\ReadHtmlCacheBehavior [ RunTime:0.001000s ]
INFO: [ app_begin ] --END-- [ RunTime:0.001000s ]
SQL: SHOW COLUMNS FROM `db_news_picture` [ RunTime:0.0080s ]
SQL: DELETE FROM `db_news_picture` WHERE `id` = 17 [ RunTime:0.0230s ]

[ 2017-04-20T14:58:11+08:00 ] ::1 /htdocs/index.php/Manage/News/delPic.html?pic_id=20
INFO: [ app_begin ] --START--
INFO: Run Behavior\ReadHtmlCacheBehavior [ RunTime:0.000000s ]
INFO: [ app_begin ] --END-- [ RunTime:0.001000s ]
SQL: SHOW COLUMNS FROM `db_news_picture` [ RunTime:0.0080s ]
SQL: DELETE FROM `db_news_picture` WHERE `id` = 20 [ RunTime:0.0230s ]

